<?xml version="1.0" encoding="UTF-8"?>
<robot generator="Robot 5.0.1 (Python 3.8.2 on win32)" generated="20220905 11:32:49.113" rpa="false" schemaversion="3">
<suite id="s1" name="Tests" source="C:\Users\Laura\Documents\Programa de Bolsas Compass.UOL\RoboTron_LauraGehrke_DesafioFinal\tests">
<suite id="s1-s1" name="Carrinhos Tests" source="C:\Users\Laura\Documents\Programa de Bolsas Compass.UOL\RoboTron_LauraGehrke_DesafioFinal\tests\carrinhos_tests.robot">
<kw name="Criar Sessão" library="commons" type="SETUP">
<kw name="Create Session" library="RequestsLibrary">
<arg>serverest</arg>
<arg>${base_uri}</arg>
<doc>Create Session: create a HTTP session to a server</doc>
<msg timestamp="20220905 11:32:49.987" level="INFO">Creating Session using : alias=serverest, url=http://localhost:3000/, headers={},                     cookies={}, auth=None, timeout=None, proxies=None, verify=False,                     debug=0 </msg>
<status status="PASS" starttime="20220905 11:32:49.986" endtime="20220905 11:32:49.987"/>
</kw>
<status status="PASS" starttime="20220905 11:32:49.985" endtime="20220905 11:32:49.987"/>
</kw>
<test id="s1-s1-t1" name="TC 31: Listar carrinhos 200" line="9">
<kw name="GET Endpoint /carrinhos" library="carrinhos_kw">
<kw name="GET On Session" library="RequestsLibrary">
<var>${response}</var>
<arg>serverest</arg>
<arg>/carrinhos</arg>
<doc>Sends a GET request on a previously created HTTP Session.</doc>
<msg timestamp="20220905 11:32:50.003" level="INFO">GET Request : url=http://localhost:3000/carrinhos 
 path_url=/carrinhos 
 headers={'User-Agent': 'python-requests/2.28.1', 'Accept-Encoding': 'gzip, deflate', 'Accept': '*/*', 'Connection': 'keep-alive'} 
 body=None 
 </msg>
<msg timestamp="20220905 11:32:50.003" level="INFO">GET Response : url=http://localhost:3000/carrinhos 
 status=200, reason=OK 
 headers={'Access-Control-Allow-Origin': '*', 'x-dns-prefetch-control': 'off', 'x-frame-options': 'SAMEORIGIN', 'strict-transport-security': 'max-age=15552000; includeSubDomains', 'x-download-options': 'noopen', 'x-content-type-options': 'nosniff', 'x-xss-protection': '1; mode=block', 'x-moesif-transaction-id': '84b1215d-3887-41ea-92e9-4faf2254db8e', 'Content-Type': 'application/json; charset=utf-8', 'Content-Length': '1142', 'Date': 'Mon, 05 Sep 2022 14:32:50 GMT', 'Connection': 'keep-alive', 'Keep-Alive': 'timeout=5'} 
 body={
    "quantidade": 2,
    "carrinhos": [
        {
            "produtos": [
                {
                    "idProduto": "BeeJh5lz3k6kSIzA",
                    "quantidade": 1,
                    "precoUnitario": 470
                },
                {
                    "idProduto": "K6leHdftCeOJj8BJ",
                    "quantidade": 1,
                    "precoUnitario": 5240
                }
            ],
            "precoTotal": 5710,
            "quantidadeTotal": 2,
            "idUsuario": "jIGnJrllFqYxinob",
            "_id": "qC138s3PLIgzJ9X5"
        },
        {
            "produtos": [
                {
                    "idProduto": "BeeJh5lz3k6kSIzA",
                    "quantidade": 2,
                    "precoUnitario": 470
                },
                {
                    "idProduto": "K6leHdftCeOJj8BJ",
                    "quantidade": 1,
                    "precoUnitario": 5240
                }
            ],
            "precoTotal": 6180,
            "quantidadeTotal": 3,
            "idUsuario": "oUb7aGkMtSEPf6BZ",
            "_id": "qbMqntef4iTOwWfg"
        }
    ]
} 
 </msg>
<msg timestamp="20220905 11:32:50.004" level="INFO">${response} = &lt;Response [200]&gt;</msg>
<status status="PASS" starttime="20220905 11:32:49.989" endtime="20220905 11:32:50.004"/>
</kw>
<kw name="Set Global Variable" library="BuiltIn">
<arg>${response}</arg>
<doc>Makes a variable available globally in all tests and suites.</doc>
<msg timestamp="20220905 11:32:50.005" level="INFO">${response} = &lt;Response [200]&gt;</msg>
<status status="PASS" starttime="20220905 11:32:50.004" endtime="20220905 11:32:50.005"/>
</kw>
<status status="PASS" starttime="20220905 11:32:49.989" endtime="20220905 11:32:50.005"/>
</kw>
<kw name="Validar Status Code &quot;200&quot;" library="commons" sourcename="Validar Status Code &quot;${status_code}&quot;">
<kw name="Should Be True" library="BuiltIn">
<arg>${response.status_code} == ${status_code}</arg>
<doc>Fails if the given condition is not true.</doc>
<status status="PASS" starttime="20220905 11:32:50.006" endtime="20220905 11:32:50.008"/>
</kw>
<status status="PASS" starttime="20220905 11:32:50.006" endtime="20220905 11:32:50.008"/>
</kw>
<kw name="Mostrar Conteúdo da Resposta" library="commons">
<kw name="Log To Console" library="BuiltIn">
<arg>Resposta: ${response.content}</arg>
<doc>Logs the given message to the console.</doc>
<status status="PASS" starttime="20220905 11:32:50.009" endtime="20220905 11:32:50.014"/>
</kw>
<status status="PASS" starttime="20220905 11:32:50.009" endtime="20220905 11:32:50.014"/>
</kw>
<tag>tc31</tag>
<status status="PASS" starttime="20220905 11:32:49.988" endtime="20220905 11:32:50.015"/>
</test>
<test id="s1-s1-t2" name="TC 32: Cadastrar carrinho 201" line="15">
<kw name="Selecionar Login &quot;user_valido&quot;" library="login_kw" sourcename="Selecionar Login &quot;${val}&quot;">
<kw name="Importar JSON Estático" library="commons">
<var>${json}</var>
<arg>json_login.json</arg>
<kw name="Get File" library="OperatingSystem">
<var>${arquivo}</var>
<arg>${EXECDIR}/support/fixture/${nome_arquivo}</arg>
<doc>Returns the contents of a specified file.</doc>
<msg timestamp="20220905 11:32:50.024" level="INFO" html="true">Getting file '&lt;a href="file://C:\Users\Laura\Documents\Programa de Bolsas Compass.UOL\RoboTron_LauraGehrke_DesafioFinal\support\fixture\json_login.json"&gt;C:\Users\Laura\Documents\Programa de Bolsas Compass.UOL\RoboTron_LauraGehrke_DesafioFinal\support\fixture\json_login.json&lt;/a&gt;'.</msg>
<msg timestamp="20220905 11:32:50.025" level="INFO">${arquivo} = {
    "user_valido": {
        "email": "fulano@qa.com",
        "password": "teste"
    },
    "user_invalido": {
        "email": "email@inexistente.com",
        "password": "teste321"
    },
    "...</msg>
<status status="PASS" starttime="20220905 11:32:50.024" endtime="20220905 11:32:50.025"/>
</kw>
<kw name="Evaluate" library="BuiltIn">
<var>${data}</var>
<arg>json.loads('''${arquivo}''')</arg>
<arg>json</arg>
<doc>Evaluates the given expression in Python and returns the result.</doc>
<msg timestamp="20220905 11:32:50.025" level="INFO">${data} = {'user_valido': {'email': 'fulano@qa.com', 'password': 'teste'}, 'user_invalido': {'email': 'email@inexistente.com', 'password': 'teste321'}, 'user_senha_errada': {'email': 'fulano@qa.com', 'password'...</msg>
<status status="PASS" starttime="20220905 11:32:50.025" endtime="20220905 11:32:50.025"/>
</kw>
<msg timestamp="20220905 11:32:50.026" level="INFO">${json} = {'user_valido': {'email': 'fulano@qa.com', 'password': 'teste'}, 'user_invalido': {'email': 'email@inexistente.com', 'password': 'teste321'}, 'user_senha_errada': {'email': 'fulano@qa.com', 'password'...</msg>
<status status="PASS" starttime="20220905 11:32:50.023" endtime="20220905 11:32:50.026"/>
</kw>
<kw name="Set Variable" library="BuiltIn">
<var>${payload}</var>
<arg>${json["${val}"]}</arg>
<doc>Returns the given values which can then be assigned to a variables.</doc>
<msg timestamp="20220905 11:32:50.027" level="INFO">${payload} = {'email': 'fulano@qa.com', 'password': 'teste'}</msg>
<status status="PASS" starttime="20220905 11:32:50.026" endtime="20220905 11:32:50.027"/>
</kw>
<kw name="Set Global Variable" library="BuiltIn">
<arg>${payload}</arg>
<doc>Makes a variable available globally in all tests and suites.</doc>
<msg timestamp="20220905 11:32:50.029" level="INFO">${payload} = {'email': 'fulano@qa.com', 'password': 'teste'}</msg>
<status status="PASS" starttime="20220905 11:32:50.028" endtime="20220905 11:32:50.029"/>
</kw>
<status status="PASS" starttime="20220905 11:32:50.022" endtime="20220905 11:32:50.029"/>
</kw>
<kw name="POST Endpoint /login" library="login_kw">
<kw name="POST On Session" library="RequestsLibrary">
<var>${response}</var>
<arg>serverest</arg>
<arg>/login</arg>
<arg>json=&amp;{payload}</arg>
<arg>expected_status=any</arg>
<doc>Sends a POST request on a previously created HTTP Session.</doc>
<msg timestamp="20220905 11:32:50.037" level="INFO">POST Request : url=http://localhost:3000/login 
 path_url=/login 
 headers={'User-Agent': 'python-requests/2.28.1', 'Accept-Encoding': 'gzip, deflate', 'Accept': '*/*', 'Connection': 'keep-alive', 'Content-Length': '47', 'Content-Type': 'application/json'} 
 body=b'{"email": "fulano@qa.com", "password": "teste"}' 
 </msg>
<msg timestamp="20220905 11:32:50.038" level="INFO">POST Response : url=http://localhost:3000/login 
 status=200, reason=OK 
 headers={'Access-Control-Allow-Origin': '*', 'x-dns-prefetch-control': 'off', 'x-frame-options': 'SAMEORIGIN', 'strict-transport-security': 'max-age=15552000; includeSubDomains', 'x-download-options': 'noopen', 'x-content-type-options': 'nosniff', 'x-xss-protection': '1; mode=block', 'x-moesif-transaction-id': '5b402a91-df50-4736-9450-338de6770bab', 'Content-Type': 'application/json; charset=utf-8', 'Content-Length': '265', 'Date': 'Mon, 05 Sep 2022 14:32:50 GMT', 'Connection': 'keep-alive', 'Keep-Alive': 'timeout=5'} 
 body={
    "message": "Login realizado com sucesso",
    "authorization": "Bearer eyJhbGciOiJIUzI1NiIsInR5cCI6IkpXVCJ9.eyJlbWFpbCI6ImZ1bGFub0BxYS5jb20iLCJwYXNzd29yZCI6InRlc3RlIiwiaWF0IjoxNjYyMzg4MzcwLCJleHAiOjE2NjIzODg5NzB9.v1gopRggXnCIGdtsewW7SfmXfOcgvXp7e9lIHFrKhHk"
} 
 </msg>
<msg timestamp="20220905 11:32:50.038" level="INFO">${response} = &lt;Response [200]&gt;</msg>
<status status="PASS" starttime="20220905 11:32:50.031" endtime="20220905 11:32:50.038"/>
</kw>
<kw name="Log To Console" library="BuiltIn">
<arg>Response: ${response.content}</arg>
<doc>Logs the given message to the console.</doc>
<status status="PASS" starttime="20220905 11:32:50.038" endtime="20220905 11:32:50.039"/>
</kw>
<kw name="Set Global Variable" library="BuiltIn">
<arg>${response}</arg>
<doc>Makes a variable available globally in all tests and suites.</doc>
<msg timestamp="20220905 11:32:50.040" level="INFO">${response} = &lt;Response [200]&gt;</msg>
<status status="PASS" starttime="20220905 11:32:50.040" endtime="20220905 11:32:50.041"/>
</kw>
<status status="PASS" starttime="20220905 11:32:50.031" endtime="20220905 11:32:50.041"/>
</kw>
<kw name="Guardar Token" library="login_kw">
<kw name="Set Variable" library="BuiltIn">
<var>${token}</var>
<arg>${response.json()["authorization"]}</arg>
<doc>Returns the given values which can then be assigned to a variables.</doc>
<msg timestamp="20220905 11:32:50.043" level="INFO">${token} = Bearer eyJhbGciOiJIUzI1NiIsInR5cCI6IkpXVCJ9.eyJlbWFpbCI6ImZ1bGFub0BxYS5jb20iLCJwYXNzd29yZCI6InRlc3RlIiwiaWF0IjoxNjYyMzg4MzcwLCJleHAiOjE2NjIzODg5NzB9.v1gopRggXnCIGdtsewW7SfmXfOcgvXp7e9lIHFrKhHk</msg>
<status status="PASS" starttime="20220905 11:32:50.042" endtime="20220905 11:32:50.043"/>
</kw>
<kw name="Set Global Variable" library="BuiltIn">
<arg>${token}</arg>
<doc>Makes a variable available globally in all tests and suites.</doc>
<msg timestamp="20220905 11:32:50.044" level="INFO">${token} = Bearer eyJhbGciOiJIUzI1NiIsInR5cCI6IkpXVCJ9.eyJlbWFpbCI6ImZ1bGFub0BxYS5jb20iLCJwYXNzd29yZCI6InRlc3RlIiwiaWF0IjoxNjYyMzg4MzcwLCJleHAiOjE2NjIzODg5NzB9.v1gopRggXnCIGdtsewW7SfmXfOcgvXp7e9lIHFrKhHk</msg>
<status status="PASS" starttime="20220905 11:32:50.043" endtime="20220905 11:32:50.044"/>
</kw>
<status status="PASS" starttime="20220905 11:32:50.042" endtime="20220905 11:32:50.044"/>
</kw>
<kw name="Criar carrinho" library="carrinhos_kw">
<kw name="Importar JSON Estático" library="commons">
<var>${json}</var>
<arg>json_carrinhos.json</arg>
<kw name="Get File" library="OperatingSystem">
<var>${arquivo}</var>
<arg>${EXECDIR}/support/fixture/${nome_arquivo}</arg>
<doc>Returns the contents of a specified file.</doc>
<msg timestamp="20220905 11:32:50.047" level="INFO" html="true">Getting file '&lt;a href="file://C:\Users\Laura\Documents\Programa de Bolsas Compass.UOL\RoboTron_LauraGehrke_DesafioFinal\support\fixture\json_carrinhos.json"&gt;C:\Users\Laura\Documents\Programa de Bolsas Compass.UOL\RoboTron_LauraGehrke_DesafioFinal\support\fixture\json_carrinhos.json&lt;/a&gt;'.</msg>
<msg timestamp="20220905 11:32:50.047" level="INFO">${arquivo} = {
    "produtos": [
        {
            "idProduto": "BeeJh5lz3k6kSIzA",
            "quantidade": 1
        },
        {
            "idProduto": "K6leHdftCeOJj8BJ",
            "quantidade": 1
   ...</msg>
<status status="PASS" starttime="20220905 11:32:50.046" endtime="20220905 11:32:50.047"/>
</kw>
<kw name="Evaluate" library="BuiltIn">
<var>${data}</var>
<arg>json.loads('''${arquivo}''')</arg>
<arg>json</arg>
<doc>Evaluates the given expression in Python and returns the result.</doc>
<msg timestamp="20220905 11:32:50.048" level="INFO">${data} = {'produtos': [{'idProduto': 'BeeJh5lz3k6kSIzA', 'quantidade': 1}, {'idProduto': 'K6leHdftCeOJj8BJ', 'quantidade': 1}]}</msg>
<status status="PASS" starttime="20220905 11:32:50.047" endtime="20220905 11:32:50.048"/>
</kw>
<msg timestamp="20220905 11:32:50.048" level="INFO">${json} = {'produtos': [{'idProduto': 'BeeJh5lz3k6kSIzA', 'quantidade': 1}, {'idProduto': 'K6leHdftCeOJj8BJ', 'quantidade': 1}]}</msg>
<status status="PASS" starttime="20220905 11:32:50.046" endtime="20220905 11:32:50.048"/>
</kw>
<kw name="Set Variable" library="BuiltIn">
<var>${payload}</var>
<arg>${json}</arg>
<doc>Returns the given values which can then be assigned to a variables.</doc>
<msg timestamp="20220905 11:32:50.049" level="INFO">${payload} = {'produtos': [{'idProduto': 'BeeJh5lz3k6kSIzA', 'quantidade': 1}, {'idProduto': 'K6leHdftCeOJj8BJ', 'quantidade': 1}]}</msg>
<status status="PASS" starttime="20220905 11:32:50.048" endtime="20220905 11:32:50.049"/>
</kw>
<kw name="Set Global Variable" library="BuiltIn">
<arg>${payload}</arg>
<doc>Makes a variable available globally in all tests and suites.</doc>
<msg timestamp="20220905 11:32:50.050" level="INFO">${payload} = {'produtos': [{'idProduto': 'BeeJh5lz3k6kSIzA', 'quantidade': 1}, {'idProduto': 'K6leHdftCeOJj8BJ', 'quantidade': 1}]}</msg>
<status status="PASS" starttime="20220905 11:32:50.050" endtime="20220905 11:32:50.050"/>
</kw>
<status status="PASS" starttime="20220905 11:32:50.044" endtime="20220905 11:32:50.051"/>
</kw>
<kw name="POST Endpoint /carrinhos" library="carrinhos_kw">
<kw name="Create Dictionary" library="BuiltIn">
<var>&amp;{header}</var>
<arg>Authorization=${token}</arg>
<doc>Creates and returns a dictionary based on the given ``items``.</doc>
<msg timestamp="20220905 11:32:50.052" level="INFO">&amp;{header} = { Authorization=Bearer eyJhbGciOiJIUzI1NiIsInR5cCI6IkpXVCJ9.eyJlbWFpbCI6ImZ1bGFub0BxYS5jb20iLCJwYXNzd29yZCI6InRlc3RlIiwiaWF0IjoxNjYyMzg4MzcwLCJleHAiOjE2NjIzODg5NzB9.v1gopRggXnCIGdtsewW7SfmXfOcgvXp7e9l...</msg>
<status status="PASS" starttime="20220905 11:32:50.051" endtime="20220905 11:32:50.052"/>
</kw>
<kw name="POST On Session" library="RequestsLibrary">
<var>${response}</var>
<arg>serverest</arg>
<arg>/carrinhos</arg>
<arg>json=&amp;{payload}</arg>
<arg>expected_status=any</arg>
<arg>headers=&amp;{header}</arg>
<doc>Sends a POST request on a previously created HTTP Session.</doc>
<msg timestamp="20220905 11:32:50.066" level="INFO">POST Request : url=http://localhost:3000/carrinhos 
 path_url=/carrinhos 
 headers={'User-Agent': 'python-requests/2.28.1', 'Accept-Encoding': 'gzip, deflate', 'Accept': '*/*', 'Connection': 'keep-alive', 'Authorization': 'Bearer eyJhbGciOiJIUzI1NiIsInR5cCI6IkpXVCJ9.eyJlbWFpbCI6ImZ1bGFub0BxYS5jb20iLCJwYXNzd29yZCI6InRlc3RlIiwiaWF0IjoxNjYyMzg4MzcwLCJleHAiOjE2NjIzODg5NzB9.v1gopRggXnCIGdtsewW7SfmXfOcgvXp7e9lIHFrKhHk', 'Content-Length': '118', 'Content-Type': 'application/json'} 
 body=b'{"produtos": [{"idProduto": "BeeJh5lz3k6kSIzA", "quantidade": 1}, {"idProduto": "K6leHdftCeOJj8BJ", "quantidade": 1}]}' 
 </msg>
<msg timestamp="20220905 11:32:50.066" level="INFO">POST Response : url=http://localhost:3000/carrinhos 
 status=201, reason=Created 
 headers={'Access-Control-Allow-Origin': '*', 'x-dns-prefetch-control': 'off', 'x-frame-options': 'SAMEORIGIN', 'strict-transport-security': 'max-age=15552000; includeSubDomains', 'x-download-options': 'noopen', 'x-content-type-options': 'nosniff', 'x-xss-protection': '1; mode=block', 'x-moesif-transaction-id': '149ee94d-d60f-4716-b717-31fe2292737d', 'Content-Type': 'application/json; charset=utf-8', 'Content-Length': '82', 'Date': 'Mon, 05 Sep 2022 14:32:50 GMT', 'Connection': 'keep-alive', 'Keep-Alive': 'timeout=5'} 
 body={
    "message": "Cadastro realizado com sucesso",
    "_id": "WrJxb5kyCmKNrQrb"
} 
 </msg>
<msg timestamp="20220905 11:32:50.067" level="INFO">${response} = &lt;Response [201]&gt;</msg>
<status status="PASS" starttime="20220905 11:32:50.052" endtime="20220905 11:32:50.067"/>
</kw>
<kw name="Log To Console" library="BuiltIn">
<arg>Resposta: ${response.content}</arg>
<doc>Logs the given message to the console.</doc>
<status status="PASS" starttime="20220905 11:32:50.067" endtime="20220905 11:32:50.069"/>
</kw>
<kw name="Set Global Variable" library="BuiltIn">
<arg>${response}</arg>
<doc>Makes a variable available globally in all tests and suites.</doc>
<msg timestamp="20220905 11:32:50.071" level="INFO">${response} = &lt;Response [201]&gt;</msg>
<status status="PASS" starttime="20220905 11:32:50.070" endtime="20220905 11:32:50.071"/>
</kw>
<status status="PASS" starttime="20220905 11:32:50.051" endtime="20220905 11:32:50.071"/>
</kw>
<kw name="Guardar ID" library="commons">
<kw name="Set Variable" library="BuiltIn">
<var>${id_guardado}</var>
<arg>${response.json()["_id"]}</arg>
<doc>Returns the given values which can then be assigned to a variables.</doc>
<msg timestamp="20220905 11:32:50.073" level="INFO">${id_guardado} = WrJxb5kyCmKNrQrb</msg>
<status status="PASS" starttime="20220905 11:32:50.072" endtime="20220905 11:32:50.073"/>
</kw>
<kw name="Log To Console" library="BuiltIn">
<arg>ID salvo: ${id_guardado}</arg>
<doc>Logs the given message to the console.</doc>
<status status="PASS" starttime="20220905 11:32:50.073" endtime="20220905 11:32:50.074"/>
</kw>
<kw name="Set Global Variable" library="BuiltIn">
<arg>${id_guardado}</arg>
<doc>Makes a variable available globally in all tests and suites.</doc>
<msg timestamp="20220905 11:32:50.075" level="INFO">${id_guardado} = WrJxb5kyCmKNrQrb</msg>
<status status="PASS" starttime="20220905 11:32:50.074" endtime="20220905 11:32:50.075"/>
</kw>
<status status="PASS" starttime="20220905 11:32:50.072" endtime="20220905 11:32:50.075"/>
</kw>
<kw name="Validar Status Code &quot;201&quot;" library="commons" sourcename="Validar Status Code &quot;${status_code}&quot;">
<kw name="Should Be True" library="BuiltIn">
<arg>${response.status_code} == ${status_code}</arg>
<doc>Fails if the given condition is not true.</doc>
<status status="PASS" starttime="20220905 11:32:50.076" endtime="20220905 11:32:50.079"/>
</kw>
<status status="PASS" starttime="20220905 11:32:50.076" endtime="20220905 11:32:50.080"/>
</kw>
<kw name="Validar Mensagem Contém &quot;sucesso&quot;" library="commons" sourcename="Validar Mensagem Contém &quot;${palavra}&quot;">
<kw name="Should Contain" library="BuiltIn">
<arg>${response.json()["message"]}</arg>
<arg>${palavra}</arg>
<doc>Fails if ``container`` does not contain ``item`` one or more times.</doc>
<status status="PASS" starttime="20220905 11:32:50.083" endtime="20220905 11:32:50.084"/>
</kw>
<status status="PASS" starttime="20220905 11:32:50.082" endtime="20220905 11:32:50.084"/>
</kw>
<kw name="DELETE Endpoint /carrinhos/cancelar-compra" library="carrinhos_kw">
<kw name="Create Dictionary" library="BuiltIn">
<var>&amp;{header}</var>
<arg>Authorization=${token}</arg>
<doc>Creates and returns a dictionary based on the given ``items``.</doc>
<msg timestamp="20220905 11:32:50.085" level="INFO">&amp;{header} = { Authorization=Bearer eyJhbGciOiJIUzI1NiIsInR5cCI6IkpXVCJ9.eyJlbWFpbCI6ImZ1bGFub0BxYS5jb20iLCJwYXNzd29yZCI6InRlc3RlIiwiaWF0IjoxNjYyMzg4MzcwLCJleHAiOjE2NjIzODg5NzB9.v1gopRggXnCIGdtsewW7SfmXfOcgvXp7e9l...</msg>
<status status="PASS" starttime="20220905 11:32:50.085" endtime="20220905 11:32:50.085"/>
</kw>
<kw name="DELETE On Session" library="RequestsLibrary">
<var>${response}</var>
<arg>serverest</arg>
<arg>/carrinhos/cancelar-compra/</arg>
<arg>expected_status=any</arg>
<arg>headers=&amp;{header}</arg>
<doc>Sends a DELETE request on a previously created HTTP Session.</doc>
<msg timestamp="20220905 11:32:50.092" level="INFO">DELETE Request : url=http://localhost:3000/carrinhos/cancelar-compra/ 
 path_url=/carrinhos/cancelar-compra/ 
 headers={'User-Agent': 'python-requests/2.28.1', 'Accept-Encoding': 'gzip, deflate', 'Accept': '*/*', 'Connection': 'keep-alive', 'Authorization': 'Bearer eyJhbGciOiJIUzI1NiIsInR5cCI6IkpXVCJ9.eyJlbWFpbCI6ImZ1bGFub0BxYS5jb20iLCJwYXNzd29yZCI6InRlc3RlIiwiaWF0IjoxNjYyMzg4MzcwLCJleHAiOjE2NjIzODg5NzB9.v1gopRggXnCIGdtsewW7SfmXfOcgvXp7e9lIHFrKhHk', 'Content-Length': '0'} 
 body=None 
 </msg>
<msg timestamp="20220905 11:32:50.092" level="INFO">DELETE Response : url=http://localhost:3000/carrinhos/cancelar-compra/ 
 status=200, reason=OK 
 headers={'Access-Control-Allow-Origin': '*', 'x-dns-prefetch-control': 'off', 'x-frame-options': 'SAMEORIGIN', 'strict-transport-security': 'max-age=15552000; includeSubDomains', 'x-download-options': 'noopen', 'x-content-type-options': 'nosniff', 'x-xss-protection': '1; mode=block', 'x-moesif-transaction-id': '990f9ade-9b30-4954-819e-58c88bd5ef2f', 'Content-Type': 'application/json; charset=utf-8', 'Content-Length': '86', 'Date': 'Mon, 05 Sep 2022 14:32:50 GMT', 'Connection': 'keep-alive', 'Keep-Alive': 'timeout=5'} 
 body={
    "message": "Registro excluído com sucesso. Estoque dos produtos reabastecido"
} 
 </msg>
<msg timestamp="20220905 11:32:50.093" level="INFO">${response} = &lt;Response [200]&gt;</msg>
<status status="PASS" starttime="20220905 11:32:50.085" endtime="20220905 11:32:50.093"/>
</kw>
<kw name="Log To Console" library="BuiltIn">
<arg>Response:${response.content}</arg>
<doc>Logs the given message to the console.</doc>
<status status="PASS" starttime="20220905 11:32:50.093" endtime="20220905 11:32:50.097"/>
</kw>
<kw name="Set Global Variable" library="BuiltIn">
<arg>${response}</arg>
<doc>Makes a variable available globally in all tests and suites.</doc>
<msg timestamp="20220905 11:32:50.098" level="INFO">${response} = &lt;Response [200]&gt;</msg>
<status status="PASS" starttime="20220905 11:32:50.098" endtime="20220905 11:32:50.098"/>
</kw>
<status status="PASS" starttime="20220905 11:32:50.084" endtime="20220905 11:32:50.098"/>
</kw>
<tag>tc32</tag>
<status status="PASS" starttime="20220905 11:32:50.017" endtime="20220905 11:32:50.099"/>
</test>
<test id="s1-s1-t3" name="TC 33: Cadastrar carrinho com usuário duplicado 400" line="27">
<kw name="Selecionar Login &quot;user_com_carrinho&quot;" library="login_kw" sourcename="Selecionar Login &quot;${val}&quot;">
<kw name="Importar JSON Estático" library="commons">
<var>${json}</var>
<arg>json_login.json</arg>
<kw name="Get File" library="OperatingSystem">
<var>${arquivo}</var>
<arg>${EXECDIR}/support/fixture/${nome_arquivo}</arg>
<doc>Returns the contents of a specified file.</doc>
<msg timestamp="20220905 11:32:50.105" level="INFO" html="true">Getting file '&lt;a href="file://C:\Users\Laura\Documents\Programa de Bolsas Compass.UOL\RoboTron_LauraGehrke_DesafioFinal\support\fixture\json_login.json"&gt;C:\Users\Laura\Documents\Programa de Bolsas Compass.UOL\RoboTron_LauraGehrke_DesafioFinal\support\fixture\json_login.json&lt;/a&gt;'.</msg>
<msg timestamp="20220905 11:32:50.105" level="INFO">${arquivo} = {
    "user_valido": {
        "email": "fulano@qa.com",
        "password": "teste"
    },
    "user_invalido": {
        "email": "email@inexistente.com",
        "password": "teste321"
    },
    "...</msg>
<status status="PASS" starttime="20220905 11:32:50.104" endtime="20220905 11:32:50.105"/>
</kw>
<kw name="Evaluate" library="BuiltIn">
<var>${data}</var>
<arg>json.loads('''${arquivo}''')</arg>
<arg>json</arg>
<doc>Evaluates the given expression in Python and returns the result.</doc>
<msg timestamp="20220905 11:32:50.106" level="INFO">${data} = {'user_valido': {'email': 'fulano@qa.com', 'password': 'teste'}, 'user_invalido': {'email': 'email@inexistente.com', 'password': 'teste321'}, 'user_senha_errada': {'email': 'fulano@qa.com', 'password'...</msg>
<status status="PASS" starttime="20220905 11:32:50.105" endtime="20220905 11:32:50.106"/>
</kw>
<msg timestamp="20220905 11:32:50.106" level="INFO">${json} = {'user_valido': {'email': 'fulano@qa.com', 'password': 'teste'}, 'user_invalido': {'email': 'email@inexistente.com', 'password': 'teste321'}, 'user_senha_errada': {'email': 'fulano@qa.com', 'password'...</msg>
<status status="PASS" starttime="20220905 11:32:50.104" endtime="20220905 11:32:50.106"/>
</kw>
<kw name="Set Variable" library="BuiltIn">
<var>${payload}</var>
<arg>${json["${val}"]}</arg>
<doc>Returns the given values which can then be assigned to a variables.</doc>
<msg timestamp="20220905 11:32:50.107" level="INFO">${payload} = {'email': 'monicag@gmail.com', 'password': 'senha22'}</msg>
<status status="PASS" starttime="20220905 11:32:50.106" endtime="20220905 11:32:50.107"/>
</kw>
<kw name="Set Global Variable" library="BuiltIn">
<arg>${payload}</arg>
<doc>Makes a variable available globally in all tests and suites.</doc>
<msg timestamp="20220905 11:32:50.108" level="INFO">${payload} = {'email': 'monicag@gmail.com', 'password': 'senha22'}</msg>
<status status="PASS" starttime="20220905 11:32:50.107" endtime="20220905 11:32:50.108"/>
</kw>
<status status="PASS" starttime="20220905 11:32:50.103" endtime="20220905 11:32:50.108"/>
</kw>
<kw name="POST Endpoint /login" library="login_kw">
<kw name="POST On Session" library="RequestsLibrary">
<var>${response}</var>
<arg>serverest</arg>
<arg>/login</arg>
<arg>json=&amp;{payload}</arg>
<arg>expected_status=any</arg>
<doc>Sends a POST request on a previously created HTTP Session.</doc>
<msg timestamp="20220905 11:32:50.119" level="INFO">POST Request : url=http://localhost:3000/login 
 path_url=/login 
 headers={'User-Agent': 'python-requests/2.28.1', 'Accept-Encoding': 'gzip, deflate', 'Accept': '*/*', 'Connection': 'keep-alive', 'Content-Length': '53', 'Content-Type': 'application/json'} 
 body=b'{"email": "monicag@gmail.com", "password": "senha22"}' 
 </msg>
<msg timestamp="20220905 11:32:50.119" level="INFO">POST Response : url=http://localhost:3000/login 
 status=200, reason=OK 
 headers={'Access-Control-Allow-Origin': '*', 'x-dns-prefetch-control': 'off', 'x-frame-options': 'SAMEORIGIN', 'strict-transport-security': 'max-age=15552000; includeSubDomains', 'x-download-options': 'noopen', 'x-content-type-options': 'nosniff', 'x-xss-protection': '1; mode=block', 'x-moesif-transaction-id': '3c29e7eb-1387-4a07-aa45-cc44039b6e47', 'Content-Type': 'application/json; charset=utf-8', 'Content-Length': '273', 'Date': 'Mon, 05 Sep 2022 14:32:50 GMT', 'Connection': 'keep-alive', 'Keep-Alive': 'timeout=5'} 
 body={
    "message": "Login realizado com sucesso",
    "authorization": "Bearer eyJhbGciOiJIUzI1NiIsInR5cCI6IkpXVCJ9.eyJlbWFpbCI6Im1vbmljYWdAZ21haWwuY29tIiwicGFzc3dvcmQiOiJzZW5oYTIyIiwiaWF0IjoxNjYyMzg4MzcwLCJleHAiOjE2NjIzODg5NzB9.x-mNstvWqZbUjhOI7ek2R5hmDdBAtOffdgf-y4e88u0"
} 
 </msg>
<msg timestamp="20220905 11:32:50.119" level="INFO">${response} = &lt;Response [200]&gt;</msg>
<status status="PASS" starttime="20220905 11:32:50.109" endtime="20220905 11:32:50.119"/>
</kw>
<kw name="Log To Console" library="BuiltIn">
<arg>Response: ${response.content}</arg>
<doc>Logs the given message to the console.</doc>
<status status="PASS" starttime="20220905 11:32:50.120" endtime="20220905 11:32:50.121"/>
</kw>
<kw name="Set Global Variable" library="BuiltIn">
<arg>${response}</arg>
<doc>Makes a variable available globally in all tests and suites.</doc>
<msg timestamp="20220905 11:32:50.123" level="INFO">${response} = &lt;Response [200]&gt;</msg>
<status status="PASS" starttime="20220905 11:32:50.122" endtime="20220905 11:32:50.124"/>
</kw>
<status status="PASS" starttime="20220905 11:32:50.109" endtime="20220905 11:32:50.125"/>
</kw>
<kw name="Guardar Token" library="login_kw">
<kw name="Set Variable" library="BuiltIn">
<var>${token}</var>
<arg>${response.json()["authorization"]}</arg>
<doc>Returns the given values which can then be assigned to a variables.</doc>
<msg timestamp="20220905 11:32:50.130" level="INFO">${token} = Bearer eyJhbGciOiJIUzI1NiIsInR5cCI6IkpXVCJ9.eyJlbWFpbCI6Im1vbmljYWdAZ21haWwuY29tIiwicGFzc3dvcmQiOiJzZW5oYTIyIiwiaWF0IjoxNjYyMzg4MzcwLCJleHAiOjE2NjIzODg5NzB9.x-mNstvWqZbUjhOI7ek2R5hmDdBAtOffdgf-y4e88u0</msg>
<status status="PASS" starttime="20220905 11:32:50.127" endtime="20220905 11:32:50.130"/>
</kw>
<kw name="Set Global Variable" library="BuiltIn">
<arg>${token}</arg>
<doc>Makes a variable available globally in all tests and suites.</doc>
<msg timestamp="20220905 11:32:50.131" level="INFO">${token} = Bearer eyJhbGciOiJIUzI1NiIsInR5cCI6IkpXVCJ9.eyJlbWFpbCI6Im1vbmljYWdAZ21haWwuY29tIiwicGFzc3dvcmQiOiJzZW5oYTIyIiwiaWF0IjoxNjYyMzg4MzcwLCJleHAiOjE2NjIzODg5NzB9.x-mNstvWqZbUjhOI7ek2R5hmDdBAtOffdgf-y4e88u0</msg>
<status status="PASS" starttime="20220905 11:32:50.130" endtime="20220905 11:32:50.131"/>
</kw>
<status status="PASS" starttime="20220905 11:32:50.125" endtime="20220905 11:32:50.131"/>
</kw>
<kw name="Criar carrinho" library="carrinhos_kw">
<kw name="Importar JSON Estático" library="commons">
<var>${json}</var>
<arg>json_carrinhos.json</arg>
<kw name="Get File" library="OperatingSystem">
<var>${arquivo}</var>
<arg>${EXECDIR}/support/fixture/${nome_arquivo}</arg>
<doc>Returns the contents of a specified file.</doc>
<msg timestamp="20220905 11:32:50.133" level="INFO" html="true">Getting file '&lt;a href="file://C:\Users\Laura\Documents\Programa de Bolsas Compass.UOL\RoboTron_LauraGehrke_DesafioFinal\support\fixture\json_carrinhos.json"&gt;C:\Users\Laura\Documents\Programa de Bolsas Compass.UOL\RoboTron_LauraGehrke_DesafioFinal\support\fixture\json_carrinhos.json&lt;/a&gt;'.</msg>
<msg timestamp="20220905 11:32:50.133" level="INFO">${arquivo} = {
    "produtos": [
        {
            "idProduto": "BeeJh5lz3k6kSIzA",
            "quantidade": 1
        },
        {
            "idProduto": "K6leHdftCeOJj8BJ",
            "quantidade": 1
   ...</msg>
<status status="PASS" starttime="20220905 11:32:50.132" endtime="20220905 11:32:50.133"/>
</kw>
<kw name="Evaluate" library="BuiltIn">
<var>${data}</var>
<arg>json.loads('''${arquivo}''')</arg>
<arg>json</arg>
<doc>Evaluates the given expression in Python and returns the result.</doc>
<msg timestamp="20220905 11:32:50.134" level="INFO">${data} = {'produtos': [{'idProduto': 'BeeJh5lz3k6kSIzA', 'quantidade': 1}, {'idProduto': 'K6leHdftCeOJj8BJ', 'quantidade': 1}]}</msg>
<status status="PASS" starttime="20220905 11:32:50.133" endtime="20220905 11:32:50.134"/>
</kw>
<msg timestamp="20220905 11:32:50.134" level="INFO">${json} = {'produtos': [{'idProduto': 'BeeJh5lz3k6kSIzA', 'quantidade': 1}, {'idProduto': 'K6leHdftCeOJj8BJ', 'quantidade': 1}]}</msg>
<status status="PASS" starttime="20220905 11:32:50.132" endtime="20220905 11:32:50.134"/>
</kw>
<kw name="Set Variable" library="BuiltIn">
<var>${payload}</var>
<arg>${json}</arg>
<doc>Returns the given values which can then be assigned to a variables.</doc>
<msg timestamp="20220905 11:32:50.134" level="INFO">${payload} = {'produtos': [{'idProduto': 'BeeJh5lz3k6kSIzA', 'quantidade': 1}, {'idProduto': 'K6leHdftCeOJj8BJ', 'quantidade': 1}]}</msg>
<status status="PASS" starttime="20220905 11:32:50.134" endtime="20220905 11:32:50.134"/>
</kw>
<kw name="Set Global Variable" library="BuiltIn">
<arg>${payload}</arg>
<doc>Makes a variable available globally in all tests and suites.</doc>
<msg timestamp="20220905 11:32:50.135" level="INFO">${payload} = {'produtos': [{'idProduto': 'BeeJh5lz3k6kSIzA', 'quantidade': 1}, {'idProduto': 'K6leHdftCeOJj8BJ', 'quantidade': 1}]}</msg>
<status status="PASS" starttime="20220905 11:32:50.135" endtime="20220905 11:32:50.135"/>
</kw>
<status status="PASS" starttime="20220905 11:32:50.131" endtime="20220905 11:32:50.135"/>
</kw>
<kw name="POST Endpoint /carrinhos" library="carrinhos_kw">
<kw name="Create Dictionary" library="BuiltIn">
<var>&amp;{header}</var>
<arg>Authorization=${token}</arg>
<doc>Creates and returns a dictionary based on the given ``items``.</doc>
<msg timestamp="20220905 11:32:50.137" level="INFO">&amp;{header} = { Authorization=Bearer eyJhbGciOiJIUzI1NiIsInR5cCI6IkpXVCJ9.eyJlbWFpbCI6Im1vbmljYWdAZ21haWwuY29tIiwicGFzc3dvcmQiOiJzZW5oYTIyIiwiaWF0IjoxNjYyMzg4MzcwLCJleHAiOjE2NjIzODg5NzB9.x-mNstvWqZbUjhOI7ek2R5hmDdB...</msg>
<status status="PASS" starttime="20220905 11:32:50.136" endtime="20220905 11:32:50.137"/>
</kw>
<kw name="POST On Session" library="RequestsLibrary">
<var>${response}</var>
<arg>serverest</arg>
<arg>/carrinhos</arg>
<arg>json=&amp;{payload}</arg>
<arg>expected_status=any</arg>
<arg>headers=&amp;{header}</arg>
<doc>Sends a POST request on a previously created HTTP Session.</doc>
<msg timestamp="20220905 11:32:50.146" level="INFO">POST Request : url=http://localhost:3000/carrinhos 
 path_url=/carrinhos 
 headers={'User-Agent': 'python-requests/2.28.1', 'Accept-Encoding': 'gzip, deflate', 'Accept': '*/*', 'Connection': 'keep-alive', 'Authorization': 'Bearer eyJhbGciOiJIUzI1NiIsInR5cCI6IkpXVCJ9.eyJlbWFpbCI6Im1vbmljYWdAZ21haWwuY29tIiwicGFzc3dvcmQiOiJzZW5oYTIyIiwiaWF0IjoxNjYyMzg4MzcwLCJleHAiOjE2NjIzODg5NzB9.x-mNstvWqZbUjhOI7ek2R5hmDdBAtOffdgf-y4e88u0', 'Content-Length': '118', 'Content-Type': 'application/json'} 
 body=b'{"produtos": [{"idProduto": "BeeJh5lz3k6kSIzA", "quantidade": 1}, {"idProduto": "K6leHdftCeOJj8BJ", "quantidade": 1}]}' 
 </msg>
<msg timestamp="20220905 11:32:50.146" level="INFO">POST Response : url=http://localhost:3000/carrinhos 
 status=400, reason=Bad Request 
 headers={'Access-Control-Allow-Origin': '*', 'x-dns-prefetch-control': 'off', 'x-frame-options': 'SAMEORIGIN', 'strict-transport-security': 'max-age=15552000; includeSubDomains', 'x-download-options': 'noopen', 'x-content-type-options': 'nosniff', 'x-xss-protection': '1; mode=block', 'x-moesif-transaction-id': '09d7d7a3-415a-4f60-9ab3-2d3ff4c0e02c', 'Content-Type': 'application/json; charset=utf-8', 'Content-Length': '61', 'Date': 'Mon, 05 Sep 2022 14:32:50 GMT', 'Connection': 'keep-alive', 'Keep-Alive': 'timeout=5'} 
 body={
    "message": "Não é permitido ter mais de 1 carrinho"
} 
 </msg>
<msg timestamp="20220905 11:32:50.147" level="INFO">${response} = &lt;Response [400]&gt;</msg>
<status status="PASS" starttime="20220905 11:32:50.137" endtime="20220905 11:32:50.147"/>
</kw>
<kw name="Log To Console" library="BuiltIn">
<arg>Resposta: ${response.content}</arg>
<doc>Logs the given message to the console.</doc>
<status status="PASS" starttime="20220905 11:32:50.147" endtime="20220905 11:32:50.148"/>
</kw>
<kw name="Set Global Variable" library="BuiltIn">
<arg>${response}</arg>
<doc>Makes a variable available globally in all tests and suites.</doc>
<msg timestamp="20220905 11:32:50.167" level="INFO">${response} = &lt;Response [400]&gt;</msg>
<status status="PASS" starttime="20220905 11:32:50.149" endtime="20220905 11:32:50.167"/>
</kw>
<status status="PASS" starttime="20220905 11:32:50.136" endtime="20220905 11:32:50.167"/>
</kw>
<kw name="Validar Status Code &quot;400&quot;" library="commons" sourcename="Validar Status Code &quot;${status_code}&quot;">
<kw name="Should Be True" library="BuiltIn">
<arg>${response.status_code} == ${status_code}</arg>
<doc>Fails if the given condition is not true.</doc>
<status status="PASS" starttime="20220905 11:32:50.168" endtime="20220905 11:32:50.170"/>
</kw>
<status status="PASS" starttime="20220905 11:32:50.168" endtime="20220905 11:32:50.170"/>
</kw>
<kw name="Validar Mensagem Contém &quot;Não é permitido&quot;" library="commons" sourcename="Validar Mensagem Contém &quot;${palavra}&quot;">
<kw name="Should Contain" library="BuiltIn">
<arg>${response.json()["message"]}</arg>
<arg>${palavra}</arg>
<doc>Fails if ``container`` does not contain ``item`` one or more times.</doc>
<status status="PASS" starttime="20220905 11:32:50.171" endtime="20220905 11:32:50.172"/>
</kw>
<status status="PASS" starttime="20220905 11:32:50.171" endtime="20220905 11:32:50.172"/>
</kw>
<tag>tc33</tag>
<status status="PASS" starttime="20220905 11:32:50.101" endtime="20220905 11:32:50.173"/>
</test>
<test id="s1-s1-t4" name="TC 34: Cadastrar carrinho com token expirado 401" line="37">
<kw name="Definir Token Expirado" library="commons">
<kw name="Set Variable" library="BuiltIn">
<var>${token}</var>
<arg>"Bearer eyJhbGciOiJIUzI1NiIsInR5cCI6IkpXVCJ9.eyJlbWFpbCI6ImZ1bGFub0BxYS5jb20iLCJwYXNzd29yZCI6InRlc3RlIiwiaWF0IjoxNTg5NzU4NzQ2LCJleHAiOjE1ODk3Njg3NDZ9.B6TASHV8k9xBerz4NSeFBlAZGSDhZlqESt767M0567I"</arg>
<doc>Returns the given values which can then be assigned to a variables.</doc>
<msg timestamp="20220905 11:32:50.178" level="INFO">${token} = "Bearer eyJhbGciOiJIUzI1NiIsInR5cCI6IkpXVCJ9.eyJlbWFpbCI6ImZ1bGFub0BxYS5jb20iLCJwYXNzd29yZCI6InRlc3RlIiwiaWF0IjoxNTg5NzU4NzQ2LCJleHAiOjE1ODk3Njg3NDZ9.B6TASHV8k9xBerz4NSeFBlAZGSDhZlqESt767M0567I"</msg>
<status status="PASS" starttime="20220905 11:32:50.177" endtime="20220905 11:32:50.178"/>
</kw>
<kw name="Set Global Variable" library="BuiltIn">
<arg>${token}</arg>
<doc>Makes a variable available globally in all tests and suites.</doc>
<msg timestamp="20220905 11:32:50.179" level="INFO">${token} = "Bearer eyJhbGciOiJIUzI1NiIsInR5cCI6IkpXVCJ9.eyJlbWFpbCI6ImZ1bGFub0BxYS5jb20iLCJwYXNzd29yZCI6InRlc3RlIiwiaWF0IjoxNTg5NzU4NzQ2LCJleHAiOjE1ODk3Njg3NDZ9.B6TASHV8k9xBerz4NSeFBlAZGSDhZlqESt767M0567I"</msg>
<status status="PASS" starttime="20220905 11:32:50.178" endtime="20220905 11:32:50.179"/>
</kw>
<status status="PASS" starttime="20220905 11:32:50.176" endtime="20220905 11:32:50.179"/>
</kw>
<kw name="Criar carrinho" library="carrinhos_kw">
<kw name="Importar JSON Estático" library="commons">
<var>${json}</var>
<arg>json_carrinhos.json</arg>
<kw name="Get File" library="OperatingSystem">
<var>${arquivo}</var>
<arg>${EXECDIR}/support/fixture/${nome_arquivo}</arg>
<doc>Returns the contents of a specified file.</doc>
<msg timestamp="20220905 11:32:50.181" level="INFO" html="true">Getting file '&lt;a href="file://C:\Users\Laura\Documents\Programa de Bolsas Compass.UOL\RoboTron_LauraGehrke_DesafioFinal\support\fixture\json_carrinhos.json"&gt;C:\Users\Laura\Documents\Programa de Bolsas Compass.UOL\RoboTron_LauraGehrke_DesafioFinal\support\fixture\json_carrinhos.json&lt;/a&gt;'.</msg>
<msg timestamp="20220905 11:32:50.181" level="INFO">${arquivo} = {
    "produtos": [
        {
            "idProduto": "BeeJh5lz3k6kSIzA",
            "quantidade": 1
        },
        {
            "idProduto": "K6leHdftCeOJj8BJ",
            "quantidade": 1
   ...</msg>
<status status="PASS" starttime="20220905 11:32:50.180" endtime="20220905 11:32:50.181"/>
</kw>
<kw name="Evaluate" library="BuiltIn">
<var>${data}</var>
<arg>json.loads('''${arquivo}''')</arg>
<arg>json</arg>
<doc>Evaluates the given expression in Python and returns the result.</doc>
<msg timestamp="20220905 11:32:50.182" level="INFO">${data} = {'produtos': [{'idProduto': 'BeeJh5lz3k6kSIzA', 'quantidade': 1}, {'idProduto': 'K6leHdftCeOJj8BJ', 'quantidade': 1}]}</msg>
<status status="PASS" starttime="20220905 11:32:50.181" endtime="20220905 11:32:50.182"/>
</kw>
<msg timestamp="20220905 11:32:50.182" level="INFO">${json} = {'produtos': [{'idProduto': 'BeeJh5lz3k6kSIzA', 'quantidade': 1}, {'idProduto': 'K6leHdftCeOJj8BJ', 'quantidade': 1}]}</msg>
<status status="PASS" starttime="20220905 11:32:50.180" endtime="20220905 11:32:50.182"/>
</kw>
<kw name="Set Variable" library="BuiltIn">
<var>${payload}</var>
<arg>${json}</arg>
<doc>Returns the given values which can then be assigned to a variables.</doc>
<msg timestamp="20220905 11:32:50.183" level="INFO">${payload} = {'produtos': [{'idProduto': 'BeeJh5lz3k6kSIzA', 'quantidade': 1}, {'idProduto': 'K6leHdftCeOJj8BJ', 'quantidade': 1}]}</msg>
<status status="PASS" starttime="20220905 11:32:50.182" endtime="20220905 11:32:50.183"/>
</kw>
<kw name="Set Global Variable" library="BuiltIn">
<arg>${payload}</arg>
<doc>Makes a variable available globally in all tests and suites.</doc>
<msg timestamp="20220905 11:32:50.183" level="INFO">${payload} = {'produtos': [{'idProduto': 'BeeJh5lz3k6kSIzA', 'quantidade': 1}, {'idProduto': 'K6leHdftCeOJj8BJ', 'quantidade': 1}]}</msg>
<status status="PASS" starttime="20220905 11:32:50.183" endtime="20220905 11:32:50.183"/>
</kw>
<status status="PASS" starttime="20220905 11:32:50.179" endtime="20220905 11:32:50.184"/>
</kw>
<kw name="POST Endpoint /carrinhos" library="carrinhos_kw">
<kw name="Create Dictionary" library="BuiltIn">
<var>&amp;{header}</var>
<arg>Authorization=${token}</arg>
<doc>Creates and returns a dictionary based on the given ``items``.</doc>
<msg timestamp="20220905 11:32:50.185" level="INFO">&amp;{header} = { Authorization="Bearer eyJhbGciOiJIUzI1NiIsInR5cCI6IkpXVCJ9.eyJlbWFpbCI6ImZ1bGFub0BxYS5jb20iLCJwYXNzd29yZCI6InRlc3RlIiwiaWF0IjoxNTg5NzU4NzQ2LCJleHAiOjE1ODk3Njg3NDZ9.B6TASHV8k9xBerz4NSeFBlAZGSDhZlqESt...</msg>
<status status="PASS" starttime="20220905 11:32:50.185" endtime="20220905 11:32:50.185"/>
</kw>
<kw name="POST On Session" library="RequestsLibrary">
<var>${response}</var>
<arg>serverest</arg>
<arg>/carrinhos</arg>
<arg>json=&amp;{payload}</arg>
<arg>expected_status=any</arg>
<arg>headers=&amp;{header}</arg>
<doc>Sends a POST request on a previously created HTTP Session.</doc>
<msg timestamp="20220905 11:32:50.191" level="INFO">POST Request : url=http://localhost:3000/carrinhos 
 path_url=/carrinhos 
 headers={'User-Agent': 'python-requests/2.28.1', 'Accept-Encoding': 'gzip, deflate', 'Accept': '*/*', 'Connection': 'keep-alive', 'Authorization': '"Bearer eyJhbGciOiJIUzI1NiIsInR5cCI6IkpXVCJ9.eyJlbWFpbCI6ImZ1bGFub0BxYS5jb20iLCJwYXNzd29yZCI6InRlc3RlIiwiaWF0IjoxNTg5NzU4NzQ2LCJleHAiOjE1ODk3Njg3NDZ9.B6TASHV8k9xBerz4NSeFBlAZGSDhZlqESt767M0567I"', 'Content-Length': '118', 'Content-Type': 'application/json'} 
 body=b'{"produtos": [{"idProduto": "BeeJh5lz3k6kSIzA", "quantidade": 1}, {"idProduto": "K6leHdftCeOJj8BJ", "quantidade": 1}]}' 
 </msg>
<msg timestamp="20220905 11:32:50.191" level="INFO">POST Response : url=http://localhost:3000/carrinhos 
 status=401, reason=Unauthorized 
 headers={'Access-Control-Allow-Origin': '*', 'x-dns-prefetch-control': 'off', 'x-frame-options': 'SAMEORIGIN', 'strict-transport-security': 'max-age=15552000; includeSubDomains', 'x-download-options': 'noopen', 'x-content-type-options': 'nosniff', 'x-xss-protection': '1; mode=block', 'x-moesif-transaction-id': 'fc4422c1-7f9d-4f06-9194-b4a9bab8de15', 'Content-Type': 'application/json; charset=utf-8', 'Content-Length': '103', 'Date': 'Mon, 05 Sep 2022 14:32:50 GMT', 'Connection': 'keep-alive', 'Keep-Alive': 'timeout=5'} 
 body={
    "message": "Token de acesso ausente, inválido, expirado ou usuário do token não existe mais"
} 
 </msg>
<msg timestamp="20220905 11:32:50.191" level="INFO">${response} = &lt;Response [401]&gt;</msg>
<status status="PASS" starttime="20220905 11:32:50.185" endtime="20220905 11:32:50.192"/>
</kw>
<kw name="Log To Console" library="BuiltIn">
<arg>Resposta: ${response.content}</arg>
<doc>Logs the given message to the console.</doc>
<status status="PASS" starttime="20220905 11:32:50.192" endtime="20220905 11:32:50.193"/>
</kw>
<kw name="Set Global Variable" library="BuiltIn">
<arg>${response}</arg>
<doc>Makes a variable available globally in all tests and suites.</doc>
<msg timestamp="20220905 11:32:50.196" level="INFO">${response} = &lt;Response [401]&gt;</msg>
<status status="PASS" starttime="20220905 11:32:50.194" endtime="20220905 11:32:50.196"/>
</kw>
<status status="PASS" starttime="20220905 11:32:50.184" endtime="20220905 11:32:50.196"/>
</kw>
<kw name="Validar Status Code &quot;401&quot;" library="commons" sourcename="Validar Status Code &quot;${status_code}&quot;">
<kw name="Should Be True" library="BuiltIn">
<arg>${response.status_code} == ${status_code}</arg>
<doc>Fails if the given condition is not true.</doc>
<status status="PASS" starttime="20220905 11:32:50.198" endtime="20220905 11:32:50.200"/>
</kw>
<status status="PASS" starttime="20220905 11:32:50.198" endtime="20220905 11:32:50.200"/>
</kw>
<kw name="Validar Mensagem Contém &quot;inválido&quot;" library="commons" sourcename="Validar Mensagem Contém &quot;${palavra}&quot;">
<kw name="Should Contain" library="BuiltIn">
<arg>${response.json()["message"]}</arg>
<arg>${palavra}</arg>
<doc>Fails if ``container`` does not contain ``item`` one or more times.</doc>
<status status="PASS" starttime="20220905 11:32:50.200" endtime="20220905 11:32:50.201"/>
</kw>
<status status="PASS" starttime="20220905 11:32:50.200" endtime="20220905 11:32:50.201"/>
</kw>
<tag>tc34</tag>
<status status="PASS" starttime="20220905 11:32:50.175" endtime="20220905 11:32:50.202"/>
</test>
<test id="s1-s1-t5" name="TC 35: Buscar carrinho por ID 200" line="45">
<kw name="Seleciona ID &quot;qbMqntef4iTOwWfg&quot;" library="commons" sourcename="Seleciona ID &quot;${id}&quot;">
<kw name="Set Variable" library="BuiltIn">
<var>${id_guardado}</var>
<arg>${id}</arg>
<doc>Returns the given values which can then be assigned to a variables.</doc>
<msg timestamp="20220905 11:32:50.209" level="INFO">${id_guardado} = qbMqntef4iTOwWfg</msg>
<status status="PASS" starttime="20220905 11:32:50.208" endtime="20220905 11:32:50.209"/>
</kw>
<kw name="Set Global Variable" library="BuiltIn">
<arg>${id_guardado}</arg>
<doc>Makes a variable available globally in all tests and suites.</doc>
<msg timestamp="20220905 11:32:50.210" level="INFO">${id_guardado} = qbMqntef4iTOwWfg</msg>
<status status="PASS" starttime="20220905 11:32:50.209" endtime="20220905 11:32:50.210"/>
</kw>
<status status="PASS" starttime="20220905 11:32:50.207" endtime="20220905 11:32:50.211"/>
</kw>
<kw name="GET Endpoint /carrinhos/" library="carrinhos_kw">
<kw name="GET On Session" library="RequestsLibrary">
<var>${response}</var>
<arg>serverest</arg>
<arg>/carrinhos/${id_guardado}</arg>
<arg>expected_status=any</arg>
<doc>Sends a GET request on a previously created HTTP Session.</doc>
<msg timestamp="20220905 11:32:50.220" level="INFO">GET Request : url=http://localhost:3000/carrinhos/qbMqntef4iTOwWfg 
 path_url=/carrinhos/qbMqntef4iTOwWfg 
 headers={'User-Agent': 'python-requests/2.28.1', 'Accept-Encoding': 'gzip, deflate', 'Accept': '*/*', 'Connection': 'keep-alive'} 
 body=None 
 </msg>
<msg timestamp="20220905 11:32:50.221" level="INFO">GET Response : url=http://localhost:3000/carrinhos/qbMqntef4iTOwWfg 
 status=200, reason=OK 
 headers={'Access-Control-Allow-Origin': '*', 'x-dns-prefetch-control': 'off', 'x-frame-options': 'SAMEORIGIN', 'strict-transport-security': 'max-age=15552000; includeSubDomains', 'x-download-options': 'noopen', 'x-content-type-options': 'nosniff', 'x-xss-protection': '1; mode=block', 'x-moesif-transaction-id': 'af018b5c-577f-44e4-b0ff-d24ba4b1dfe6', 'Content-Type': 'application/json; charset=utf-8', 'Content-Length': '401', 'Date': 'Mon, 05 Sep 2022 14:32:50 GMT', 'Connection': 'keep-alive', 'Keep-Alive': 'timeout=5'} 
 body={
    "produtos": [
        {
            "idProduto": "BeeJh5lz3k6kSIzA",
            "quantidade": 2,
            "precoUnitario": 470
        },
        {
            "idProduto": "K6leHdftCeOJj8BJ",
            "quantidade": 1,
            "precoUnitario": 5240
        }
    ],
    "precoTotal": 6180,
    "quantidadeTotal": 3,
    "idUsuario": "oUb7aGkMtSEPf6BZ",
    "_id": "qbMqntef4iTOwWfg"
} 
 </msg>
<msg timestamp="20220905 11:32:50.221" level="INFO">${response} = &lt;Response [200]&gt;</msg>
<status status="PASS" starttime="20220905 11:32:50.212" endtime="20220905 11:32:50.221"/>
</kw>
<kw name="Log To Console" library="BuiltIn">
<arg>${response.content}</arg>
<doc>Logs the given message to the console.</doc>
<status status="PASS" starttime="20220905 11:32:50.221" endtime="20220905 11:32:50.223"/>
</kw>
<kw name="Set Global Variable" library="BuiltIn">
<arg>${response}</arg>
<doc>Makes a variable available globally in all tests and suites.</doc>
<msg timestamp="20220905 11:32:50.224" level="INFO">${response} = &lt;Response [200]&gt;</msg>
<status status="PASS" starttime="20220905 11:32:50.223" endtime="20220905 11:32:50.224"/>
</kw>
<status status="PASS" starttime="20220905 11:32:50.212" endtime="20220905 11:32:50.224"/>
</kw>
<kw name="Validar Status Code &quot;200&quot;" library="commons" sourcename="Validar Status Code &quot;${status_code}&quot;">
<kw name="Should Be True" library="BuiltIn">
<arg>${response.status_code} == ${status_code}</arg>
<doc>Fails if the given condition is not true.</doc>
<status status="PASS" starttime="20220905 11:32:50.225" endtime="20220905 11:32:50.227"/>
</kw>
<status status="PASS" starttime="20220905 11:32:50.225" endtime="20220905 11:32:50.227"/>
</kw>
<tag>tc35</tag>
<status status="PASS" starttime="20220905 11:32:50.205" endtime="20220905 11:32:50.228"/>
</test>
<test id="s1-s1-t6" name="TC 36: Buscar carrinho inexistente 400" line="51">
<kw name="Seleciona ID &quot;0000000000000000&quot;" library="commons" sourcename="Seleciona ID &quot;${id}&quot;">
<kw name="Set Variable" library="BuiltIn">
<var>${id_guardado}</var>
<arg>${id}</arg>
<doc>Returns the given values which can then be assigned to a variables.</doc>
<msg timestamp="20220905 11:32:50.233" level="INFO">${id_guardado} = 0000000000000000</msg>
<status status="PASS" starttime="20220905 11:32:50.232" endtime="20220905 11:32:50.233"/>
</kw>
<kw name="Set Global Variable" library="BuiltIn">
<arg>${id_guardado}</arg>
<doc>Makes a variable available globally in all tests and suites.</doc>
<msg timestamp="20220905 11:32:50.233" level="INFO">${id_guardado} = 0000000000000000</msg>
<status status="PASS" starttime="20220905 11:32:50.233" endtime="20220905 11:32:50.233"/>
</kw>
<status status="PASS" starttime="20220905 11:32:50.232" endtime="20220905 11:32:50.234"/>
</kw>
<kw name="GET Endpoint /carrinhos/" library="carrinhos_kw">
<kw name="GET On Session" library="RequestsLibrary">
<var>${response}</var>
<arg>serverest</arg>
<arg>/carrinhos/${id_guardado}</arg>
<arg>expected_status=any</arg>
<doc>Sends a GET request on a previously created HTTP Session.</doc>
<msg timestamp="20220905 11:32:50.242" level="INFO">GET Request : url=http://localhost:3000/carrinhos/0000000000000000 
 path_url=/carrinhos/0000000000000000 
 headers={'User-Agent': 'python-requests/2.28.1', 'Accept-Encoding': 'gzip, deflate', 'Accept': '*/*', 'Connection': 'keep-alive'} 
 body=None 
 </msg>
<msg timestamp="20220905 11:32:50.242" level="INFO">GET Response : url=http://localhost:3000/carrinhos/0000000000000000 
 status=400, reason=Bad Request 
 headers={'Access-Control-Allow-Origin': '*', 'x-dns-prefetch-control': 'off', 'x-frame-options': 'SAMEORIGIN', 'strict-transport-security': 'max-age=15552000; includeSubDomains', 'x-download-options': 'noopen', 'x-content-type-options': 'nosniff', 'x-xss-protection': '1; mode=block', 'x-moesif-transaction-id': '0cc9bfe2-f667-4959-b147-f8d6e5bea71d', 'Content-Type': 'application/json; charset=utf-8', 'Content-Length': '45', 'Date': 'Mon, 05 Sep 2022 14:32:50 GMT', 'Connection': 'keep-alive', 'Keep-Alive': 'timeout=5'} 
 body={
    "message": "Carrinho não encontrado"
} 
 </msg>
<msg timestamp="20220905 11:32:50.242" level="INFO">${response} = &lt;Response [400]&gt;</msg>
<status status="PASS" starttime="20220905 11:32:50.234" endtime="20220905 11:32:50.242"/>
</kw>
<kw name="Log To Console" library="BuiltIn">
<arg>${response.content}</arg>
<doc>Logs the given message to the console.</doc>
<status status="PASS" starttime="20220905 11:32:50.243" endtime="20220905 11:32:50.245"/>
</kw>
<kw name="Set Global Variable" library="BuiltIn">
<arg>${response}</arg>
<doc>Makes a variable available globally in all tests and suites.</doc>
<msg timestamp="20220905 11:32:50.246" level="INFO">${response} = &lt;Response [400]&gt;</msg>
<status status="PASS" starttime="20220905 11:32:50.246" endtime="20220905 11:32:50.246"/>
</kw>
<status status="PASS" starttime="20220905 11:32:50.234" endtime="20220905 11:32:50.247"/>
</kw>
<kw name="Validar Status Code &quot;400&quot;" library="commons" sourcename="Validar Status Code &quot;${status_code}&quot;">
<kw name="Should Be True" library="BuiltIn">
<arg>${response.status_code} == ${status_code}</arg>
<doc>Fails if the given condition is not true.</doc>
<status status="PASS" starttime="20220905 11:32:50.248" endtime="20220905 11:32:50.250"/>
</kw>
<status status="PASS" starttime="20220905 11:32:50.248" endtime="20220905 11:32:50.250"/>
</kw>
<kw name="Validar Mensagem Contém &quot;não encontrado&quot;" library="commons" sourcename="Validar Mensagem Contém &quot;${palavra}&quot;">
<kw name="Should Contain" library="BuiltIn">
<arg>${response.json()["message"]}</arg>
<arg>${palavra}</arg>
<doc>Fails if ``container`` does not contain ``item`` one or more times.</doc>
<status status="PASS" starttime="20220905 11:32:50.252" endtime="20220905 11:32:50.253"/>
</kw>
<status status="PASS" starttime="20220905 11:32:50.251" endtime="20220905 11:32:50.254"/>
</kw>
<tag>tc36</tag>
<status status="PASS" starttime="20220905 11:32:50.230" endtime="20220905 11:32:50.254"/>
</test>
<test id="s1-s1-t7" name="TC 37: Excluir carrinho - concluir compra 200" line="58">
<kw name="Selecionar Login &quot;user_valido&quot;" library="login_kw" sourcename="Selecionar Login &quot;${val}&quot;">
<kw name="Importar JSON Estático" library="commons">
<var>${json}</var>
<arg>json_login.json</arg>
<kw name="Get File" library="OperatingSystem">
<var>${arquivo}</var>
<arg>${EXECDIR}/support/fixture/${nome_arquivo}</arg>
<doc>Returns the contents of a specified file.</doc>
<msg timestamp="20220905 11:32:50.262" level="INFO" html="true">Getting file '&lt;a href="file://C:\Users\Laura\Documents\Programa de Bolsas Compass.UOL\RoboTron_LauraGehrke_DesafioFinal\support\fixture\json_login.json"&gt;C:\Users\Laura\Documents\Programa de Bolsas Compass.UOL\RoboTron_LauraGehrke_DesafioFinal\support\fixture\json_login.json&lt;/a&gt;'.</msg>
<msg timestamp="20220905 11:32:50.262" level="INFO">${arquivo} = {
    "user_valido": {
        "email": "fulano@qa.com",
        "password": "teste"
    },
    "user_invalido": {
        "email": "email@inexistente.com",
        "password": "teste321"
    },
    "...</msg>
<status status="PASS" starttime="20220905 11:32:50.261" endtime="20220905 11:32:50.262"/>
</kw>
<kw name="Evaluate" library="BuiltIn">
<var>${data}</var>
<arg>json.loads('''${arquivo}''')</arg>
<arg>json</arg>
<doc>Evaluates the given expression in Python and returns the result.</doc>
<msg timestamp="20220905 11:32:50.263" level="INFO">${data} = {'user_valido': {'email': 'fulano@qa.com', 'password': 'teste'}, 'user_invalido': {'email': 'email@inexistente.com', 'password': 'teste321'}, 'user_senha_errada': {'email': 'fulano@qa.com', 'password'...</msg>
<status status="PASS" starttime="20220905 11:32:50.263" endtime="20220905 11:32:50.263"/>
</kw>
<msg timestamp="20220905 11:32:50.263" level="INFO">${json} = {'user_valido': {'email': 'fulano@qa.com', 'password': 'teste'}, 'user_invalido': {'email': 'email@inexistente.com', 'password': 'teste321'}, 'user_senha_errada': {'email': 'fulano@qa.com', 'password'...</msg>
<status status="PASS" starttime="20220905 11:32:50.260" endtime="20220905 11:32:50.263"/>
</kw>
<kw name="Set Variable" library="BuiltIn">
<var>${payload}</var>
<arg>${json["${val}"]}</arg>
<doc>Returns the given values which can then be assigned to a variables.</doc>
<msg timestamp="20220905 11:32:50.264" level="INFO">${payload} = {'email': 'fulano@qa.com', 'password': 'teste'}</msg>
<status status="PASS" starttime="20220905 11:32:50.264" endtime="20220905 11:32:50.264"/>
</kw>
<kw name="Set Global Variable" library="BuiltIn">
<arg>${payload}</arg>
<doc>Makes a variable available globally in all tests and suites.</doc>
<msg timestamp="20220905 11:32:50.265" level="INFO">${payload} = {'email': 'fulano@qa.com', 'password': 'teste'}</msg>
<status status="PASS" starttime="20220905 11:32:50.265" endtime="20220905 11:32:50.265"/>
</kw>
<status status="PASS" starttime="20220905 11:32:50.259" endtime="20220905 11:32:50.265"/>
</kw>
<kw name="POST Endpoint /login" library="login_kw">
<kw name="POST On Session" library="RequestsLibrary">
<var>${response}</var>
<arg>serverest</arg>
<arg>/login</arg>
<arg>json=&amp;{payload}</arg>
<arg>expected_status=any</arg>
<doc>Sends a POST request on a previously created HTTP Session.</doc>
<msg timestamp="20220905 11:32:50.274" level="INFO">POST Request : url=http://localhost:3000/login 
 path_url=/login 
 headers={'User-Agent': 'python-requests/2.28.1', 'Accept-Encoding': 'gzip, deflate', 'Accept': '*/*', 'Connection': 'keep-alive', 'Content-Length': '47', 'Content-Type': 'application/json'} 
 body=b'{"email": "fulano@qa.com", "password": "teste"}' 
 </msg>
<msg timestamp="20220905 11:32:50.274" level="INFO">POST Response : url=http://localhost:3000/login 
 status=200, reason=OK 
 headers={'Access-Control-Allow-Origin': '*', 'x-dns-prefetch-control': 'off', 'x-frame-options': 'SAMEORIGIN', 'strict-transport-security': 'max-age=15552000; includeSubDomains', 'x-download-options': 'noopen', 'x-content-type-options': 'nosniff', 'x-xss-protection': '1; mode=block', 'x-moesif-transaction-id': 'f66f9f09-14c2-4274-949e-aadec60ec0b1', 'Content-Type': 'application/json; charset=utf-8', 'Content-Length': '265', 'Date': 'Mon, 05 Sep 2022 14:32:50 GMT', 'Connection': 'keep-alive', 'Keep-Alive': 'timeout=5'} 
 body={
    "message": "Login realizado com sucesso",
    "authorization": "Bearer eyJhbGciOiJIUzI1NiIsInR5cCI6IkpXVCJ9.eyJlbWFpbCI6ImZ1bGFub0BxYS5jb20iLCJwYXNzd29yZCI6InRlc3RlIiwiaWF0IjoxNjYyMzg4MzcwLCJleHAiOjE2NjIzODg5NzB9.v1gopRggXnCIGdtsewW7SfmXfOcgvXp7e9lIHFrKhHk"
} 
 </msg>
<msg timestamp="20220905 11:32:50.275" level="INFO">${response} = &lt;Response [200]&gt;</msg>
<status status="PASS" starttime="20220905 11:32:50.266" endtime="20220905 11:32:50.275"/>
</kw>
<kw name="Log To Console" library="BuiltIn">
<arg>Response: ${response.content}</arg>
<doc>Logs the given message to the console.</doc>
<status status="PASS" starttime="20220905 11:32:50.275" endtime="20220905 11:32:50.278"/>
</kw>
<kw name="Set Global Variable" library="BuiltIn">
<arg>${response}</arg>
<doc>Makes a variable available globally in all tests and suites.</doc>
<msg timestamp="20220905 11:32:50.280" level="INFO">${response} = &lt;Response [200]&gt;</msg>
<status status="PASS" starttime="20220905 11:32:50.279" endtime="20220905 11:32:50.280"/>
</kw>
<status status="PASS" starttime="20220905 11:32:50.266" endtime="20220905 11:32:50.281"/>
</kw>
<kw name="Guardar Token" library="login_kw">
<kw name="Set Variable" library="BuiltIn">
<var>${token}</var>
<arg>${response.json()["authorization"]}</arg>
<doc>Returns the given values which can then be assigned to a variables.</doc>
<msg timestamp="20220905 11:32:50.283" level="INFO">${token} = Bearer eyJhbGciOiJIUzI1NiIsInR5cCI6IkpXVCJ9.eyJlbWFpbCI6ImZ1bGFub0BxYS5jb20iLCJwYXNzd29yZCI6InRlc3RlIiwiaWF0IjoxNjYyMzg4MzcwLCJleHAiOjE2NjIzODg5NzB9.v1gopRggXnCIGdtsewW7SfmXfOcgvXp7e9lIHFrKhHk</msg>
<status status="PASS" starttime="20220905 11:32:50.282" endtime="20220905 11:32:50.283"/>
</kw>
<kw name="Set Global Variable" library="BuiltIn">
<arg>${token}</arg>
<doc>Makes a variable available globally in all tests and suites.</doc>
<msg timestamp="20220905 11:32:50.283" level="INFO">${token} = Bearer eyJhbGciOiJIUzI1NiIsInR5cCI6IkpXVCJ9.eyJlbWFpbCI6ImZ1bGFub0BxYS5jb20iLCJwYXNzd29yZCI6InRlc3RlIiwiaWF0IjoxNjYyMzg4MzcwLCJleHAiOjE2NjIzODg5NzB9.v1gopRggXnCIGdtsewW7SfmXfOcgvXp7e9lIHFrKhHk</msg>
<status status="PASS" starttime="20220905 11:32:50.283" endtime="20220905 11:32:50.283"/>
</kw>
<status status="PASS" starttime="20220905 11:32:50.281" endtime="20220905 11:32:50.283"/>
</kw>
<kw name="Criar carrinho" library="carrinhos_kw">
<kw name="Importar JSON Estático" library="commons">
<var>${json}</var>
<arg>json_carrinhos.json</arg>
<kw name="Get File" library="OperatingSystem">
<var>${arquivo}</var>
<arg>${EXECDIR}/support/fixture/${nome_arquivo}</arg>
<doc>Returns the contents of a specified file.</doc>
<msg timestamp="20220905 11:32:50.287" level="INFO" html="true">Getting file '&lt;a href="file://C:\Users\Laura\Documents\Programa de Bolsas Compass.UOL\RoboTron_LauraGehrke_DesafioFinal\support\fixture\json_carrinhos.json"&gt;C:\Users\Laura\Documents\Programa de Bolsas Compass.UOL\RoboTron_LauraGehrke_DesafioFinal\support\fixture\json_carrinhos.json&lt;/a&gt;'.</msg>
<msg timestamp="20220905 11:32:50.288" level="INFO">${arquivo} = {
    "produtos": [
        {
            "idProduto": "BeeJh5lz3k6kSIzA",
            "quantidade": 1
        },
        {
            "idProduto": "K6leHdftCeOJj8BJ",
            "quantidade": 1
   ...</msg>
<status status="PASS" starttime="20220905 11:32:50.287" endtime="20220905 11:32:50.288"/>
</kw>
<kw name="Evaluate" library="BuiltIn">
<var>${data}</var>
<arg>json.loads('''${arquivo}''')</arg>
<arg>json</arg>
<doc>Evaluates the given expression in Python and returns the result.</doc>
<msg timestamp="20220905 11:32:50.288" level="INFO">${data} = {'produtos': [{'idProduto': 'BeeJh5lz3k6kSIzA', 'quantidade': 1}, {'idProduto': 'K6leHdftCeOJj8BJ', 'quantidade': 1}]}</msg>
<status status="PASS" starttime="20220905 11:32:50.288" endtime="20220905 11:32:50.289"/>
</kw>
<msg timestamp="20220905 11:32:50.289" level="INFO">${json} = {'produtos': [{'idProduto': 'BeeJh5lz3k6kSIzA', 'quantidade': 1}, {'idProduto': 'K6leHdftCeOJj8BJ', 'quantidade': 1}]}</msg>
<status status="PASS" starttime="20220905 11:32:50.286" endtime="20220905 11:32:50.289"/>
</kw>
<kw name="Set Variable" library="BuiltIn">
<var>${payload}</var>
<arg>${json}</arg>
<doc>Returns the given values which can then be assigned to a variables.</doc>
<msg timestamp="20220905 11:32:50.289" level="INFO">${payload} = {'produtos': [{'idProduto': 'BeeJh5lz3k6kSIzA', 'quantidade': 1}, {'idProduto': 'K6leHdftCeOJj8BJ', 'quantidade': 1}]}</msg>
<status status="PASS" starttime="20220905 11:32:50.289" endtime="20220905 11:32:50.289"/>
</kw>
<kw name="Set Global Variable" library="BuiltIn">
<arg>${payload}</arg>
<doc>Makes a variable available globally in all tests and suites.</doc>
<msg timestamp="20220905 11:32:50.290" level="INFO">${payload} = {'produtos': [{'idProduto': 'BeeJh5lz3k6kSIzA', 'quantidade': 1}, {'idProduto': 'K6leHdftCeOJj8BJ', 'quantidade': 1}]}</msg>
<status status="PASS" starttime="20220905 11:32:50.290" endtime="20220905 11:32:50.290"/>
</kw>
<status status="PASS" starttime="20220905 11:32:50.286" endtime="20220905 11:32:50.290"/>
</kw>
<kw name="Validar Saldo Produtos" library="carrinhos_kw">
<kw name="Mostrar Saldo Produtos Carrinho" library="library">
<var>${saldo}</var>
<arg>carrinho=${payload["produtos"]}</arg>
<msg timestamp="20220905 11:32:50.304" level="INFO">${saldo} = ['Logitech MX Vertical: 366', 'Smartwatch: 47']</msg>
<status status="PASS" starttime="20220905 11:32:50.291" endtime="20220905 11:32:50.304"/>
</kw>
<kw name="Log To Console" library="BuiltIn">
<arg>Saldo: ${saldo}</arg>
<doc>Logs the given message to the console.</doc>
<status status="PASS" starttime="20220905 11:32:50.304" endtime="20220905 11:32:50.305"/>
</kw>
<status status="PASS" starttime="20220905 11:32:50.291" endtime="20220905 11:32:50.305"/>
</kw>
<kw name="POST Endpoint /carrinhos" library="carrinhos_kw">
<kw name="Create Dictionary" library="BuiltIn">
<var>&amp;{header}</var>
<arg>Authorization=${token}</arg>
<doc>Creates and returns a dictionary based on the given ``items``.</doc>
<msg timestamp="20220905 11:32:50.307" level="INFO">&amp;{header} = { Authorization=Bearer eyJhbGciOiJIUzI1NiIsInR5cCI6IkpXVCJ9.eyJlbWFpbCI6ImZ1bGFub0BxYS5jb20iLCJwYXNzd29yZCI6InRlc3RlIiwiaWF0IjoxNjYyMzg4MzcwLCJleHAiOjE2NjIzODg5NzB9.v1gopRggXnCIGdtsewW7SfmXfOcgvXp7e9l...</msg>
<status status="PASS" starttime="20220905 11:32:50.306" endtime="20220905 11:32:50.307"/>
</kw>
<kw name="POST On Session" library="RequestsLibrary">
<var>${response}</var>
<arg>serverest</arg>
<arg>/carrinhos</arg>
<arg>json=&amp;{payload}</arg>
<arg>expected_status=any</arg>
<arg>headers=&amp;{header}</arg>
<doc>Sends a POST request on a previously created HTTP Session.</doc>
<msg timestamp="20220905 11:32:50.321" level="INFO">POST Request : url=http://localhost:3000/carrinhos 
 path_url=/carrinhos 
 headers={'User-Agent': 'python-requests/2.28.1', 'Accept-Encoding': 'gzip, deflate', 'Accept': '*/*', 'Connection': 'keep-alive', 'Authorization': 'Bearer eyJhbGciOiJIUzI1NiIsInR5cCI6IkpXVCJ9.eyJlbWFpbCI6ImZ1bGFub0BxYS5jb20iLCJwYXNzd29yZCI6InRlc3RlIiwiaWF0IjoxNjYyMzg4MzcwLCJleHAiOjE2NjIzODg5NzB9.v1gopRggXnCIGdtsewW7SfmXfOcgvXp7e9lIHFrKhHk', 'Content-Length': '118', 'Content-Type': 'application/json'} 
 body=b'{"produtos": [{"idProduto": "BeeJh5lz3k6kSIzA", "quantidade": 1}, {"idProduto": "K6leHdftCeOJj8BJ", "quantidade": 1}]}' 
 </msg>
<msg timestamp="20220905 11:32:50.322" level="INFO">POST Response : url=http://localhost:3000/carrinhos 
 status=201, reason=Created 
 headers={'Access-Control-Allow-Origin': '*', 'x-dns-prefetch-control': 'off', 'x-frame-options': 'SAMEORIGIN', 'strict-transport-security': 'max-age=15552000; includeSubDomains', 'x-download-options': 'noopen', 'x-content-type-options': 'nosniff', 'x-xss-protection': '1; mode=block', 'x-moesif-transaction-id': '249000cc-6c97-4178-8e07-772dc382bbc6', 'Content-Type': 'application/json; charset=utf-8', 'Content-Length': '82', 'Date': 'Mon, 05 Sep 2022 14:32:50 GMT', 'Connection': 'keep-alive', 'Keep-Alive': 'timeout=5'} 
 body={
    "message": "Cadastro realizado com sucesso",
    "_id": "SgdBZ89uhrg3Ii9D"
} 
 </msg>
<msg timestamp="20220905 11:32:50.322" level="INFO">${response} = &lt;Response [201]&gt;</msg>
<status status="PASS" starttime="20220905 11:32:50.307" endtime="20220905 11:32:50.322"/>
</kw>
<kw name="Log To Console" library="BuiltIn">
<arg>Resposta: ${response.content}</arg>
<doc>Logs the given message to the console.</doc>
<status status="PASS" starttime="20220905 11:32:50.322" endtime="20220905 11:32:50.325"/>
</kw>
<kw name="Set Global Variable" library="BuiltIn">
<arg>${response}</arg>
<doc>Makes a variable available globally in all tests and suites.</doc>
<msg timestamp="20220905 11:32:50.326" level="INFO">${response} = &lt;Response [201]&gt;</msg>
<status status="PASS" starttime="20220905 11:32:50.325" endtime="20220905 11:32:50.327"/>
</kw>
<status status="PASS" starttime="20220905 11:32:50.306" endtime="20220905 11:32:50.327"/>
</kw>
<kw name="DELETE Endpoint /carrinhos/concluir-compra" library="carrinhos_kw">
<kw name="Create Dictionary" library="BuiltIn">
<var>&amp;{header}</var>
<arg>Authorization=${token}</arg>
<doc>Creates and returns a dictionary based on the given ``items``.</doc>
<msg timestamp="20220905 11:32:50.332" level="INFO">&amp;{header} = { Authorization=Bearer eyJhbGciOiJIUzI1NiIsInR5cCI6IkpXVCJ9.eyJlbWFpbCI6ImZ1bGFub0BxYS5jb20iLCJwYXNzd29yZCI6InRlc3RlIiwiaWF0IjoxNjYyMzg4MzcwLCJleHAiOjE2NjIzODg5NzB9.v1gopRggXnCIGdtsewW7SfmXfOcgvXp7e9l...</msg>
<status status="PASS" starttime="20220905 11:32:50.330" endtime="20220905 11:32:50.332"/>
</kw>
<kw name="DELETE On Session" library="RequestsLibrary">
<var>${response}</var>
<arg>serverest</arg>
<arg>/carrinhos/concluir-compra/</arg>
<arg>expected_status=any</arg>
<arg>headers=&amp;{header}</arg>
<doc>Sends a DELETE request on a previously created HTTP Session.</doc>
<msg timestamp="20220905 11:32:50.340" level="INFO">DELETE Request : url=http://localhost:3000/carrinhos/concluir-compra/ 
 path_url=/carrinhos/concluir-compra/ 
 headers={'User-Agent': 'python-requests/2.28.1', 'Accept-Encoding': 'gzip, deflate', 'Accept': '*/*', 'Connection': 'keep-alive', 'Authorization': 'Bearer eyJhbGciOiJIUzI1NiIsInR5cCI6IkpXVCJ9.eyJlbWFpbCI6ImZ1bGFub0BxYS5jb20iLCJwYXNzd29yZCI6InRlc3RlIiwiaWF0IjoxNjYyMzg4MzcwLCJleHAiOjE2NjIzODg5NzB9.v1gopRggXnCIGdtsewW7SfmXfOcgvXp7e9lIHFrKhHk', 'Content-Length': '0'} 
 body=None 
 </msg>
<msg timestamp="20220905 11:32:50.340" level="INFO">DELETE Response : url=http://localhost:3000/carrinhos/concluir-compra/ 
 status=200, reason=OK 
 headers={'Access-Control-Allow-Origin': '*', 'x-dns-prefetch-control': 'off', 'x-frame-options': 'SAMEORIGIN', 'strict-transport-security': 'max-age=15552000; includeSubDomains', 'x-download-options': 'noopen', 'x-content-type-options': 'nosniff', 'x-xss-protection': '1; mode=block', 'x-moesif-transaction-id': 'f588aebf-3105-4bef-a35b-225ec6b8ffdd', 'Content-Type': 'application/json; charset=utf-8', 'Content-Length': '51', 'Date': 'Mon, 05 Sep 2022 14:32:50 GMT', 'Connection': 'keep-alive', 'Keep-Alive': 'timeout=5'} 
 body={
    "message": "Registro excluído com sucesso"
} 
 </msg>
<msg timestamp="20220905 11:32:50.340" level="INFO">${response} = &lt;Response [200]&gt;</msg>
<status status="PASS" starttime="20220905 11:32:50.332" endtime="20220905 11:32:50.340"/>
</kw>
<kw name="Log To Console" library="BuiltIn">
<arg>Response:${response.content}</arg>
<doc>Logs the given message to the console.</doc>
<status status="PASS" starttime="20220905 11:32:50.340" endtime="20220905 11:32:50.342"/>
</kw>
<kw name="Set Global Variable" library="BuiltIn">
<arg>${response}</arg>
<doc>Makes a variable available globally in all tests and suites.</doc>
<msg timestamp="20220905 11:32:50.343" level="INFO">${response} = &lt;Response [200]&gt;</msg>
<status status="PASS" starttime="20220905 11:32:50.342" endtime="20220905 11:32:50.344"/>
</kw>
<status status="PASS" starttime="20220905 11:32:50.329" endtime="20220905 11:32:50.344"/>
</kw>
<kw name="Validar Status Code &quot;200&quot;" library="commons" sourcename="Validar Status Code &quot;${status_code}&quot;">
<kw name="Should Be True" library="BuiltIn">
<arg>${response.status_code} == ${status_code}</arg>
<doc>Fails if the given condition is not true.</doc>
<status status="PASS" starttime="20220905 11:32:50.346" endtime="20220905 11:32:50.349"/>
</kw>
<status status="PASS" starttime="20220905 11:32:50.346" endtime="20220905 11:32:50.349"/>
</kw>
<kw name="Validar Mensagem Contém &quot;sucesso&quot;" library="commons" sourcename="Validar Mensagem Contém &quot;${palavra}&quot;">
<kw name="Should Contain" library="BuiltIn">
<arg>${response.json()["message"]}</arg>
<arg>${palavra}</arg>
<doc>Fails if ``container`` does not contain ``item`` one or more times.</doc>
<status status="PASS" starttime="20220905 11:32:50.350" endtime="20220905 11:32:50.351"/>
</kw>
<status status="PASS" starttime="20220905 11:32:50.349" endtime="20220905 11:32:50.351"/>
</kw>
<kw name="Validar Saldo Produtos" library="carrinhos_kw">
<kw name="Mostrar Saldo Produtos Carrinho" library="library">
<var>${saldo}</var>
<arg>carrinho=${payload["produtos"]}</arg>
<msg timestamp="20220905 11:32:50.360" level="INFO">${saldo} = ['Logitech MX Vertical: 365', 'Smartwatch: 46']</msg>
<status status="PASS" starttime="20220905 11:32:50.352" endtime="20220905 11:32:50.360"/>
</kw>
<kw name="Log To Console" library="BuiltIn">
<arg>Saldo: ${saldo}</arg>
<doc>Logs the given message to the console.</doc>
<status status="PASS" starttime="20220905 11:32:50.361" endtime="20220905 11:32:50.363"/>
</kw>
<status status="PASS" starttime="20220905 11:32:50.351" endtime="20220905 11:32:50.363"/>
</kw>
<tag>tc37</tag>
<status status="PASS" starttime="20220905 11:32:50.258" endtime="20220905 11:32:50.366"/>
</test>
<test id="s1-s1-t8" name="TC 38: Excluir carrinho com token expirado 401" line="71">
<kw name="Definir Token Expirado" library="commons">
<kw name="Set Variable" library="BuiltIn">
<var>${token}</var>
<arg>"Bearer eyJhbGciOiJIUzI1NiIsInR5cCI6IkpXVCJ9.eyJlbWFpbCI6ImZ1bGFub0BxYS5jb20iLCJwYXNzd29yZCI6InRlc3RlIiwiaWF0IjoxNTg5NzU4NzQ2LCJleHAiOjE1ODk3Njg3NDZ9.B6TASHV8k9xBerz4NSeFBlAZGSDhZlqESt767M0567I"</arg>
<doc>Returns the given values which can then be assigned to a variables.</doc>
<msg timestamp="20220905 11:32:50.371" level="INFO">${token} = "Bearer eyJhbGciOiJIUzI1NiIsInR5cCI6IkpXVCJ9.eyJlbWFpbCI6ImZ1bGFub0BxYS5jb20iLCJwYXNzd29yZCI6InRlc3RlIiwiaWF0IjoxNTg5NzU4NzQ2LCJleHAiOjE1ODk3Njg3NDZ9.B6TASHV8k9xBerz4NSeFBlAZGSDhZlqESt767M0567I"</msg>
<status status="PASS" starttime="20220905 11:32:50.371" endtime="20220905 11:32:50.371"/>
</kw>
<kw name="Set Global Variable" library="BuiltIn">
<arg>${token}</arg>
<doc>Makes a variable available globally in all tests and suites.</doc>
<msg timestamp="20220905 11:32:50.372" level="INFO">${token} = "Bearer eyJhbGciOiJIUzI1NiIsInR5cCI6IkpXVCJ9.eyJlbWFpbCI6ImZ1bGFub0BxYS5jb20iLCJwYXNzd29yZCI6InRlc3RlIiwiaWF0IjoxNTg5NzU4NzQ2LCJleHAiOjE1ODk3Njg3NDZ9.B6TASHV8k9xBerz4NSeFBlAZGSDhZlqESt767M0567I"</msg>
<status status="PASS" starttime="20220905 11:32:50.372" endtime="20220905 11:32:50.372"/>
</kw>
<status status="PASS" starttime="20220905 11:32:50.370" endtime="20220905 11:32:50.372"/>
</kw>
<kw name="DELETE Endpoint /carrinhos/concluir-compra" library="carrinhos_kw">
<kw name="Create Dictionary" library="BuiltIn">
<var>&amp;{header}</var>
<arg>Authorization=${token}</arg>
<doc>Creates and returns a dictionary based on the given ``items``.</doc>
<msg timestamp="20220905 11:32:50.374" level="INFO">&amp;{header} = { Authorization="Bearer eyJhbGciOiJIUzI1NiIsInR5cCI6IkpXVCJ9.eyJlbWFpbCI6ImZ1bGFub0BxYS5jb20iLCJwYXNzd29yZCI6InRlc3RlIiwiaWF0IjoxNTg5NzU4NzQ2LCJleHAiOjE1ODk3Njg3NDZ9.B6TASHV8k9xBerz4NSeFBlAZGSDhZlqESt...</msg>
<status status="PASS" starttime="20220905 11:32:50.373" endtime="20220905 11:32:50.374"/>
</kw>
<kw name="DELETE On Session" library="RequestsLibrary">
<var>${response}</var>
<arg>serverest</arg>
<arg>/carrinhos/concluir-compra/</arg>
<arg>expected_status=any</arg>
<arg>headers=&amp;{header}</arg>
<doc>Sends a DELETE request on a previously created HTTP Session.</doc>
<msg timestamp="20220905 11:32:50.380" level="INFO">DELETE Request : url=http://localhost:3000/carrinhos/concluir-compra/ 
 path_url=/carrinhos/concluir-compra/ 
 headers={'User-Agent': 'python-requests/2.28.1', 'Accept-Encoding': 'gzip, deflate', 'Accept': '*/*', 'Connection': 'keep-alive', 'Authorization': '"Bearer eyJhbGciOiJIUzI1NiIsInR5cCI6IkpXVCJ9.eyJlbWFpbCI6ImZ1bGFub0BxYS5jb20iLCJwYXNzd29yZCI6InRlc3RlIiwiaWF0IjoxNTg5NzU4NzQ2LCJleHAiOjE1ODk3Njg3NDZ9.B6TASHV8k9xBerz4NSeFBlAZGSDhZlqESt767M0567I"', 'Content-Length': '0'} 
 body=None 
 </msg>
<msg timestamp="20220905 11:32:50.381" level="INFO">DELETE Response : url=http://localhost:3000/carrinhos/concluir-compra/ 
 status=401, reason=Unauthorized 
 headers={'Access-Control-Allow-Origin': '*', 'x-dns-prefetch-control': 'off', 'x-frame-options': 'SAMEORIGIN', 'strict-transport-security': 'max-age=15552000; includeSubDomains', 'x-download-options': 'noopen', 'x-content-type-options': 'nosniff', 'x-xss-protection': '1; mode=block', 'x-moesif-transaction-id': 'b2a714d9-0e8b-4f19-8f68-3539bbf35eb1', 'Content-Type': 'application/json; charset=utf-8', 'Content-Length': '103', 'Date': 'Mon, 05 Sep 2022 14:32:50 GMT', 'Connection': 'keep-alive', 'Keep-Alive': 'timeout=5'} 
 body={
    "message": "Token de acesso ausente, inválido, expirado ou usuário do token não existe mais"
} 
 </msg>
<msg timestamp="20220905 11:32:50.381" level="INFO">${response} = &lt;Response [401]&gt;</msg>
<status status="PASS" starttime="20220905 11:32:50.374" endtime="20220905 11:32:50.381"/>
</kw>
<kw name="Log To Console" library="BuiltIn">
<arg>Response:${response.content}</arg>
<doc>Logs the given message to the console.</doc>
<status status="PASS" starttime="20220905 11:32:50.381" endtime="20220905 11:32:50.382"/>
</kw>
<kw name="Set Global Variable" library="BuiltIn">
<arg>${response}</arg>
<doc>Makes a variable available globally in all tests and suites.</doc>
<msg timestamp="20220905 11:32:50.383" level="INFO">${response} = &lt;Response [401]&gt;</msg>
<status status="PASS" starttime="20220905 11:32:50.383" endtime="20220905 11:32:50.383"/>
</kw>
<status status="PASS" starttime="20220905 11:32:50.373" endtime="20220905 11:32:50.384"/>
</kw>
<kw name="Validar Status Code &quot;401&quot;" library="commons" sourcename="Validar Status Code &quot;${status_code}&quot;">
<kw name="Should Be True" library="BuiltIn">
<arg>${response.status_code} == ${status_code}</arg>
<doc>Fails if the given condition is not true.</doc>
<status status="PASS" starttime="20220905 11:32:50.385" endtime="20220905 11:32:50.387"/>
</kw>
<status status="PASS" starttime="20220905 11:32:50.385" endtime="20220905 11:32:50.387"/>
</kw>
<kw name="Validar Mensagem Contém &quot;inválido&quot;" library="commons" sourcename="Validar Mensagem Contém &quot;${palavra}&quot;">
<kw name="Should Contain" library="BuiltIn">
<arg>${response.json()["message"]}</arg>
<arg>${palavra}</arg>
<doc>Fails if ``container`` does not contain ``item`` one or more times.</doc>
<status status="PASS" starttime="20220905 11:32:50.388" endtime="20220905 11:32:50.389"/>
</kw>
<status status="PASS" starttime="20220905 11:32:50.388" endtime="20220905 11:32:50.389"/>
</kw>
<tag>tc38</tag>
<status status="PASS" starttime="20220905 11:32:50.368" endtime="20220905 11:32:50.390"/>
</test>
<test id="s1-s1-t9" name="TC 39: Excluir carrinho e retornar produtos para estoque - cancelar compra 200" line="78">
<kw name="Selecionar Login &quot;user_valido&quot;" library="login_kw" sourcename="Selecionar Login &quot;${val}&quot;">
<kw name="Importar JSON Estático" library="commons">
<var>${json}</var>
<arg>json_login.json</arg>
<kw name="Get File" library="OperatingSystem">
<var>${arquivo}</var>
<arg>${EXECDIR}/support/fixture/${nome_arquivo}</arg>
<doc>Returns the contents of a specified file.</doc>
<msg timestamp="20220905 11:32:50.395" level="INFO" html="true">Getting file '&lt;a href="file://C:\Users\Laura\Documents\Programa de Bolsas Compass.UOL\RoboTron_LauraGehrke_DesafioFinal\support\fixture\json_login.json"&gt;C:\Users\Laura\Documents\Programa de Bolsas Compass.UOL\RoboTron_LauraGehrke_DesafioFinal\support\fixture\json_login.json&lt;/a&gt;'.</msg>
<msg timestamp="20220905 11:32:50.396" level="INFO">${arquivo} = {
    "user_valido": {
        "email": "fulano@qa.com",
        "password": "teste"
    },
    "user_invalido": {
        "email": "email@inexistente.com",
        "password": "teste321"
    },
    "...</msg>
<status status="PASS" starttime="20220905 11:32:50.394" endtime="20220905 11:32:50.396"/>
</kw>
<kw name="Evaluate" library="BuiltIn">
<var>${data}</var>
<arg>json.loads('''${arquivo}''')</arg>
<arg>json</arg>
<doc>Evaluates the given expression in Python and returns the result.</doc>
<msg timestamp="20220905 11:32:50.397" level="INFO">${data} = {'user_valido': {'email': 'fulano@qa.com', 'password': 'teste'}, 'user_invalido': {'email': 'email@inexistente.com', 'password': 'teste321'}, 'user_senha_errada': {'email': 'fulano@qa.com', 'password'...</msg>
<status status="PASS" starttime="20220905 11:32:50.396" endtime="20220905 11:32:50.397"/>
</kw>
<msg timestamp="20220905 11:32:50.397" level="INFO">${json} = {'user_valido': {'email': 'fulano@qa.com', 'password': 'teste'}, 'user_invalido': {'email': 'email@inexistente.com', 'password': 'teste321'}, 'user_senha_errada': {'email': 'fulano@qa.com', 'password'...</msg>
<status status="PASS" starttime="20220905 11:32:50.394" endtime="20220905 11:32:50.397"/>
</kw>
<kw name="Set Variable" library="BuiltIn">
<var>${payload}</var>
<arg>${json["${val}"]}</arg>
<doc>Returns the given values which can then be assigned to a variables.</doc>
<msg timestamp="20220905 11:32:50.398" level="INFO">${payload} = {'email': 'fulano@qa.com', 'password': 'teste'}</msg>
[...]
<var>${email}</var>
<msg timestamp="20220905 11:32:52.122" level="INFO">${email} = colejulian@example.net</msg>
<status status="PASS" starttime="20220905 11:32:52.121" endtime="20220905 11:32:52.122"/>
</kw>
<kw name="Create Dictionary" library="BuiltIn">
<var>${payload}</var>
<arg>nome=${nome}</arg>
<arg>email=${email}</arg>
<arg>password=senha123</arg>
<arg>administrador=true</arg>
<doc>Creates and returns a dictionary based on the given ``items``.</doc>
<msg timestamp="20220905 11:32:52.123" level="INFO">${payload} = {'nome': 'William Waters', 'email': 'colejulian@example.net', 'password': 'senha123', 'administrador': 'true'}</msg>
<status status="PASS" starttime="20220905 11:32:52.123" endtime="20220905 11:32:52.123"/>
</kw>
<kw name="Log To Console" library="BuiltIn">
<arg>${payload}</arg>
<doc>Logs the given message to the console.</doc>
<status status="PASS" starttime="20220905 11:32:52.124" endtime="20220905 11:32:52.124"/>
</kw>
<kw name="Set Global Variable" library="BuiltIn">
<arg>${payload}</arg>
<doc>Makes a variable available globally in all tests and suites.</doc>
<msg timestamp="20220905 11:32:52.125" level="INFO">${payload} = {'nome': 'William Waters', 'email': 'colejulian@example.net', 'password': 'senha123', 'administrador': 'true'}</msg>
<status status="PASS" starttime="20220905 11:32:52.124" endtime="20220905 11:32:52.125"/>
</kw>
<status status="PASS" starttime="20220905 11:32:52.119" endtime="20220905 11:32:52.125"/>
</kw>
<kw name="Seleciona ID &quot;000000000000&quot;" library="commons" sourcename="Seleciona ID &quot;${id}&quot;">
<kw name="Set Variable" library="BuiltIn">
<var>${id_guardado}</var>
<arg>${id}</arg>
<doc>Returns the given values which can then be assigned to a variables.</doc>
<msg timestamp="20220905 11:32:52.126" level="INFO">${id_guardado} = 000000000000</msg>
<status status="PASS" starttime="20220905 11:32:52.126" endtime="20220905 11:32:52.126"/>
</kw>
<kw name="Set Global Variable" library="BuiltIn">
<arg>${id_guardado}</arg>
<doc>Makes a variable available globally in all tests and suites.</doc>
<msg timestamp="20220905 11:32:52.127" level="INFO">${id_guardado} = 000000000000</msg>
<status status="PASS" starttime="20220905 11:32:52.127" endtime="20220905 11:32:52.127"/>
</kw>
<status status="PASS" starttime="20220905 11:32:52.126" endtime="20220905 11:32:52.127"/>
</kw>
<kw name="PUT Endpoint /usuarios" library="usuarios_kw">
<kw name="PUT On Session" library="RequestsLibrary">
<var>${response}</var>
<arg>serverest</arg>
<arg>/usuarios/${id_guardado}</arg>
<arg>json=&amp;{payload}</arg>
<arg>expected_status=any</arg>
<doc>Sends a PUT request on a previously created HTTP Session.</doc>
<msg timestamp="20220905 11:32:52.136" level="INFO">PUT Request : url=http://localhost:3000/usuarios/000000000000 
 path_url=/usuarios/000000000000 
 headers={'User-Agent': 'python-requests/2.28.1', 'Accept-Encoding': 'gzip, deflate', 'Accept': '*/*', 'Connection': 'keep-alive', 'Content-Length': '110', 'Content-Type': 'application/json'} 
 body=b'{"nome": "William Waters", "email": "colejulian@example.net", "password": "senha123", "administrador": "true"}' 
 </msg>
<msg timestamp="20220905 11:32:52.136" level="INFO">PUT Response : url=http://localhost:3000/usuarios/000000000000 
 status=201, reason=Created 
 headers={'Access-Control-Allow-Origin': '*', 'x-dns-prefetch-control': 'off', 'x-frame-options': 'SAMEORIGIN', 'strict-transport-security': 'max-age=15552000; includeSubDomains', 'x-download-options': 'noopen', 'x-content-type-options': 'nosniff', 'x-xss-protection': '1; mode=block', 'x-moesif-transaction-id': '49951c7d-94a4-4fda-8564-8a2f27cc38d1', 'Content-Type': 'application/json; charset=utf-8', 'Content-Length': '82', 'Date': 'Mon, 05 Sep 2022 14:32:52 GMT', 'Connection': 'keep-alive', 'Keep-Alive': 'timeout=5'} 
 body={
    "message": "Cadastro realizado com sucesso",
    "_id": "lQ2cG0v3xlrcTCz7"
} 
 </msg>
<msg timestamp="20220905 11:32:52.136" level="INFO">${response} = &lt;Response [201]&gt;</msg>
<status status="PASS" starttime="20220905 11:32:52.128" endtime="20220905 11:32:52.136"/>
</kw>
<kw name="Log To Console" library="BuiltIn">
<arg>Resposta: ${response.content}</arg>
<doc>Logs the given message to the console.</doc>
<status status="PASS" starttime="20220905 11:32:52.137" endtime="20220905 11:32:52.140"/>
</kw>
<kw name="Set Global Variable" library="BuiltIn">
<arg>${response}</arg>
<doc>Makes a variable available globally in all tests and suites.</doc>
<msg timestamp="20220905 11:32:52.141" level="INFO">${response} = &lt;Response [201]&gt;</msg>
<status status="PASS" starttime="20220905 11:32:52.140" endtime="20220905 11:32:52.141"/>
</kw>
<status status="PASS" starttime="20220905 11:32:52.128" endtime="20220905 11:32:52.141"/>
</kw>
<kw name="Guardar ID" library="commons">
<kw name="Set Variable" library="BuiltIn">
<var>${id_guardado}</var>
<arg>${response.json()["_id"]}</arg>
<doc>Returns the given values which can then be assigned to a variables.</doc>
<msg timestamp="20220905 11:32:52.143" level="INFO">${id_guardado} = lQ2cG0v3xlrcTCz7</msg>
<status status="PASS" starttime="20220905 11:32:52.142" endtime="20220905 11:32:52.143"/>
</kw>
<kw name="Log To Console" library="BuiltIn">
<arg>ID salvo: ${id_guardado}</arg>
<doc>Logs the given message to the console.</doc>
<status status="PASS" starttime="20220905 11:32:52.143" endtime="20220905 11:32:52.144"/>
</kw>
<kw name="Set Global Variable" library="BuiltIn">
<arg>${id_guardado}</arg>
<doc>Makes a variable available globally in all tests and suites.</doc>
<msg timestamp="20220905 11:32:52.146" level="INFO">${id_guardado} = lQ2cG0v3xlrcTCz7</msg>
<status status="PASS" starttime="20220905 11:32:52.144" endtime="20220905 11:32:52.146"/>
</kw>
<status status="PASS" starttime="20220905 11:32:52.142" endtime="20220905 11:32:52.146"/>
</kw>
<kw name="Validar Status Code &quot;201&quot;" library="commons" sourcename="Validar Status Code &quot;${status_code}&quot;">
<kw name="Should Be True" library="BuiltIn">
<arg>${response.status_code} == ${status_code}</arg>
<doc>Fails if the given condition is not true.</doc>
<status status="PASS" starttime="20220905 11:32:52.148" endtime="20220905 11:32:52.149"/>
</kw>
<status status="PASS" starttime="20220905 11:32:52.147" endtime="20220905 11:32:52.150"/>
</kw>
<kw name="Validar Mensagem Contém &quot;Cadastro&quot;" library="commons" sourcename="Validar Mensagem Contém &quot;${palavra}&quot;">
<kw name="Should Contain" library="BuiltIn">
<arg>${response.json()["message"]}</arg>
<arg>${palavra}</arg>
<doc>Fails if ``container`` does not contain ``item`` one or more times.</doc>
<status status="PASS" starttime="20220905 11:32:52.150" endtime="20220905 11:32:52.151"/>
</kw>
<status status="PASS" starttime="20220905 11:32:52.150" endtime="20220905 11:32:52.152"/>
</kw>
<kw name="DELETE Endpoint /usuarios" library="usuarios_kw">
<kw name="DELETE On Session" library="RequestsLibrary">
<var>${response}</var>
<arg>serverest</arg>
<arg>/usuarios/${id_guardado}</arg>
<arg>expected_status=any</arg>
<doc>Sends a DELETE request on a previously created HTTP Session.</doc>
<msg timestamp="20220905 11:32:52.160" level="INFO">DELETE Request : url=http://localhost:3000/usuarios/lQ2cG0v3xlrcTCz7 
 path_url=/usuarios/lQ2cG0v3xlrcTCz7 
 headers={'User-Agent': 'python-requests/2.28.1', 'Accept-Encoding': 'gzip, deflate', 'Accept': '*/*', 'Connection': 'keep-alive', 'Content-Length': '0'} 
 body=None 
 </msg>
<msg timestamp="20220905 11:32:52.161" level="INFO">DELETE Response : url=http://localhost:3000/usuarios/lQ2cG0v3xlrcTCz7 
 status=200, reason=OK 
 headers={'Access-Control-Allow-Origin': '*', 'x-dns-prefetch-control': 'off', 'x-frame-options': 'SAMEORIGIN', 'strict-transport-security': 'max-age=15552000; includeSubDomains', 'x-download-options': 'noopen', 'x-content-type-options': 'nosniff', 'x-xss-protection': '1; mode=block', 'x-moesif-transaction-id': '1e8aff26-b172-42e9-92b4-da4062c552ee', 'Content-Type': 'application/json; charset=utf-8', 'Content-Length': '51', 'Date': 'Mon, 05 Sep 2022 14:32:52 GMT', 'Connection': 'keep-alive', 'Keep-Alive': 'timeout=5'} 
 body={
    "message": "Registro excluído com sucesso"
} 
 </msg>
<msg timestamp="20220905 11:32:52.161" level="INFO">${response} = &lt;Response [200]&gt;</msg>
<status status="PASS" starttime="20220905 11:32:52.152" endtime="20220905 11:32:52.161"/>
</kw>
<kw name="Log To Console" library="BuiltIn">
<arg>Response:${response.content}</arg>
<doc>Logs the given message to the console.</doc>
<status status="PASS" starttime="20220905 11:32:52.162" endtime="20220905 11:32:52.163"/>
</kw>
<kw name="Set Global Variable" library="BuiltIn">
<arg>${response}</arg>
<doc>Makes a variable available globally in all tests and suites.</doc>
<msg timestamp="20220905 11:32:52.164" level="INFO">${response} = &lt;Response [200]&gt;</msg>
<status status="PASS" starttime="20220905 11:32:52.164" endtime="20220905 11:32:52.164"/>
</kw>
<status status="PASS" starttime="20220905 11:32:52.152" endtime="20220905 11:32:52.165"/>
</kw>
<tag>tc13</tag>
<status status="PASS" starttime="20220905 11:32:52.118" endtime="20220905 11:32:52.165"/>
</test>
<test id="s1-s4-t11" name="TC 14: PUT - Editar usuário usando email já cadastrado 400" line="89">
<kw name="Seleciona ID &quot;UES5DKNIxfWTo5rJ&quot;" library="commons" sourcename="Seleciona ID &quot;${id}&quot;">
<kw name="Set Variable" library="BuiltIn">
<var>${id_guardado}</var>
<arg>${id}</arg>
<doc>Returns the given values which can then be assigned to a variables.</doc>
<msg timestamp="20220905 11:32:52.168" level="INFO">${id_guardado} = UES5DKNIxfWTo5rJ</msg>
<status status="PASS" starttime="20220905 11:32:52.167" endtime="20220905 11:32:52.168"/>
</kw>
<kw name="Set Global Variable" library="BuiltIn">
<arg>${id_guardado}</arg>
<doc>Makes a variable available globally in all tests and suites.</doc>
<msg timestamp="20220905 11:32:52.168" level="INFO">${id_guardado} = UES5DKNIxfWTo5rJ</msg>
<status status="PASS" starttime="20220905 11:32:52.168" endtime="20220905 11:32:52.168"/>
</kw>
<status status="PASS" starttime="20220905 11:32:52.167" endtime="20220905 11:32:52.169"/>
</kw>
<kw name="Selecionar Usuário &quot;user_repetido&quot;" library="usuarios_kw" sourcename="Selecionar Usuário &quot;${user}&quot;">
<kw name="Importar JSON Estático" library="commons">
<var>${json}</var>
<arg>json_usuarios.json</arg>
<kw name="Get File" library="OperatingSystem">
<var>${arquivo}</var>
<arg>${EXECDIR}/support/fixture/${nome_arquivo}</arg>
<doc>Returns the contents of a specified file.</doc>
<msg timestamp="20220905 11:32:52.172" level="INFO" html="true">Getting file '&lt;a href="file://C:\Users\Laura\Documents\Programa de Bolsas Compass.UOL\RoboTron_LauraGehrke_DesafioFinal\support\fixture\json_usuarios.json"&gt;C:\Users\Laura\Documents\Programa de Bolsas Compass.UOL\RoboTron_LauraGehrke_DesafioFinal\support\fixture\json_usuarios.json&lt;/a&gt;'.</msg>
<msg timestamp="20220905 11:32:52.172" level="INFO">${arquivo} = {
    "user_modificar": {
        "nome": "Alan Turing",
        "email": "alanturing@gmail.com",
        "password": "senha123",
        "administrador": "true"
    },
    "user_repetido": {
        ...</msg>
<status status="PASS" starttime="20220905 11:32:52.172" endtime="20220905 11:32:52.172"/>
</kw>
<kw name="Evaluate" library="BuiltIn">
<var>${data}</var>
<arg>json.loads('''${arquivo}''')</arg>
<arg>json</arg>
<doc>Evaluates the given expression in Python and returns the result.</doc>
<msg timestamp="20220905 11:32:52.172" level="INFO">${data} = {'user_modificar': {'nome': 'Alan Turing', 'email': 'alanturing@gmail.com', 'password': 'senha123', 'administrador': 'true'}, 'user_repetido': {'nome': 'Fulano Repetido', 'email': 'fulano@qa.com', 'pa...</msg>
<status status="PASS" starttime="20220905 11:32:52.172" endtime="20220905 11:32:52.172"/>
</kw>
<msg timestamp="20220905 11:32:52.173" level="INFO">${json} = {'user_modificar': {'nome': 'Alan Turing', 'email': 'alanturing@gmail.com', 'password': 'senha123', 'administrador': 'true'}, 'user_repetido': {'nome': 'Fulano Repetido', 'email': 'fulano@qa.com', 'pa...</msg>
<status status="PASS" starttime="20220905 11:32:52.170" endtime="20220905 11:32:52.173"/>
</kw>
<kw name="Set Variable" library="BuiltIn">
<var>${payload}</var>
<arg>${json["${user}"]}</arg>
<doc>Returns the given values which can then be assigned to a variables.</doc>
<msg timestamp="20220905 11:32:52.174" level="INFO">${payload} = {'nome': 'Fulano Repetido', 'email': 'fulano@qa.com', 'password': 'teste', 'administrador': 'true'}</msg>
<status status="PASS" starttime="20220905 11:32:52.173" endtime="20220905 11:32:52.174"/>
</kw>
<kw name="Set Global Variable" library="BuiltIn">
<arg>${payload}</arg>
<doc>Makes a variable available globally in all tests and suites.</doc>
<msg timestamp="20220905 11:32:52.174" level="INFO">${payload} = {'nome': 'Fulano Repetido', 'email': 'fulano@qa.com', 'password': 'teste', 'administrador': 'true'}</msg>
<status status="PASS" starttime="20220905 11:32:52.174" endtime="20220905 11:32:52.175"/>
</kw>
<status status="PASS" starttime="20220905 11:32:52.169" endtime="20220905 11:32:52.175"/>
</kw>
<kw name="PUT Endpoint /usuarios" library="usuarios_kw">
<kw name="PUT On Session" library="RequestsLibrary">
<var>${response}</var>
<arg>serverest</arg>
<arg>/usuarios/${id_guardado}</arg>
<arg>json=&amp;{payload}</arg>
<arg>expected_status=any</arg>
<doc>Sends a PUT request on a previously created HTTP Session.</doc>
<msg timestamp="20220905 11:32:52.182" level="INFO">PUT Request : url=http://localhost:3000/usuarios/UES5DKNIxfWTo5rJ 
 path_url=/usuarios/UES5DKNIxfWTo5rJ 
 headers={'User-Agent': 'python-requests/2.28.1', 'Accept-Encoding': 'gzip, deflate', 'Accept': '*/*', 'Connection': 'keep-alive', 'Content-Length': '99', 'Content-Type': 'application/json'} 
 body=b'{"nome": "Fulano Repetido", "email": "fulano@qa.com", "password": "teste", "administrador": "true"}' 
 </msg>
<msg timestamp="20220905 11:32:52.182" level="INFO">PUT Response : url=http://localhost:3000/usuarios/UES5DKNIxfWTo5rJ 
 status=400, reason=Bad Request 
 headers={'Access-Control-Allow-Origin': '*', 'x-dns-prefetch-control': 'off', 'x-frame-options': 'SAMEORIGIN', 'strict-transport-security': 'max-age=15552000; includeSubDomains', 'x-download-options': 'noopen', 'x-content-type-options': 'nosniff', 'x-xss-protection': '1; mode=block', 'x-moesif-transaction-id': 'c452946a-1b76-4c13-9a67-dcba6ace3921', 'Content-Type': 'application/json; charset=utf-8', 'Content-Length': '53', 'Date': 'Mon, 05 Sep 2022 14:32:52 GMT', 'Connection': 'keep-alive', 'Keep-Alive': 'timeout=5'} 
 body={
    "message": "Este email já está sendo usado"
} 
 </msg>
<msg timestamp="20220905 11:32:52.182" level="INFO">${response} = &lt;Response [400]&gt;</msg>
<status status="PASS" starttime="20220905 11:32:52.175" endtime="20220905 11:32:52.182"/>
</kw>
<kw name="Log To Console" library="BuiltIn">
<arg>Resposta: ${response.content}</arg>
<doc>Logs the given message to the console.</doc>
<status status="PASS" starttime="20220905 11:32:52.182" endtime="20220905 11:32:52.184"/>
</kw>
<kw name="Set Global Variable" library="BuiltIn">
<arg>${response}</arg>
<doc>Makes a variable available globally in all tests and suites.</doc>
<msg timestamp="20220905 11:32:52.185" level="INFO">${response} = &lt;Response [400]&gt;</msg>
<status status="PASS" starttime="20220905 11:32:52.184" endtime="20220905 11:32:52.185"/>
</kw>
<status status="PASS" starttime="20220905 11:32:52.175" endtime="20220905 11:32:52.185"/>
</kw>
<kw name="Validar Status Code &quot;400&quot;" library="commons" sourcename="Validar Status Code &quot;${status_code}&quot;">
<kw name="Should Be True" library="BuiltIn">
<arg>${response.status_code} == ${status_code}</arg>
<doc>Fails if the given condition is not true.</doc>
<status status="PASS" starttime="20220905 11:32:52.187" endtime="20220905 11:32:52.190"/>
</kw>
<status status="PASS" starttime="20220905 11:32:52.186" endtime="20220905 11:32:52.190"/>
</kw>
<kw name="Validar Mensagem Contém &quot;usado&quot;" library="commons" sourcename="Validar Mensagem Contém &quot;${palavra}&quot;">
<kw name="Should Contain" library="BuiltIn">
<arg>${response.json()["message"]}</arg>
<arg>${palavra}</arg>
<doc>Fails if ``container`` does not contain ``item`` one or more times.</doc>
<status status="PASS" starttime="20220905 11:32:52.191" endtime="20220905 11:32:52.192"/>
</kw>
<status status="PASS" starttime="20220905 11:32:52.190" endtime="20220905 11:32:52.192"/>
</kw>
<kw name="Validar Email Já Cadastrado" library="usuarios_kw">
<kw name="Mostrar Usuario Email" library="library">
<var>${usuario}</var>
<arg>email=${payload["email"]}</arg>
<msg timestamp="20220905 11:32:52.209" level="INFO">${usuario} = Fulano da Silva</msg>
<status status="PASS" starttime="20220905 11:32:52.193" endtime="20220905 11:32:52.209"/>
</kw>
<kw name="Log To Console" library="BuiltIn">
<arg>Usuário: ${usuario}</arg>
<doc>Logs the given message to the console.</doc>
<status status="PASS" starttime="20220905 11:32:52.209" endtime="20220905 11:32:52.210"/>
</kw>
<status status="PASS" starttime="20220905 11:32:52.193" endtime="20220905 11:32:52.210"/>
</kw>
<tag>tc14</tag>
<status status="PASS" starttime="20220905 11:32:52.166" endtime="20220905 11:32:52.211"/>
</test>
<doc>Testes para o endpoint /usuarios</doc>
<status status="PASS" starttime="20220905 11:32:51.669" endtime="20220905 11:32:52.213"/>
</suite>
<status status="FAIL" starttime="20220905 11:32:49.117" endtime="20220905 11:32:52.217"/>
</suite>
<statistics>
<total>
<stat pass="38" fail="2" skip="0">All Tests</stat>
</total>
<tag>
<stat pass="1" fail="0" skip="0">tc01</stat>
<stat pass="0" fail="1" skip="0">tc02</stat>
<stat pass="0" fail="1" skip="0">tc03</stat>
<stat pass="1" fail="0" skip="0">tc04</stat>
<stat pass="1" fail="0" skip="0">tc05</stat>
<stat pass="1" fail="0" skip="0">tc06</stat>
<stat pass="1" fail="0" skip="0">tc07</stat>
<stat pass="1" fail="0" skip="0">tc08</stat>
<stat pass="1" fail="0" skip="0">tc09</stat>
<stat pass="1" fail="0" skip="0">tc10</stat>
<stat pass="1" fail="0" skip="0">tc11</stat>
<stat pass="1" fail="0" skip="0">tc12</stat>
<stat pass="1" fail="0" skip="0">tc13</stat>
<stat pass="1" fail="0" skip="0">tc14</stat>
<stat pass="1" fail="0" skip="0">tc15</stat>
<stat pass="1" fail="0" skip="0">tc16</stat>
<stat pass="1" fail="0" skip="0">tc17</stat>
<stat pass="1" fail="0" skip="0">tc18</stat>
<stat pass="1" fail="0" skip="0">tc19</stat>
<stat pass="1" fail="0" skip="0">tc20</stat>
<stat pass="1" fail="0" skip="0">tc21</stat>
<stat pass="1" fail="0" skip="0">tc22</stat>
<stat pass="1" fail="0" skip="0">tc23</stat>
<stat pass="1" fail="0" skip="0">tc24</stat>
<stat pass="1" fail="0" skip="0">tc25</stat>
<stat pass="1" fail="0" skip="0">tc26</stat>
<stat pass="1" fail="0" skip="0">tc27</stat>
<stat pass="1" fail="0" skip="0">tc28</stat>
<stat pass="1" fail="0" skip="0">tc29</stat>
<stat pass="1" fail="0" skip="0">tc30</stat>
<stat pass="1" fail="0" skip="0">tc31</stat>
<stat pass="1" fail="0" skip="0">tc32</stat>
<stat pass="1" fail="0" skip="0">tc33</stat>
<stat pass="1" fail="0" skip="0">tc34</stat>
<stat pass="1" fail="0" skip="0">tc35</stat>
<stat pass="1" fail="0" skip="0">tc36</stat>
<stat pass="1" fail="0" skip="0">tc37</stat>
<stat pass="1" fail="0" skip="0">tc38</stat>
<stat pass="1" fail="0" skip="0">tc39</stat>
<stat pass="1" fail="0" skip="0">tc40</stat>
</tag>
<suite>
<stat pass="38" fail="2" skip="0" id="s1" name="Tests">Tests</stat>
<stat pass="10" fail="0" skip="0" id="s1-s1" name="Carrinhos Tests">Tests.Carrinhos Tests</stat>
<stat pass="1" fail="2" skip="0" id="s1-s2" name="Login Tests">Tests.Login Tests</stat>
<stat pass="16" fail="0" skip="0" id="s1-s3" name="Produtos Tests">Tests.Produtos Tests</stat>
<stat pass="11" fail="0" skip="0" id="s1-s4" name="Usuarios Tests">Tests.Usuarios Tests</stat>
</suite>
</statistics>
<errors>
</errors>
</robot>
