<?xml version="1.0" encoding="UTF-8"?>
<robot generator="Robot 5.0.1 (Python 3.8.2 on win32)" generated="20220831 16:19:24.762" rpa="false" schemaversion="3">
<suite id="s1" name="Tests" source="C:\Users\Laura\Documents\Programa de Bolsas Compass.UOL\RoboTron_LauraGehrke_DesafioFinal\tests">
<suite id="s1-s1" name="Carrinhos Tests" source="C:\Users\Laura\Documents\Programa de Bolsas Compass.UOL\RoboTron_LauraGehrke_DesafioFinal\tests\carrinhos_tests.robot">
<kw name="Criar Sessão" library="commons" type="SETUP">
<kw name="Create Session" library="RequestsLibrary">
<arg>serverest</arg>
<arg>${base_uri}</arg>
<doc>Create Session: create a HTTP session to a server</doc>
<msg timestamp="20220831 16:19:25.774" level="INFO">Creating Session using : alias=serverest, url=http://localhost:3000/, headers={},                     cookies={}, auth=None, timeout=None, proxies=None, verify=False,                     debug=0 </msg>
<status status="PASS" starttime="20220831 16:19:25.773" endtime="20220831 16:19:25.774"/>
</kw>
<status status="PASS" starttime="20220831 16:19:25.772" endtime="20220831 16:19:25.775"/>
</kw>
<test id="s1-s1-t1" name="TC 31: Listar carrinhos 200" line="9">
<kw name="GET Endpoint /carrinhos" library="carrinhos_kw">
<kw name="GET On Session" library="RequestsLibrary">
<var>${response}</var>
<arg>serverest</arg>
<arg>/carrinhos</arg>
<doc>Sends a GET request on a previously created HTTP Session.</doc>
<msg timestamp="20220831 16:19:25.802" level="INFO">GET Request : url=http://localhost:3000/carrinhos 
 path_url=/carrinhos 
 headers={'User-Agent': 'python-requests/2.28.1', 'Accept-Encoding': 'gzip, deflate', 'Accept': '*/*', 'Connection': 'keep-alive'} 
 body=None 
 </msg>
<msg timestamp="20220831 16:19:25.803" level="INFO">GET Response : url=http://localhost:3000/carrinhos 
 status=200, reason=OK 
 headers={'Access-Control-Allow-Origin': '*', 'x-dns-prefetch-control': 'off', 'x-frame-options': 'SAMEORIGIN', 'strict-transport-security': 'max-age=15552000; includeSubDomains', 'x-download-options': 'noopen', 'x-content-type-options': 'nosniff', 'x-xss-protection': '1; mode=block', 'x-moesif-transaction-id': 'f8da363f-9f9b-4632-8086-b1043be06a04', 'Content-Type': 'application/json; charset=utf-8', 'Content-Length': '1142', 'Date': 'Wed, 31 Aug 2022 19:19:25 GMT', 'Connection': 'keep-alive', 'Keep-Alive': 'timeout=5'} 
 body={
    "quantidade": 2,
    "carrinhos": [
        {
            "produtos": [
                {
                    "idProduto": "BeeJh5lz3k6kSIzA",
                    "quantidade": 1,
                    "precoUnitario": 470
                },
                {
                    "idProduto": "K6leHdftCeOJj8BJ",
                    "quantidade": 1,
                    "precoUnitario": 5240
                }
            ],
            "precoTotal": 5710,
            "quantidadeTotal": 2,
            "idUsuario": "jIGnJrllFqYxinob",
            "_id": "qC138s3PLIgzJ9X5"
        },
        {
            "produtos": [
                {
                    "idProduto": "BeeJh5lz3k6kSIzA",
                    "quantidade": 2,
                    "precoUnitario": 470
                },
                {
                    "idProduto": "K6leHdftCeOJj8BJ",
                    "quantidade": 1,
                    "precoUnitario": 5240
                }
            ],
            "precoTotal": 6180,
            "quantidadeTotal": 3,
            "idUsuario": "oUb7aGkMtSEPf6BZ",
            "_id": "qbMqntef4iTOwWfg"
        }
    ]
} 
 </msg>
<msg timestamp="20220831 16:19:25.803" level="INFO">${response} = &lt;Response [200]&gt;</msg>
<status status="PASS" starttime="20220831 16:19:25.777" endtime="20220831 16:19:25.803"/>
</kw>
<kw name="Set Global Variable" library="BuiltIn">
<arg>${response}</arg>
<doc>Makes a variable available globally in all tests and suites.</doc>
<msg timestamp="20220831 16:19:25.804" level="INFO">${response} = &lt;Response [200]&gt;</msg>
<status status="PASS" starttime="20220831 16:19:25.803" endtime="20220831 16:19:25.804"/>
</kw>
<status status="PASS" starttime="20220831 16:19:25.776" endtime="20220831 16:19:25.804"/>
</kw>
<kw name="Validar Status Code &quot;200&quot;" library="commons" sourcename="Validar Status Code &quot;${status_code}&quot;">
<kw name="Should Be True" library="BuiltIn">
<arg>${response.status_code} == ${status_code}</arg>
<doc>Fails if the given condition is not true.</doc>
<status status="PASS" starttime="20220831 16:19:25.805" endtime="20220831 16:19:25.807"/>
</kw>
<status status="PASS" starttime="20220831 16:19:25.805" endtime="20220831 16:19:25.807"/>
</kw>
<kw name="Mostrar Conteúdo da Resposta" library="commons">
<kw name="Log To Console" library="BuiltIn">
<arg>Resposta: ${response.content}</arg>
<doc>Logs the given message to the console.</doc>
<status status="PASS" starttime="20220831 16:19:25.808" endtime="20220831 16:19:25.813"/>
</kw>
<status status="PASS" starttime="20220831 16:19:25.808" endtime="20220831 16:19:25.813"/>
</kw>
<tag>tc31</tag>
<status status="PASS" starttime="20220831 16:19:25.775" endtime="20220831 16:19:25.814"/>
</test>
<test id="s1-s1-t2" name="TC 32: Cadastrar carrinho 201" line="15">
<kw name="Selecionar Login &quot;user_valido&quot;" library="login_kw" sourcename="Selecionar Login &quot;${val}&quot;">
<kw name="Importar JSON Estático" library="commons">
<var>${json}</var>
<arg>json_login.json</arg>
<kw name="Get File" library="OperatingSystem">
<var>${arquivo}</var>
<arg>${EXECDIR}/support/fixture/${nome_arquivo}</arg>
<doc>Returns the contents of a specified file.</doc>
<msg timestamp="20220831 16:19:25.818" level="INFO" html="true">Getting file '&lt;a href="file://C:\Users\Laura\Documents\Programa de Bolsas Compass.UOL\RoboTron_LauraGehrke_DesafioFinal\support\fixture\json_login.json"&gt;C:\Users\Laura\Documents\Programa de Bolsas Compass.UOL\RoboTron_LauraGehrke_DesafioFinal\support\fixture\json_login.json&lt;/a&gt;'.</msg>
<msg timestamp="20220831 16:19:25.819" level="INFO">${arquivo} = {
    "user_valido": {
        "email": "fulano@qa.com",
        "password": "teste"
    },
    "user_invalido": {
        "email": "email@inexistente.com",
        "password": "teste321"
    },
    "...</msg>
<status status="PASS" starttime="20220831 16:19:25.818" endtime="20220831 16:19:25.819"/>
</kw>
<kw name="Evaluate" library="BuiltIn">
<var>${data}</var>
<arg>json.loads('''${arquivo}''')</arg>
<arg>json</arg>
<doc>Evaluates the given expression in Python and returns the result.</doc>
<msg timestamp="20220831 16:19:25.820" level="INFO">${data} = {'user_valido': {'email': 'fulano@qa.com', 'password': 'teste'}, 'user_invalido': {'email': 'email@inexistente.com', 'password': 'teste321'}, 'user_senha_errada': {'email': 'fulano@qa.com', 'password'...</msg>
<status status="PASS" starttime="20220831 16:19:25.819" endtime="20220831 16:19:25.820"/>
</kw>
<msg timestamp="20220831 16:19:25.820" level="INFO">${json} = {'user_valido': {'email': 'fulano@qa.com', 'password': 'teste'}, 'user_invalido': {'email': 'email@inexistente.com', 'password': 'teste321'}, 'user_senha_errada': {'email': 'fulano@qa.com', 'password'...</msg>
<status status="PASS" starttime="20220831 16:19:25.817" endtime="20220831 16:19:25.820"/>
</kw>
<kw name="Set Variable" library="BuiltIn">
<var>${payload}</var>
<arg>${json["${val}"]}</arg>
<doc>Returns the given values which can then be assigned to a variables.</doc>
<msg timestamp="20220831 16:19:25.821" level="INFO">${payload} = {'email': 'fulano@qa.com', 'password': 'teste'}</msg>
<status status="PASS" starttime="20220831 16:19:25.820" endtime="20220831 16:19:25.821"/>
</kw>
<kw name="Set Global Variable" library="BuiltIn">
<arg>${payload}</arg>
<doc>Makes a variable available globally in all tests and suites.</doc>
<msg timestamp="20220831 16:19:25.822" level="INFO">${payload} = {'email': 'fulano@qa.com', 'password': 'teste'}</msg>
<status status="PASS" starttime="20220831 16:19:25.821" endtime="20220831 16:19:25.822"/>
</kw>
<status status="PASS" starttime="20220831 16:19:25.817" endtime="20220831 16:19:25.822"/>
</kw>
<kw name="POST Endpoint /login" library="login_kw">
<kw name="POST On Session" library="RequestsLibrary">
<var>${response}</var>
<arg>serverest</arg>
<arg>/login</arg>
<arg>json=&amp;{payload}</arg>
<arg>expected_status=any</arg>
<doc>Sends a POST request on a previously created HTTP Session.</doc>
<msg timestamp="20220831 16:19:25.832" level="INFO">POST Request : url=http://localhost:3000/login 
 path_url=/login 
 headers={'User-Agent': 'python-requests/2.28.1', 'Accept-Encoding': 'gzip, deflate', 'Accept': '*/*', 'Connection': 'keep-alive', 'Content-Length': '47', 'Content-Type': 'application/json'} 
 body=b'{"email": "fulano@qa.com", "password": "teste"}' 
 </msg>
<msg timestamp="20220831 16:19:25.832" level="INFO">POST Response : url=http://localhost:3000/login 
 status=200, reason=OK 
 headers={'Access-Control-Allow-Origin': '*', 'x-dns-prefetch-control': 'off', 'x-frame-options': 'SAMEORIGIN', 'strict-transport-security': 'max-age=15552000; includeSubDomains', 'x-download-options': 'noopen', 'x-content-type-options': 'nosniff', 'x-xss-protection': '1; mode=block', 'x-moesif-transaction-id': 'cdc28dbe-f013-415e-92dc-9a1518b98e4e', 'Content-Type': 'application/json; charset=utf-8', 'Content-Length': '265', 'Date': 'Wed, 31 Aug 2022 19:19:25 GMT', 'Connection': 'keep-alive', 'Keep-Alive': 'timeout=5'} 
 body={
    "message": "Login realizado com sucesso",
    "authorization": "Bearer eyJhbGciOiJIUzI1NiIsInR5cCI6IkpXVCJ9.eyJlbWFpbCI6ImZ1bGFub0BxYS5jb20iLCJwYXNzd29yZCI6InRlc3RlIiwiaWF0IjoxNjYxOTczNTY1LCJleHAiOjE2NjE5NzQxNjV9.ZTw4v7mpEtzQorR6JboKXm-N2UsFVaky87T6opEIyA4"
} 
 </msg>
<msg timestamp="20220831 16:19:25.832" level="INFO">${response} = &lt;Response [200]&gt;</msg>
<status status="PASS" starttime="20220831 16:19:25.824" endtime="20220831 16:19:25.833"/>
</kw>
<kw name="Log To Console" library="BuiltIn">
<arg>Response: ${response.content}</arg>
<doc>Logs the given message to the console.</doc>
<status status="PASS" starttime="20220831 16:19:25.833" endtime="20220831 16:19:25.834"/>
</kw>
<kw name="Set Global Variable" library="BuiltIn">
<arg>${response}</arg>
<doc>Makes a variable available globally in all tests and suites.</doc>
<msg timestamp="20220831 16:19:25.835" level="INFO">${response} = &lt;Response [200]&gt;</msg>
<status status="PASS" starttime="20220831 16:19:25.834" endtime="20220831 16:19:25.835"/>
</kw>
<status status="PASS" starttime="20220831 16:19:25.824" endtime="20220831 16:19:25.836"/>
</kw>
<kw name="Guardar Token" library="login_kw">
<kw name="Set Variable" library="BuiltIn">
<var>${token}</var>
<arg>${response.json()["authorization"]}</arg>
<doc>Returns the given values which can then be assigned to a variables.</doc>
<msg timestamp="20220831 16:19:25.838" level="INFO">${token} = Bearer eyJhbGciOiJIUzI1NiIsInR5cCI6IkpXVCJ9.eyJlbWFpbCI6ImZ1bGFub0BxYS5jb20iLCJwYXNzd29yZCI6InRlc3RlIiwiaWF0IjoxNjYxOTczNTY1LCJleHAiOjE2NjE5NzQxNjV9.ZTw4v7mpEtzQorR6JboKXm-N2UsFVaky87T6opEIyA4</msg>
<status status="PASS" starttime="20220831 16:19:25.837" endtime="20220831 16:19:25.838"/>
</kw>
<kw name="Set Global Variable" library="BuiltIn">
<arg>${token}</arg>
<doc>Makes a variable available globally in all tests and suites.</doc>
<msg timestamp="20220831 16:19:25.839" level="INFO">${token} = Bearer eyJhbGciOiJIUzI1NiIsInR5cCI6IkpXVCJ9.eyJlbWFpbCI6ImZ1bGFub0BxYS5jb20iLCJwYXNzd29yZCI6InRlc3RlIiwiaWF0IjoxNjYxOTczNTY1LCJleHAiOjE2NjE5NzQxNjV9.ZTw4v7mpEtzQorR6JboKXm-N2UsFVaky87T6opEIyA4</msg>
<status status="PASS" starttime="20220831 16:19:25.838" endtime="20220831 16:19:25.839"/>
</kw>
<status status="PASS" starttime="20220831 16:19:25.837" endtime="20220831 16:19:25.839"/>
</kw>
<kw name="Criar carrinho" library="carrinhos_kw">
<kw name="Importar JSON Estático" library="commons">
<var>${json}</var>
<arg>json_carrinhos.json</arg>
<kw name="Get File" library="OperatingSystem">
<var>${arquivo}</var>
<arg>${EXECDIR}/support/fixture/${nome_arquivo}</arg>
<doc>Returns the contents of a specified file.</doc>
<msg timestamp="20220831 16:19:25.841" level="INFO" html="true">Getting file '&lt;a href="file://C:\Users\Laura\Documents\Programa de Bolsas Compass.UOL\RoboTron_LauraGehrke_DesafioFinal\support\fixture\json_carrinhos.json"&gt;C:\Users\Laura\Documents\Programa de Bolsas Compass.UOL\RoboTron_LauraGehrke_DesafioFinal\support\fixture\json_carrinhos.json&lt;/a&gt;'.</msg>
<msg timestamp="20220831 16:19:25.842" level="INFO">${arquivo} = {
    "produtos": [
        {
            "idProduto": "BeeJh5lz3k6kSIzA",
            "quantidade": 1
        },
        {
            "idProduto": "K6leHdftCeOJj8BJ",
            "quantidade": 1
   ...</msg>
<status status="PASS" starttime="20220831 16:19:25.840" endtime="20220831 16:19:25.842"/>
</kw>
<kw name="Evaluate" library="BuiltIn">
<var>${data}</var>
<arg>json.loads('''${arquivo}''')</arg>
<arg>json</arg>
<doc>Evaluates the given expression in Python and returns the result.</doc>
<msg timestamp="20220831 16:19:25.842" level="INFO">${data} = {'produtos': [{'idProduto': 'BeeJh5lz3k6kSIzA', 'quantidade': 1}, {'idProduto': 'K6leHdftCeOJj8BJ', 'quantidade': 1}]}</msg>
<status status="PASS" starttime="20220831 16:19:25.842" endtime="20220831 16:19:25.842"/>
</kw>
<msg timestamp="20220831 16:19:25.843" level="INFO">${json} = {'produtos': [{'idProduto': 'BeeJh5lz3k6kSIzA', 'quantidade': 1}, {'idProduto': 'K6leHdftCeOJj8BJ', 'quantidade': 1}]}</msg>
<status status="PASS" starttime="20220831 16:19:25.840" endtime="20220831 16:19:25.843"/>
</kw>
<kw name="Set Variable" library="BuiltIn">
<var>${payload}</var>
<arg>${json}</arg>
<doc>Returns the given values which can then be assigned to a variables.</doc>
<msg timestamp="20220831 16:19:25.845" level="INFO">${payload} = {'produtos': [{'idProduto': 'BeeJh5lz3k6kSIzA', 'quantidade': 1}, {'idProduto': 'K6leHdftCeOJj8BJ', 'quantidade': 1}]}</msg>
<status status="PASS" starttime="20220831 16:19:25.843" endtime="20220831 16:19:25.846"/>
</kw>
<kw name="Set Global Variable" library="BuiltIn">
<arg>${payload}</arg>
<doc>Makes a variable available globally in all tests and suites.</doc>
<msg timestamp="20220831 16:19:25.848" level="INFO">${payload} = {'produtos': [{'idProduto': 'BeeJh5lz3k6kSIzA', 'quantidade': 1}, {'idProduto': 'K6leHdftCeOJj8BJ', 'quantidade': 1}]}</msg>
<status status="PASS" starttime="20220831 16:19:25.847" endtime="20220831 16:19:25.848"/>
</kw>
<status status="PASS" starttime="20220831 16:19:25.840" endtime="20220831 16:19:25.848"/>
</kw>
<kw name="POST Endpoint /carrinhos" library="carrinhos_kw">
<kw name="Create Dictionary" library="BuiltIn">
<var>&amp;{header}</var>
<arg>Authorization=${token}</arg>
<doc>Creates and returns a dictionary based on the given ``items``.</doc>
<msg timestamp="20220831 16:19:25.850" level="INFO">&amp;{header} = { Authorization=Bearer eyJhbGciOiJIUzI1NiIsInR5cCI6IkpXVCJ9.eyJlbWFpbCI6ImZ1bGFub0BxYS5jb20iLCJwYXNzd29yZCI6InRlc3RlIiwiaWF0IjoxNjYxOTczNTY1LCJleHAiOjE2NjE5NzQxNjV9.ZTw4v7mpEtzQorR6JboKXm-N2UsFVaky87T...</msg>
<status status="PASS" starttime="20220831 16:19:25.849" endtime="20220831 16:19:25.850"/>
</kw>
<kw name="POST On Session" library="RequestsLibrary">
<var>${response}</var>
<arg>serverest</arg>
<arg>/carrinhos</arg>
<arg>json=&amp;{payload}</arg>
<arg>expected_status=any</arg>
<arg>headers=&amp;{header}</arg>
<doc>Sends a POST request on a previously created HTTP Session.</doc>
<msg timestamp="20220831 16:19:25.862" level="INFO">POST Request : url=http://localhost:3000/carrinhos 
 path_url=/carrinhos 
 headers={'User-Agent': 'python-requests/2.28.1', 'Accept-Encoding': 'gzip, deflate', 'Accept': '*/*', 'Connection': 'keep-alive', 'Authorization': 'Bearer eyJhbGciOiJIUzI1NiIsInR5cCI6IkpXVCJ9.eyJlbWFpbCI6ImZ1bGFub0BxYS5jb20iLCJwYXNzd29yZCI6InRlc3RlIiwiaWF0IjoxNjYxOTczNTY1LCJleHAiOjE2NjE5NzQxNjV9.ZTw4v7mpEtzQorR6JboKXm-N2UsFVaky87T6opEIyA4', 'Content-Length': '118', 'Content-Type': 'application/json'} 
 body=b'{"produtos": [{"idProduto": "BeeJh5lz3k6kSIzA", "quantidade": 1}, {"idProduto": "K6leHdftCeOJj8BJ", "quantidade": 1}]}' 
 </msg>
<msg timestamp="20220831 16:19:25.862" level="INFO">POST Response : url=http://localhost:3000/carrinhos 
 status=201, reason=Created 
 headers={'Access-Control-Allow-Origin': '*', 'x-dns-prefetch-control': 'off', 'x-frame-options': 'SAMEORIGIN', 'strict-transport-security': 'max-age=15552000; includeSubDomains', 'x-download-options': 'noopen', 'x-content-type-options': 'nosniff', 'x-xss-protection': '1; mode=block', 'x-moesif-transaction-id': '8cd0f22f-20db-4b7b-9612-70ad5c4cdc4c', 'Content-Type': 'application/json; charset=utf-8', 'Content-Length': '82', 'Date': 'Wed, 31 Aug 2022 19:19:25 GMT', 'Connection': 'keep-alive', 'Keep-Alive': 'timeout=5'} 
 body={
    "message": "Cadastro realizado com sucesso",
    "_id": "rO2GNmTu7K7CAAKj"
} 
 </msg>
<msg timestamp="20220831 16:19:25.863" level="INFO">${response} = &lt;Response [201]&gt;</msg>
<status status="PASS" starttime="20220831 16:19:25.850" endtime="20220831 16:19:25.863"/>
</kw>
<kw name="Log To Console" library="BuiltIn">
<arg>Resposta: ${response.content}</arg>
<doc>Logs the given message to the console.</doc>
<status status="PASS" starttime="20220831 16:19:25.863" endtime="20220831 16:19:25.865"/>
</kw>
<kw name="Set Global Variable" library="BuiltIn">
<arg>${response}</arg>
<doc>Makes a variable available globally in all tests and suites.</doc>
<msg timestamp="20220831 16:19:25.867" level="INFO">${response} = &lt;Response [201]&gt;</msg>
<status status="PASS" starttime="20220831 16:19:25.866" endtime="20220831 16:19:25.867"/>
</kw>
<status status="PASS" starttime="20220831 16:19:25.849" endtime="20220831 16:19:25.868"/>
</kw>
<kw name="Guardar ID" library="commons">
<kw name="Set Variable" library="BuiltIn">
<var>${id_guardado}</var>
<arg>${response.json()["_id"]}</arg>
<doc>Returns the given values which can then be assigned to a variables.</doc>
<msg timestamp="20220831 16:19:25.872" level="INFO">${id_guardado} = rO2GNmTu7K7CAAKj</msg>
<status status="PASS" starttime="20220831 16:19:25.870" endtime="20220831 16:19:25.872"/>
</kw>
<kw name="Log To Console" library="BuiltIn">
<arg>ID salvo: ${id_guardado}</arg>
<doc>Logs the given message to the console.</doc>
<status status="PASS" starttime="20220831 16:19:25.873" endtime="20220831 16:19:25.873"/>
</kw>
<kw name="Set Global Variable" library="BuiltIn">
<arg>${id_guardado}</arg>
<doc>Makes a variable available globally in all tests and suites.</doc>
<msg timestamp="20220831 16:19:25.876" level="INFO">${id_guardado} = rO2GNmTu7K7CAAKj</msg>
<status status="PASS" starttime="20220831 16:19:25.874" endtime="20220831 16:19:25.876"/>
</kw>
<status status="PASS" starttime="20220831 16:19:25.869" endtime="20220831 16:19:25.877"/>
</kw>
<kw name="Validar Status Code &quot;201&quot;" library="commons" sourcename="Validar Status Code &quot;${status_code}&quot;">
<kw name="Should Be True" library="BuiltIn">
<arg>${response.status_code} == ${status_code}</arg>
<doc>Fails if the given condition is not true.</doc>
<status status="PASS" starttime="20220831 16:19:25.880" endtime="20220831 16:19:25.883"/>
</kw>
<status status="PASS" starttime="20220831 16:19:25.879" endtime="20220831 16:19:25.884"/>
</kw>
<kw name="Validar Mensagem Contém &quot;sucesso&quot;" library="commons" sourcename="Validar Mensagem Contém &quot;${palavra}&quot;">
<kw name="Should Contain" library="BuiltIn">
<arg>${response.json()["message"]}</arg>
<arg>${palavra}</arg>
<doc>Fails if ``container`` does not contain ``item`` one or more times.</doc>
<status status="PASS" starttime="20220831 16:19:25.885" endtime="20220831 16:19:25.887"/>
</kw>
<status status="PASS" starttime="20220831 16:19:25.884" endtime="20220831 16:19:25.887"/>
</kw>
<kw name="DELETE Endpoint /carrinhos/cancelar-compra" library="carrinhos_kw">
<kw name="Create Dictionary" library="BuiltIn">
<var>&amp;{header}</var>
<arg>Authorization=${token}</arg>
<doc>Creates and returns a dictionary based on the given ``items``.</doc>
<msg timestamp="20220831 16:19:25.889" level="INFO">&amp;{header} = { Authorization=Bearer eyJhbGciOiJIUzI1NiIsInR5cCI6IkpXVCJ9.eyJlbWFpbCI6ImZ1bGFub0BxYS5jb20iLCJwYXNzd29yZCI6InRlc3RlIiwiaWF0IjoxNjYxOTczNTY1LCJleHAiOjE2NjE5NzQxNjV9.ZTw4v7mpEtzQorR6JboKXm-N2UsFVaky87T...</msg>
<status status="PASS" starttime="20220831 16:19:25.888" endtime="20220831 16:19:25.889"/>
</kw>
<kw name="DELETE On Session" library="RequestsLibrary">
<var>${response}</var>
<arg>serverest</arg>
<arg>/carrinhos/cancelar-compra/</arg>
<arg>expected_status=any</arg>
<arg>headers=&amp;{header}</arg>
<doc>Sends a DELETE request on a previously created HTTP Session.</doc>
<msg timestamp="20220831 16:19:25.901" level="INFO">DELETE Request : url=http://localhost:3000/carrinhos/cancelar-compra/ 
 path_url=/carrinhos/cancelar-compra/ 
 headers={'User-Agent': 'python-requests/2.28.1', 'Accept-Encoding': 'gzip, deflate', 'Accept': '*/*', 'Connection': 'keep-alive', 'Authorization': 'Bearer eyJhbGciOiJIUzI1NiIsInR5cCI6IkpXVCJ9.eyJlbWFpbCI6ImZ1bGFub0BxYS5jb20iLCJwYXNzd29yZCI6InRlc3RlIiwiaWF0IjoxNjYxOTczNTY1LCJleHAiOjE2NjE5NzQxNjV9.ZTw4v7mpEtzQorR6JboKXm-N2UsFVaky87T6opEIyA4', 'Content-Length': '0'} 
 body=None 
 </msg>
<msg timestamp="20220831 16:19:25.902" level="INFO">DELETE Response : url=http://localhost:3000/carrinhos/cancelar-compra/ 
 status=200, reason=OK 
 headers={'Access-Control-Allow-Origin': '*', 'x-dns-prefetch-control': 'off', 'x-frame-options': 'SAMEORIGIN', 'strict-transport-security': 'max-age=15552000; includeSubDomains', 'x-download-options': 'noopen', 'x-content-type-options': 'nosniff', 'x-xss-protection': '1; mode=block', 'x-moesif-transaction-id': 'f55c415e-27fc-45ce-9d9a-a0b44ff77d62', 'Content-Type': 'application/json; charset=utf-8', 'Content-Length': '86', 'Date': 'Wed, 31 Aug 2022 19:19:25 GMT', 'Connection': 'keep-alive', 'Keep-Alive': 'timeout=5'} 
 body={
    "message": "Registro excluído com sucesso. Estoque dos produtos reabastecido"
} 
 </msg>
<msg timestamp="20220831 16:19:25.902" level="INFO">${response} = &lt;Response [200]&gt;</msg>
<status status="PASS" starttime="20220831 16:19:25.889" endtime="20220831 16:19:25.902"/>
</kw>
<kw name="Log To Console" library="BuiltIn">
<arg>Response:${response.content}</arg>
<doc>Logs the given message to the console.</doc>
<status status="PASS" starttime="20220831 16:19:25.902" endtime="20220831 16:19:25.904"/>
</kw>
<kw name="Set Global Variable" library="BuiltIn">
<arg>${response}</arg>
<doc>Makes a variable available globally in all tests and suites.</doc>
<msg timestamp="20220831 16:19:25.906" level="INFO">${response} = &lt;Response [200]&gt;</msg>
<status status="PASS" starttime="20220831 16:19:25.905" endtime="20220831 16:19:25.906"/>
</kw>
<status status="PASS" starttime="20220831 16:19:25.888" endtime="20220831 16:19:25.906"/>
</kw>
<tag>tc32</tag>
<status status="PASS" starttime="20220831 16:19:25.816" endtime="20220831 16:19:25.907"/>
</test>
<test id="s1-s1-t3" name="TC 33: Cadastrar carrinho com erro 400" line="27">
<kw name="Selecionar Login &quot;user_com_carrinho&quot;" library="login_kw" sourcename="Selecionar Login &quot;${val}&quot;">
<kw name="Importar JSON Estático" library="commons">
<var>${json}</var>
<arg>json_login.json</arg>
<kw name="Get File" library="OperatingSystem">
<var>${arquivo}</var>
<arg>${EXECDIR}/support/fixture/${nome_arquivo}</arg>
<doc>Returns the contents of a specified file.</doc>
<msg timestamp="20220831 16:19:25.917" level="INFO" html="true">Getting file '&lt;a href="file://C:\Users\Laura\Documents\Programa de Bolsas Compass.UOL\RoboTron_LauraGehrke_DesafioFinal\support\fixture\json_login.json"&gt;C:\Users\Laura\Documents\Programa de Bolsas Compass.UOL\RoboTron_LauraGehrke_DesafioFinal\support\fixture\json_login.json&lt;/a&gt;'.</msg>
<msg timestamp="20220831 16:19:25.918" level="INFO">${arquivo} = {
    "user_valido": {
        "email": "fulano@qa.com",
        "password": "teste"
    },
    "user_invalido": {
        "email": "email@inexistente.com",
        "password": "teste321"
    },
    "...</msg>
<status status="PASS" starttime="20220831 16:19:25.916" endtime="20220831 16:19:25.918"/>
</kw>
<kw name="Evaluate" library="BuiltIn">
<var>${data}</var>
<arg>json.loads('''${arquivo}''')</arg>
<arg>json</arg>
<doc>Evaluates the given expression in Python and returns the result.</doc>
<msg timestamp="20220831 16:19:25.919" level="INFO">${data} = {'user_valido': {'email': 'fulano@qa.com', 'password': 'teste'}, 'user_invalido': {'email': 'email@inexistente.com', 'password': 'teste321'}, 'user_senha_errada': {'email': 'fulano@qa.com', 'password'...</msg>
<status status="PASS" starttime="20220831 16:19:25.918" endtime="20220831 16:19:25.919"/>
</kw>
<msg timestamp="20220831 16:19:25.920" level="INFO">${json} = {'user_valido': {'email': 'fulano@qa.com', 'password': 'teste'}, 'user_invalido': {'email': 'email@inexistente.com', 'password': 'teste321'}, 'user_senha_errada': {'email': 'fulano@qa.com', 'password'...</msg>
<status status="PASS" starttime="20220831 16:19:25.914" endtime="20220831 16:19:25.920"/>
</kw>
<kw name="Set Variable" library="BuiltIn">
<var>${payload}</var>
<arg>${json["${val}"]}</arg>
<doc>Returns the given values which can then be assigned to a variables.</doc>
<msg timestamp="20220831 16:19:25.922" level="INFO">${payload} = {'email': 'monicag@gmail.com', 'password': 'senha22'}</msg>
<status status="PASS" starttime="20220831 16:19:25.921" endtime="20220831 16:19:25.922"/>
</kw>
<kw name="Set Global Variable" library="BuiltIn">
<arg>${payload}</arg>
<doc>Makes a variable available globally in all tests and suites.</doc>
<msg timestamp="20220831 16:19:25.922" level="INFO">${payload} = {'email': 'monicag@gmail.com', 'password': 'senha22'}</msg>
<status status="PASS" starttime="20220831 16:19:25.922" endtime="20220831 16:19:25.922"/>
</kw>
<status status="PASS" starttime="20220831 16:19:25.912" endtime="20220831 16:19:25.923"/>
</kw>
<kw name="POST Endpoint /login" library="login_kw">
<kw name="POST On Session" library="RequestsLibrary">
<var>${response}</var>
<arg>serverest</arg>
<arg>/login</arg>
<arg>json=&amp;{payload}</arg>
<arg>expected_status=any</arg>
<doc>Sends a POST request on a previously created HTTP Session.</doc>
<msg timestamp="20220831 16:19:25.932" level="INFO">POST Request : url=http://localhost:3000/login 
 path_url=/login 
 headers={'User-Agent': 'python-requests/2.28.1', 'Accept-Encoding': 'gzip, deflate', 'Accept': '*/*', 'Connection': 'keep-alive', 'Content-Length': '53', 'Content-Type': 'application/json'} 
 body=b'{"email": "monicag@gmail.com", "password": "senha22"}' 
 </msg>
<msg timestamp="20220831 16:19:25.933" level="INFO">POST Response : url=http://localhost:3000/login 
 status=200, reason=OK 
 headers={'Access-Control-Allow-Origin': '*', 'x-dns-prefetch-control': 'off', 'x-frame-options': 'SAMEORIGIN', 'strict-transport-security': 'max-age=15552000; includeSubDomains', 'x-download-options': 'noopen', 'x-content-type-options': 'nosniff', 'x-xss-protection': '1; mode=block', 'x-moesif-transaction-id': '3ff8a65e-61b3-41f5-ae34-d30a2ab56617', 'Content-Type': 'application/json; charset=utf-8', 'Content-Length': '273', 'Date': 'Wed, 31 Aug 2022 19:19:25 GMT', 'Connection': 'keep-alive', 'Keep-Alive': 'timeout=5'} 
 body={
    "message": "Login realizado com sucesso",
    "authorization": "Bearer eyJhbGciOiJIUzI1NiIsInR5cCI6IkpXVCJ9.eyJlbWFpbCI6Im1vbmljYWdAZ21haWwuY29tIiwicGFzc3dvcmQiOiJzZW5oYTIyIiwiaWF0IjoxNjYxOTczNTY1LCJleHAiOjE2NjE5NzQxNjV9.xvRha7a3zxabCVjcLk3gHlMmXjc367OOeV0lr0mwbxk"
} 
 </msg>
<msg timestamp="20220831 16:19:25.933" level="INFO">${response} = &lt;Response [200]&gt;</msg>
<status status="PASS" starttime="20220831 16:19:25.924" endtime="20220831 16:19:25.933"/>
</kw>
<kw name="Log To Console" library="BuiltIn">
<arg>Response: ${response.content}</arg>
<doc>Logs the given message to the console.</doc>
<status status="PASS" starttime="20220831 16:19:25.933" endtime="20220831 16:19:25.935"/>
</kw>
<kw name="Set Global Variable" library="BuiltIn">
<arg>${response}</arg>
<doc>Makes a variable available globally in all tests and suites.</doc>
<msg timestamp="20220831 16:19:25.936" level="INFO">${response} = &lt;Response [200]&gt;</msg>
<status status="PASS" starttime="20220831 16:19:25.935" endtime="20220831 16:19:25.936"/>
</kw>
<status status="PASS" starttime="20220831 16:19:25.923" endtime="20220831 16:19:25.936"/>
</kw>
<kw name="Guardar Token" library="login_kw">
<kw name="Set Variable" library="BuiltIn">
<var>${token}</var>
<arg>${response.json()["authorization"]}</arg>
<doc>Returns the given values which can then be assigned to a variables.</doc>
<msg timestamp="20220831 16:19:25.938" level="INFO">${token} = Bearer eyJhbGciOiJIUzI1NiIsInR5cCI6IkpXVCJ9.eyJlbWFpbCI6Im1vbmljYWdAZ21haWwuY29tIiwicGFzc3dvcmQiOiJzZW5oYTIyIiwiaWF0IjoxNjYxOTczNTY1LCJleHAiOjE2NjE5NzQxNjV9.xvRha7a3zxabCVjcLk3gHlMmXjc367OOeV0lr0mwbxk</msg>
<status status="PASS" starttime="20220831 16:19:25.937" endtime="20220831 16:19:25.938"/>
</kw>
<kw name="Set Global Variable" library="BuiltIn">
<arg>${token}</arg>
<doc>Makes a variable available globally in all tests and suites.</doc>
<msg timestamp="20220831 16:19:25.939" level="INFO">${token} = Bearer eyJhbGciOiJIUzI1NiIsInR5cCI6IkpXVCJ9.eyJlbWFpbCI6Im1vbmljYWdAZ21haWwuY29tIiwicGFzc3dvcmQiOiJzZW5oYTIyIiwiaWF0IjoxNjYxOTczNTY1LCJleHAiOjE2NjE5NzQxNjV9.xvRha7a3zxabCVjcLk3gHlMmXjc367OOeV0lr0mwbxk</msg>
<status status="PASS" starttime="20220831 16:19:25.938" endtime="20220831 16:19:25.939"/>
</kw>
<status status="PASS" starttime="20220831 16:19:25.937" endtime="20220831 16:19:25.939"/>
</kw>
<kw name="Criar carrinho" library="carrinhos_kw">
<kw name="Importar JSON Estático" library="commons">
<var>${json}</var>
<arg>json_carrinhos.json</arg>
<kw name="Get File" library="OperatingSystem">
<var>${arquivo}</var>
<arg>${EXECDIR}/support/fixture/${nome_arquivo}</arg>
<doc>Returns the contents of a specified file.</doc>
<msg timestamp="20220831 16:19:25.941" level="INFO" html="true">Getting file '&lt;a href="file://C:\Users\Laura\Documents\Programa de Bolsas Compass.UOL\RoboTron_LauraGehrke_DesafioFinal\support\fixture\json_carrinhos.json"&gt;C:\Users\Laura\Documents\Programa de Bolsas Compass.UOL\RoboTron_LauraGehrke_DesafioFinal\support\fixture\json_carrinhos.json&lt;/a&gt;'.</msg>
<msg timestamp="20220831 16:19:25.942" level="INFO">${arquivo} = {
    "produtos": [
        {
            "idProduto": "BeeJh5lz3k6kSIzA",
            "quantidade": 1
        },
        {
            "idProduto": "K6leHdftCeOJj8BJ",
            "quantidade": 1
   ...</msg>
<status status="PASS" starttime="20220831 16:19:25.941" endtime="20220831 16:19:25.942"/>
</kw>
<kw name="Evaluate" library="BuiltIn">
<var>${data}</var>
<arg>json.loads('''${arquivo}''')</arg>
<arg>json</arg>
<doc>Evaluates the given expression in Python and returns the result.</doc>
<msg timestamp="20220831 16:19:25.945" level="INFO">${data} = {'produtos': [{'idProduto': 'BeeJh5lz3k6kSIzA', 'quantidade': 1}, {'idProduto': 'K6leHdftCeOJj8BJ', 'quantidade': 1}]}</msg>
<status status="PASS" starttime="20220831 16:19:25.943" endtime="20220831 16:19:25.945"/>
</kw>
<msg timestamp="20220831 16:19:25.946" level="INFO">${json} = {'produtos': [{'idProduto': 'BeeJh5lz3k6kSIzA', 'quantidade': 1}, {'idProduto': 'K6leHdftCeOJj8BJ', 'quantidade': 1}]}</msg>
<status status="PASS" starttime="20220831 16:19:25.940" endtime="20220831 16:19:25.946"/>
</kw>
<kw name="Set Variable" library="BuiltIn">
<var>${payload}</var>
<arg>${json}</arg>
<doc>Returns the given values which can then be assigned to a variables.</doc>
<msg timestamp="20220831 16:19:25.947" level="INFO">${payload} = {'produtos': [{'idProduto': 'BeeJh5lz3k6kSIzA', 'quantidade': 1}, {'idProduto': 'K6leHdftCeOJj8BJ', 'quantidade': 1}]}</msg>
<status status="PASS" starttime="20220831 16:19:25.947" endtime="20220831 16:19:25.948"/>
</kw>
<kw name="Set Global Variable" library="BuiltIn">
<arg>${payload}</arg>
<doc>Makes a variable available globally in all tests and suites.</doc>
<msg timestamp="20220831 16:19:25.949" level="INFO">${payload} = {'produtos': [{'idProduto': 'BeeJh5lz3k6kSIzA', 'quantidade': 1}, {'idProduto': 'K6leHdftCeOJj8BJ', 'quantidade': 1}]}</msg>
<status status="PASS" starttime="20220831 16:19:25.948" endtime="20220831 16:19:25.949"/>
</kw>
<status status="PASS" starttime="20220831 16:19:25.940" endtime="20220831 16:19:25.949"/>
</kw>
<kw name="POST Endpoint /carrinhos" library="carrinhos_kw">
<kw name="Create Dictionary" library="BuiltIn">
<var>&amp;{header}</var>
<arg>Authorization=${token}</arg>
<doc>Creates and returns a dictionary based on the given ``items``.</doc>
<msg timestamp="20220831 16:19:25.951" level="INFO">&amp;{header} = { Authorization=Bearer eyJhbGciOiJIUzI1NiIsInR5cCI6IkpXVCJ9.eyJlbWFpbCI6Im1vbmljYWdAZ21haWwuY29tIiwicGFzc3dvcmQiOiJzZW5oYTIyIiwiaWF0IjoxNjYxOTczNTY1LCJleHAiOjE2NjE5NzQxNjV9.xvRha7a3zxabCVjcLk3gHlMmXjc...</msg>
<status status="PASS" starttime="20220831 16:19:25.951" endtime="20220831 16:19:25.951"/>
</kw>
<kw name="POST On Session" library="RequestsLibrary">
<var>${response}</var>
<arg>serverest</arg>
<arg>/carrinhos</arg>
<arg>json=&amp;{payload}</arg>
<arg>expected_status=any</arg>
<arg>headers=&amp;{header}</arg>
<doc>Sends a POST request on a previously created HTTP Session.</doc>
<msg timestamp="20220831 16:19:25.964" level="INFO">POST Request : url=http://localhost:3000/carrinhos 
 path_url=/carrinhos 
 headers={'User-Agent': 'python-requests/2.28.1', 'Accept-Encoding': 'gzip, deflate', 'Accept': '*/*', 'Connection': 'keep-alive', 'Authorization': 'Bearer eyJhbGciOiJIUzI1NiIsInR5cCI6IkpXVCJ9.eyJlbWFpbCI6Im1vbmljYWdAZ21haWwuY29tIiwicGFzc3dvcmQiOiJzZW5oYTIyIiwiaWF0IjoxNjYxOTczNTY1LCJleHAiOjE2NjE5NzQxNjV9.xvRha7a3zxabCVjcLk3gHlMmXjc367OOeV0lr0mwbxk', 'Content-Length': '118', 'Content-Type': 'application/json'} 
 body=b'{"produtos": [{"idProduto": "BeeJh5lz3k6kSIzA", "quantidade": 1}, {"idProduto": "K6leHdftCeOJj8BJ", "quantidade": 1}]}' 
 </msg>
<msg timestamp="20220831 16:19:25.964" level="INFO">POST Response : url=http://localhost:3000/carrinhos 
 status=400, reason=Bad Request 
 headers={'Access-Control-Allow-Origin': '*', 'x-dns-prefetch-control': 'off', 'x-frame-options': 'SAMEORIGIN', 'strict-transport-security': 'max-age=15552000; includeSubDomains', 'x-download-options': 'noopen', 'x-content-type-options': 'nosniff', 'x-xss-protection': '1; mode=block', 'x-moesif-transaction-id': 'e61d5025-9e6c-4c4d-bfb9-dd88b4f367d7', 'Content-Type': 'application/json; charset=utf-8', 'Content-Length': '61', 'Date': 'Wed, 31 Aug 2022 19:19:25 GMT', 'Connection': 'keep-alive', 'Keep-Alive': 'timeout=5'} 
 body={
    "message": "Não é permitido ter mais de 1 carrinho"
} 
 </msg>
<msg timestamp="20220831 16:19:25.964" level="INFO">${response} = &lt;Response [400]&gt;</msg>
<status status="PASS" starttime="20220831 16:19:25.952" endtime="20220831 16:19:25.964"/>
</kw>
<kw name="Log To Console" library="BuiltIn">
<arg>Resposta: ${response.content}</arg>
<doc>Logs the given message to the console.</doc>
<status status="PASS" starttime="20220831 16:19:25.965" endtime="20220831 16:19:25.966"/>
</kw>
<kw name="Set Global Variable" library="BuiltIn">
<arg>${response}</arg>
<doc>Makes a variable available globally in all tests and suites.</doc>
<msg timestamp="20220831 16:19:25.967" level="INFO">${response} = &lt;Response [400]&gt;</msg>
<status status="PASS" starttime="20220831 16:19:25.966" endtime="20220831 16:19:25.968"/>
</kw>
<status status="PASS" starttime="20220831 16:19:25.950" endtime="20220831 16:19:25.968"/>
</kw>
<kw name="Validar Status Code &quot;400&quot;" library="commons" sourcename="Validar Status Code &quot;${status_code}&quot;">
<kw name="Should Be True" library="BuiltIn">
<arg>${response.status_code} == ${status_code}</arg>
<doc>Fails if the given condition is not true.</doc>
<status status="PASS" starttime="20220831 16:19:25.969" endtime="20220831 16:19:25.971"/>
</kw>
<status status="PASS" starttime="20220831 16:19:25.968" endtime="20220831 16:19:25.971"/>
</kw>
<kw name="Validar Mensagem Contém &quot;Não é permitido&quot;" library="commons" sourcename="Validar Mensagem Contém &quot;${palavra}&quot;">
<kw name="Should Contain" library="BuiltIn">
<arg>${response.json()["message"]}</arg>
<arg>${palavra}</arg>
<doc>Fails if ``container`` does not contain ``item`` one or more times.</doc>
<status status="PASS" starttime="20220831 16:19:25.973" endtime="20220831 16:19:25.974"/>
</kw>
<status status="PASS" starttime="20220831 16:19:25.972" endtime="20220831 16:19:25.974"/>
</kw>
<tag>tc33</tag>
<status status="PASS" starttime="20220831 16:19:25.909" endtime="20220831 16:19:25.974"/>
</test>
<test id="s1-s1-t4" name="TC 34: Cadastrar carrinho com token expirado 401" line="37">
<kw name="Definir Token Expirado" library="commons">
<kw name="Set Variable" library="BuiltIn">
<var>${token}</var>
<arg>"Bearer eyJhbGciOiJIUzI1NiIsInR5cCI6IkpXVCJ9.eyJlbWFpbCI6ImZ1bGFub0BxYS5jb20iLCJwYXNzd29yZCI6InRlc3RlIiwiaWF0IjoxNTg5NzU4NzQ2LCJleHAiOjE1ODk3Njg3NDZ9.B6TASHV8k9xBerz4NSeFBlAZGSDhZlqESt767M0567I"</arg>
<doc>Returns the given values which can then be assigned to a variables.</doc>
<msg timestamp="20220831 16:19:25.982" level="INFO">${token} = "Bearer eyJhbGciOiJIUzI1NiIsInR5cCI6IkpXVCJ9.eyJlbWFpbCI6ImZ1bGFub0BxYS5jb20iLCJwYXNzd29yZCI6InRlc3RlIiwiaWF0IjoxNTg5NzU4NzQ2LCJleHAiOjE1ODk3Njg3NDZ9.B6TASHV8k9xBerz4NSeFBlAZGSDhZlqESt767M0567I"</msg>
<status status="PASS" starttime="20220831 16:19:25.982" endtime="20220831 16:19:25.982"/>
</kw>
<kw name="Set Global Variable" library="BuiltIn">
<arg>${token}</arg>
<doc>Makes a variable available globally in all tests and suites.</doc>
<msg timestamp="20220831 16:19:25.983" level="INFO">${token} = "Bearer eyJhbGciOiJIUzI1NiIsInR5cCI6IkpXVCJ9.eyJlbWFpbCI6ImZ1bGFub0BxYS5jb20iLCJwYXNzd29yZCI6InRlc3RlIiwiaWF0IjoxNTg5NzU4NzQ2LCJleHAiOjE1ODk3Njg3NDZ9.B6TASHV8k9xBerz4NSeFBlAZGSDhZlqESt767M0567I"</msg>
<status status="PASS" starttime="20220831 16:19:25.982" endtime="20220831 16:19:25.983"/>
</kw>
<status status="PASS" starttime="20220831 16:19:25.981" endtime="20220831 16:19:25.983"/>
</kw>
<kw name="Criar carrinho" library="carrinhos_kw">
<kw name="Importar JSON Estático" library="commons">
<var>${json}</var>
<arg>json_carrinhos.json</arg>
<kw name="Get File" library="OperatingSystem">
<var>${arquivo}</var>
<arg>${EXECDIR}/support/fixture/${nome_arquivo}</arg>
<doc>Returns the contents of a specified file.</doc>
<msg timestamp="20220831 16:19:25.985" level="INFO" html="true">Getting file '&lt;a href="file://C:\Users\Laura\Documents\Programa de Bolsas Compass.UOL\RoboTron_LauraGehrke_DesafioFinal\support\fixture\json_carrinhos.json"&gt;C:\Users\Laura\Documents\Programa de Bolsas Compass.UOL\RoboTron_LauraGehrke_DesafioFinal\support\fixture\json_carrinhos.json&lt;/a&gt;'.</msg>
<msg timestamp="20220831 16:19:25.986" level="INFO">${arquivo} = {
    "produtos": [
        {
            "idProduto": "BeeJh5lz3k6kSIzA",
            "quantidade": 1
        },
        {
            "idProduto": "K6leHdftCeOJj8BJ",
            "quantidade": 1
   ...</msg>
<status status="PASS" starttime="20220831 16:19:25.985" endtime="20220831 16:19:25.986"/>
</kw>
<kw name="Evaluate" library="BuiltIn">
<var>${data}</var>
<arg>json.loads('''${arquivo}''')</arg>
<arg>json</arg>
<doc>Evaluates the given expression in Python and returns the result.</doc>
<msg timestamp="20220831 16:19:26.013" level="INFO">${data} = {'produtos': [{'idProduto': 'BeeJh5lz3k6kSIzA', 'quantidade': 1}, {'idProduto': 'K6leHdftCeOJj8BJ', 'quantidade': 1}]}</msg>
<status status="PASS" starttime="20220831 16:19:25.987" endtime="20220831 16:19:26.013"/>
</kw>
<msg timestamp="20220831 16:19:26.014" level="INFO">${json} = {'produtos': [{'idProduto': 'BeeJh5lz3k6kSIzA', 'quantidade': 1}, {'idProduto': 'K6leHdftCeOJj8BJ', 'quantidade': 1}]}</msg>
<status status="PASS" starttime="20220831 16:19:25.984" endtime="20220831 16:19:26.014"/>
</kw>
<kw name="Set Variable" library="BuiltIn">
<var>${payload}</var>
<arg>${json}</arg>
<doc>Returns the given values which can then be assigned to a variables.</doc>
<msg timestamp="20220831 16:19:26.014" level="INFO">${payload} = {'produtos': [{'idProduto': 'BeeJh5lz3k6kSIzA', 'quantidade': 1}, {'idProduto': 'K6leHdftCeOJj8BJ', 'quantidade': 1}]}</msg>
<status status="PASS" starttime="20220831 16:19:26.014" endtime="20220831 16:19:26.014"/>
</kw>
<kw name="Set Global Variable" library="BuiltIn">
<arg>${payload}</arg>
<doc>Makes a variable available globally in all tests and suites.</doc>
<msg timestamp="20220831 16:19:26.015" level="INFO">${payload} = {'produtos': [{'idProduto': 'BeeJh5lz3k6kSIzA', 'quantidade': 1}, {'idProduto': 'K6leHdftCeOJj8BJ', 'quantidade': 1}]}</msg>
<status status="PASS" starttime="20220831 16:19:26.015" endtime="20220831 16:19:26.015"/>
</kw>
<status status="PASS" starttime="20220831 16:19:25.984" endtime="20220831 16:19:26.015"/>
</kw>
<kw name="POST Endpoint /carrinhos" library="carrinhos_kw">
<kw name="Create Dictionary" library="BuiltIn">
<var>&amp;{header}</var>
<arg>Authorization=${token}</arg>
<doc>Creates and returns a dictionary based on the given ``items``.</doc>
<msg timestamp="20220831 16:19:26.018" level="INFO">&amp;{header} = { Authorization="Bearer eyJhbGciOiJIUzI1NiIsInR5cCI6IkpXVCJ9.eyJlbWFpbCI6ImZ1bGFub0BxYS5jb20iLCJwYXNzd29yZCI6InRlc3RlIiwiaWF0IjoxNTg5NzU4NzQ2LCJleHAiOjE1ODk3Njg3NDZ9.B6TASHV8k9xBerz4NSeFBlAZGSDhZlqESt...</msg>
<status status="PASS" starttime="20220831 16:19:26.017" endtime="20220831 16:19:26.018"/>
</kw>
<kw name="POST On Session" library="RequestsLibrary">
<var>${response}</var>
<arg>serverest</arg>
<arg>/carrinhos</arg>
<arg>json=&amp;{payload}</arg>
<arg>expected_status=any</arg>
<arg>headers=&amp;{header}</arg>
<doc>Sends a POST request on a previously created HTTP Session.</doc>
<msg timestamp="20220831 16:19:26.024" level="INFO">POST Request : url=http://localhost:3000/carrinhos 
 path_url=/carrinhos 
 headers={'User-Agent': 'python-requests/2.28.1', 'Accept-Encoding': 'gzip, deflate', 'Accept': '*/*', 'Connection': 'keep-alive', 'Authorization': '"Bearer eyJhbGciOiJIUzI1NiIsInR5cCI6IkpXVCJ9.eyJlbWFpbCI6ImZ1bGFub0BxYS5jb20iLCJwYXNzd29yZCI6InRlc3RlIiwiaWF0IjoxNTg5NzU4NzQ2LCJleHAiOjE1ODk3Njg3NDZ9.B6TASHV8k9xBerz4NSeFBlAZGSDhZlqESt767M0567I"', 'Content-Length': '118', 'Content-Type': 'application/json'} 
 body=b'{"produtos": [{"idProduto": "BeeJh5lz3k6kSIzA", "quantidade": 1}, {"idProduto": "K6leHdftCeOJj8BJ", "quantidade": 1}]}' 
 </msg>
<msg timestamp="20220831 16:19:26.024" level="INFO">POST Response : url=http://localhost:3000/carrinhos 
 status=401, reason=Unauthorized 
 headers={'Access-Control-Allow-Origin': '*', 'x-dns-prefetch-control': 'off', 'x-frame-options': 'SAMEORIGIN', 'strict-transport-security': 'max-age=15552000; includeSubDomains', 'x-download-options': 'noopen', 'x-content-type-options': 'nosniff', 'x-xss-protection': '1; mode=block', 'x-moesif-transaction-id': '294591b7-2428-49d3-985a-111ba2337d04', 'Content-Type': 'application/json; charset=utf-8', 'Content-Length': '103', 'Date': 'Wed, 31 Aug 2022 19:19:26 GMT', 'Connection': 'keep-alive', 'Keep-Alive': 'timeout=5'} 
 body={
    "message": "Token de acesso ausente, inválido, expirado ou usuário do token não existe mais"
} 
 </msg>
<msg timestamp="20220831 16:19:26.024" level="INFO">${response} = &lt;Response [401]&gt;</msg>
<status status="PASS" starttime="20220831 16:19:26.018" endtime="20220831 16:19:26.024"/>
</kw>
<kw name="Log To Console" library="BuiltIn">
<arg>Resposta: ${response.content}</arg>
<doc>Logs the given message to the console.</doc>
<status status="PASS" starttime="20220831 16:19:26.025" endtime="20220831 16:19:26.028"/>
</kw>
<kw name="Set Global Variable" library="BuiltIn">
<arg>${response}</arg>
<doc>Makes a variable available globally in all tests and suites.</doc>
<msg timestamp="20220831 16:19:26.030" level="INFO">${response} = &lt;Response [401]&gt;</msg>
<status status="PASS" starttime="20220831 16:19:26.029" endtime="20220831 16:19:26.030"/>
</kw>
<status status="PASS" starttime="20220831 16:19:26.016" endtime="20220831 16:19:26.030"/>
</kw>
<kw name="Validar Status Code &quot;401&quot;" library="commons" sourcename="Validar Status Code &quot;${status_code}&quot;">
<kw name="Should Be True" library="BuiltIn">
<arg>${response.status_code} == ${status_code}</arg>
<doc>Fails if the given condition is not true.</doc>
<status status="PASS" starttime="20220831 16:19:26.031" endtime="20220831 16:19:26.032"/>
</kw>
<status status="PASS" starttime="20220831 16:19:26.030" endtime="20220831 16:19:26.033"/>
</kw>
<kw name="Validar Mensagem Contém &quot;inválido&quot;" library="commons" sourcename="Validar Mensagem Contém &quot;${palavra}&quot;">
<kw name="Should Contain" library="BuiltIn">
<arg>${response.json()["message"]}</arg>
<arg>${palavra}</arg>
<doc>Fails if ``container`` does not contain ``item`` one or more times.</doc>
<status status="PASS" starttime="20220831 16:19:26.034" endtime="20220831 16:19:26.035"/>
</kw>
<status status="PASS" starttime="20220831 16:19:26.033" endtime="20220831 16:19:26.035"/>
</kw>
<tag>tc34</tag>
<status status="PASS" starttime="20220831 16:19:25.980" endtime="20220831 16:19:26.035"/>
</test>
<test id="s1-s1-t5" name="TC 35: Buscar carrinho por ID 200" line="45">
<kw name="Seleciona ID &quot;qbMqntef4iTOwWfg&quot;" library="commons" sourcename="Seleciona ID &quot;${id}&quot;">
<kw name="Set Variable" library="BuiltIn">
<var>${id_guardado}</var>
<arg>${id}</arg>
<doc>Returns the given values which can then be assigned to a variables.</doc>
<msg timestamp="20220831 16:19:26.039" level="INFO">${id_guardado} = qbMqntef4iTOwWfg</msg>
<status status="PASS" starttime="20220831 16:19:26.039" endtime="20220831 16:19:26.039"/>
</kw>
<kw name="Set Global Variable" library="BuiltIn">
<arg>${id_guardado}</arg>
<doc>Makes a variable available globally in all tests and suites.</doc>
<msg timestamp="20220831 16:19:26.040" level="INFO">${id_guardado} = qbMqntef4iTOwWfg</msg>
<status status="PASS" starttime="20220831 16:19:26.039" endtime="20220831 16:19:26.040"/>
</kw>
<status status="PASS" starttime="20220831 16:19:26.038" endtime="20220831 16:19:26.040"/>
</kw>
<kw name="GET Endpoint /carrinhos/" library="carrinhos_kw">
<kw name="GET On Session" library="RequestsLibrary">
<var>${response}</var>
<arg>serverest</arg>
<arg>/carrinhos/${id_guardado}</arg>
<arg>expected_status=any</arg>
<doc>Sends a GET request on a previously created HTTP Session.</doc>
<msg timestamp="20220831 16:19:26.052" level="INFO">GET Request : url=http://localhost:3000/carrinhos/qbMqntef4iTOwWfg 
 path_url=/carrinhos/qbMqntef4iTOwWfg 
 headers={'User-Agent': 'python-requests/2.28.1', 'Accept-Encoding': 'gzip, deflate', 'Accept': '*/*', 'Connection': 'keep-alive'} 
 body=None 
 </msg>
<msg timestamp="20220831 16:19:26.052" level="INFO">GET Response : url=http://localhost:3000/carrinhos/qbMqntef4iTOwWfg 
 status=200, reason=OK 
 headers={'Access-Control-Allow-Origin': '*', 'x-dns-prefetch-control': 'off', 'x-frame-options': 'SAMEORIGIN', 'strict-transport-security': 'max-age=15552000; includeSubDomains', 'x-download-options': 'noopen', 'x-content-type-options': 'nosniff', 'x-xss-protection': '1; mode=block', 'x-moesif-transaction-id': '856e88da-c209-4d6f-bb4d-96c9c8841b2d', 'Content-Type': 'application/json; charset=utf-8', 'Content-Length': '401', 'Date': 'Wed, 31 Aug 2022 19:19:26 GMT', 'Connection': 'keep-alive', 'Keep-Alive': 'timeout=5'} 
 body={
    "produtos": [
        {
            "idProduto": "BeeJh5lz3k6kSIzA",
            "quantidade": 2,
            "precoUnitario": 470
        },
        {
            "idProduto": "K6leHdftCeOJj8BJ",
            "quantidade": 1,
            "precoUnitario": 5240
        }
    ],
    "precoTotal": 6180,
    "quantidadeTotal": 3,
    "idUsuario": "oUb7aGkMtSEPf6BZ",
    "_id": "qbMqntef4iTOwWfg"
} 
 </msg>
<msg timestamp="20220831 16:19:26.052" level="INFO">${response} = &lt;Response [200]&gt;</msg>
<status status="PASS" starttime="20220831 16:19:26.046" endtime="20220831 16:19:26.052"/>
</kw>
<kw name="Log To Console" library="BuiltIn">
<arg>${response.content}</arg>
<doc>Logs the given message to the console.</doc>
<status status="PASS" starttime="20220831 16:19:26.053" endtime="20220831 16:19:26.054"/>
</kw>
<kw name="Set Global Variable" library="BuiltIn">
<arg>${response}</arg>
<doc>Makes a variable available globally in all tests and suites.</doc>
<msg timestamp="20220831 16:19:26.055" level="INFO">${response} = &lt;Response [200]&gt;</msg>
<status status="PASS" starttime="20220831 16:19:26.054" endtime="20220831 16:19:26.055"/>
</kw>
<status status="PASS" starttime="20220831 16:19:26.041" endtime="20220831 16:19:26.056"/>
</kw>
<kw name="Validar Status Code &quot;200&quot;" library="commons" sourcename="Validar Status Code &quot;${status_code}&quot;">
<kw name="Should Be True" library="BuiltIn">
<arg>${response.status_code} == ${status_code}</arg>
<doc>Fails if the given condition is not true.</doc>
<status status="PASS" starttime="20220831 16:19:26.057" endtime="20220831 16:19:26.063"/>
</kw>
<status status="PASS" starttime="20220831 16:19:26.056" endtime="20220831 16:19:26.064"/>
</kw>
<tag>tc35</tag>
<status status="PASS" starttime="20220831 16:19:26.037" endtime="20220831 16:19:26.064"/>
</test>
<test id="s1-s1-t6" name="TC 36: Buscar carrinho inexistente 400" line="51">
<kw name="Seleciona ID &quot;0000000000000000&quot;" library="commons" sourcename="Seleciona ID &quot;${id}&quot;">
<kw name="Set Variable" library="BuiltIn">
<var>${id_guardado}</var>
<arg>${id}</arg>
<doc>Returns the given values which can then be assigned to a variables.</doc>
<msg timestamp="20220831 16:19:26.069" level="INFO">${id_guardado} = 0000000000000000</msg>
<status status="PASS" starttime="20220831 16:19:26.068" endtime="20220831 16:19:26.069"/>
</kw>
<kw name="Set Global Variable" library="BuiltIn">
<arg>${id_guardado}</arg>
<doc>Makes a variable available globally in all tests and suites.</doc>
<msg timestamp="20220831 16:19:26.070" level="INFO">${id_guardado} = 0000000000000000</msg>
<status status="PASS" starttime="20220831 16:19:26.069" endtime="20220831 16:19:26.070"/>
</kw>
<status status="PASS" starttime="20220831 16:19:26.068" endtime="20220831 16:19:26.070"/>
</kw>
<kw name="GET Endpoint /carrinhos/" library="carrinhos_kw">
<kw name="GET On Session" library="RequestsLibrary">
<var>${response}</var>
<arg>serverest</arg>
<arg>/carrinhos/${id_guardado}</arg>
<arg>expected_status=any</arg>
<doc>Sends a GET request on a previously created HTTP Session.</doc>
<msg timestamp="20220831 16:19:26.082" level="INFO">GET Request : url=http://localhost:3000/carrinhos/0000000000000000 
 path_url=/carrinhos/0000000000000000 
 headers={'User-Agent': 'python-requests/2.28.1', 'Accept-Encoding': 'gzip, deflate', 'Accept': '*/*', 'Connection': 'keep-alive'} 
 body=None 
 </msg>
<msg timestamp="20220831 16:19:26.082" level="INFO">GET Response : url=http://localhost:3000/carrinhos/0000000000000000 
 status=400, reason=Bad Request 
 headers={'Access-Control-Allow-Origin': '*', 'x-dns-prefetch-control': 'off', 'x-frame-options': 'SAMEORIGIN', 'strict-transport-security': 'max-age=15552000; includeSubDomains', 'x-download-options': 'noopen', 'x-content-type-options': 'nosniff', 'x-xss-protection': '1; mode=block', 'x-moesif-transaction-id': '51f9f0c8-e939-458e-9383-9789bb98728a', 'Content-Type': 'application/json; charset=utf-8', 'Content-Length': '45', 'Date': 'Wed, 31 Aug 2022 19:19:26 GMT', 'Connection': 'keep-alive', 'Keep-Alive': 'timeout=5'} 
 body={
    "message": "Carrinho não encontrado"
} 
 </msg>
<msg timestamp="20220831 16:19:26.082" level="INFO">${response} = &lt;Response [400]&gt;</msg>
<status status="PASS" starttime="20220831 16:19:26.071" endtime="20220831 16:19:26.082"/>
</kw>
<kw name="Log To Console" library="BuiltIn">
<arg>${response.content}</arg>
<doc>Logs the given message to the console.</doc>
<status status="PASS" starttime="20220831 16:19:26.083" endtime="20220831 16:19:26.084"/>
</kw>
<kw name="Set Global Variable" library="BuiltIn">
<arg>${response}</arg>
<doc>Makes a variable available globally in all tests and suites.</doc>
<msg timestamp="20220831 16:19:26.085" level="INFO">${response} = &lt;Response [400]&gt;</msg>
<status status="PASS" starttime="20220831 16:19:26.084" endtime="20220831 16:19:26.085"/>
</kw>
<status status="PASS" starttime="20220831 16:19:26.071" endtime="20220831 16:19:26.086"/>
</kw>
<kw name="Validar Status Code &quot;400&quot;" library="commons" sourcename="Validar Status Code &quot;${status_code}&quot;">
<kw name="Should Be True" library="BuiltIn">
<arg>${response.status_code} == ${status_code}</arg>
<doc>Fails if the given condition is not true.</doc>
<status status="PASS" starttime="20220831 16:19:26.087" endtime="20220831 16:19:26.091"/>
</kw>
<status status="PASS" starttime="20220831 16:19:26.086" endtime="20220831 16:19:26.092"/>
</kw>
<kw name="Validar Mensagem Contém &quot;não encontrado&quot;" library="commons" sourcename="Validar Mensagem Contém &quot;${palavra}&quot;">
<kw name="Should Contain" library="BuiltIn">
<arg>${response.json()["message"]}</arg>
<arg>${palavra}</arg>
<doc>Fails if ``container`` does not contain ``item`` one or more times.</doc>
<status status="PASS" starttime="20220831 16:19:26.099" endtime="20220831 16:19:26.101"/>
</kw>
<status status="PASS" starttime="20220831 16:19:26.097" endtime="20220831 16:19:26.101"/>
</kw>
<tag>tc36</tag>
<status status="PASS" starttime="20220831 16:19:26.067" endtime="20220831 16:19:26.101"/>
</test>
<test id="s1-s1-t7" name="TC 37: Excluir carrinho - concluir compra 200" line="58">
<kw name="Selecionar Login &quot;user_valido&quot;" library="login_kw" sourcename="Selecionar Login &quot;${val}&quot;">
<kw name="Importar JSON Estático" library="commons">
<var>${json}</var>
<arg>json_login.json</arg>
<kw name="Get File" library="OperatingSystem">
<var>${arquivo}</var>
<arg>${EXECDIR}/support/fixture/${nome_arquivo}</arg>
<doc>Returns the contents of a specified file.</doc>
<msg timestamp="20220831 16:19:26.106" level="INFO" html="true">Getting file '&lt;a href="file://C:\Users\Laura\Documents\Programa de Bolsas Compass.UOL\RoboTron_LauraGehrke_DesafioFinal\support\fixture\json_login.json"&gt;C:\Users\Laura\Documents\Programa de Bolsas Compass.UOL\RoboTron_LauraGehrke_DesafioFinal\support\fixture\json_login.json&lt;/a&gt;'.</msg>
<msg timestamp="20220831 16:19:26.106" level="INFO">${arquivo} = {
    "user_valido": {
        "email": "fulano@qa.com",
        "password": "teste"
    },
    "user_invalido": {
        "email": "email@inexistente.com",
        "password": "teste321"
    },
    "...</msg>
<status status="PASS" starttime="20220831 16:19:26.105" endtime="20220831 16:19:26.106"/>
</kw>
<kw name="Evaluate" library="BuiltIn">
<var>${data}</var>
<arg>json.loads('''${arquivo}''')</arg>
<arg>json</arg>
<doc>Evaluates the given expression in Python and returns the result.</doc>
<msg timestamp="20220831 16:19:26.107" level="INFO">${data} = {'user_valido': {'email': 'fulano@qa.com', 'password': 'teste'}, 'user_invalido': {'email': 'email@inexistente.com', 'password': 'teste321'}, 'user_senha_errada': {'email': 'fulano@qa.com', 'password'...</msg>
<status status="PASS" starttime="20220831 16:19:26.107" endtime="20220831 16:19:26.107"/>
</kw>
<msg timestamp="20220831 16:19:26.108" level="INFO">${json} = {'user_valido': {'email': 'fulano@qa.com', 'password': 'teste'}, 'user_invalido': {'email': 'email@inexistente.com', 'password': 'teste321'}, 'user_senha_errada': {'email': 'fulano@qa.com', 'password'...</msg>
<status status="PASS" starttime="20220831 16:19:26.104" endtime="20220831 16:19:26.108"/>
</kw>
<kw name="Set Variable" library="BuiltIn">
<var>${payload}</var>
<arg>${json["${val}"]}</arg>
<doc>Returns the given values which can then be assigned to a variables.</doc>
<msg timestamp="20220831 16:19:26.111" level="INFO">${payload} = {'email': 'fulano@qa.com', 'password': 'teste'}</msg>
<status status="PASS" starttime="20220831 16:19:26.108" endtime="20220831 16:19:26.111"/>
</kw>
<kw name="Set Global Variable" library="BuiltIn">
<arg>${payload}</arg>
<doc>Makes a variable available globally in all tests and suites.</doc>
<msg timestamp="20220831 16:19:26.113" level="INFO">${payload} = {'email': 'fulano@qa.com', 'password': 'teste'}</msg>
<status status="PASS" starttime="20220831 16:19:26.112" endtime="20220831 16:19:26.113"/>
</kw>
<status status="PASS" starttime="20220831 16:19:26.104" endtime="20220831 16:19:26.113"/>
</kw>
<kw name="POST Endpoint /login" library="login_kw">
<kw name="POST On Session" library="RequestsLibrary">
<var>${response}</var>
<arg>serverest</arg>
<arg>/login</arg>
<arg>json=&amp;{payload}</arg>
<arg>expected_status=any</arg>
<doc>Sends a POST request on a previously created HTTP Session.</doc>
<msg timestamp="20220831 16:19:26.119" level="INFO">POST Request : url=http://localhost:3000/login 
 path_url=/login 
 headers={'User-Agent': 'python-requests/2.28.1', 'Accept-Encoding': 'gzip, deflate', 'Accept': '*/*', 'Connection': 'keep-alive', 'Content-Length': '47', 'Content-Type': 'application/json'} 
 body=b'{"email": "fulano@qa.com", "password": "teste"}' 
 </msg>
<msg timestamp="20220831 16:19:26.119" level="INFO">POST Response : url=http://localhost:3000/login 
 status=200, reason=OK 
 headers={'Access-Control-Allow-Origin': '*', 'x-dns-prefetch-control': 'off', 'x-frame-options': 'SAMEORIGIN', 'strict-transport-security': 'max-age=15552000; includeSubDomains', 'x-download-options': 'noopen', 'x-content-type-options': 'nosniff', 'x-xss-protection': '1; mode=block', 'x-moesif-transaction-id': '79225079-cb7b-4590-8b04-59be86432832', 'Content-Type': 'application/json; charset=utf-8', 'Content-Length': '265', 'Date': 'Wed, 31 Aug 2022 19:19:26 GMT', 'Connection': 'keep-alive', 'Keep-Alive': 'timeout=5'} 
 body={
    "message": "Login realizado com sucesso",
    "authorization": "Bearer eyJhbGciOiJIUzI1NiIsInR5cCI6IkpXVCJ9.eyJlbWFpbCI6ImZ1bGFub0BxYS5jb20iLCJwYXNzd29yZCI6InRlc3RlIiwiaWF0IjoxNjYxOTczNTY2LCJleHAiOjE2NjE5NzQxNjZ9.z3iEHY2QfqS0PfYytfxIN4_3LtoYPMU1CCibqWVT-ic"
} 
 </msg>
<msg timestamp="20220831 16:19:26.119" level="INFO">${response} = &lt;Response [200]&gt;</msg>
<status status="PASS" starttime="20220831 16:19:26.114" endtime="20220831 16:19:26.119"/>
</kw>
<kw name="Log To Console" library="BuiltIn">
<arg>Response: ${response.content}</arg>
<doc>Logs the given message to the console.</doc>
<status status="PASS" starttime="20220831 16:19:26.120" endtime="20220831 16:19:26.122"/>
</kw>
<kw name="Set Global Variable" library="BuiltIn">
<arg>${response}</arg>
<doc>Makes a variable available globally in all tests and suites.</doc>
<msg timestamp="20220831 16:19:26.123" level="INFO">${response} = &lt;Response [200]&gt;</msg>
<status status="PASS" starttime="20220831 16:19:26.122" endtime="20220831 16:19:26.123"/>
</kw>
<status status="PASS" starttime="20220831 16:19:26.114" endtime="20220831 16:19:26.123"/>
</kw>
<kw name="Guardar Token" library="login_kw">
<kw name="Set Variable" library="BuiltIn">
<var>${token}</var>
<arg>${response.json()["authorization"]}</arg>
<doc>Returns the given values which can then be assigned to a variables.</doc>
<msg timestamp="20220831 16:19:26.125" level="INFO">${token} = Bearer eyJhbGciOiJIUzI1NiIsInR5cCI6IkpXVCJ9.eyJlbWFpbCI6ImZ1bGFub0BxYS5jb20iLCJwYXNzd29yZCI6InRlc3RlIiwiaWF0IjoxNjYxOTczNTY2LCJleHAiOjE2NjE5NzQxNjZ9.z3iEHY2QfqS0PfYytfxIN4_3LtoYPMU1CCibqWVT-ic</msg>
<status status="PASS" starttime="20220831 16:19:26.124" endtime="20220831 16:19:26.125"/>
</kw>
<kw name="Set Global Variable" library="BuiltIn">
<arg>${token}</arg>
<doc>Makes a variable available globally in all tests and suites.</doc>
<msg timestamp="20220831 16:19:26.127" level="INFO">${token} = Bearer eyJhbGciOiJIUzI1NiIsInR5cCI6IkpXVCJ9.eyJlbWFpbCI6ImZ1bGFub0BxYS5jb20iLCJwYXNzd29yZCI6InRlc3RlIiwiaWF0IjoxNjYxOTczNTY2LCJleHAiOjE2NjE5NzQxNjZ9.z3iEHY2QfqS0PfYytfxIN4_3LtoYPMU1CCibqWVT-ic</msg>
<status status="PASS" starttime="20220831 16:19:26.126" endtime="20220831 16:19:26.128"/>
</kw>
<status status="PASS" starttime="20220831 16:19:26.124" endtime="20220831 16:19:26.128"/>
</kw>
<kw name="Criar carrinho" library="carrinhos_kw">
<kw name="Importar JSON Estático" library="commons">
<var>${json}</var>
<arg>json_carrinhos.json</arg>
<kw name="Get File" library="OperatingSystem">
<var>${arquivo}</var>
<arg>${EXECDIR}/support/fixture/${nome_arquivo}</arg>
<doc>Returns the contents of a specified file.</doc>
<msg timestamp="20220831 16:19:26.130" level="INFO" html="true">Getting file '&lt;a href="file://C:\Users\Laura\Documents\Programa de Bolsas Compass.UOL\RoboTron_LauraGehrke_DesafioFinal\support\fixture\json_carrinhos.json"&gt;C:\Users\Laura\Documents\Programa de Bolsas Compass.UOL\RoboTron_LauraGehrke_DesafioFinal\support\fixture\json_carrinhos.json&lt;/a&gt;'.</msg>
<msg timestamp="20220831 16:19:26.130" level="INFO">${arquivo} = {
    "produtos": [
        {
            "idProduto": "BeeJh5lz3k6kSIzA",
            "quantidade": 1
        },
        {
            "idProduto": "K6leHdftCeOJj8BJ",
            "quantidade": 1
   ...</msg>
<status status="PASS" starttime="20220831 16:19:26.130" endtime="20220831 16:19:26.131"/>
</kw>
<kw name="Evaluate" library="BuiltIn">
<var>${data}</var>
<arg>json.loads('''${arquivo}''')</arg>
<arg>json</arg>
<doc>Evaluates the given expression in Python and returns the result.</doc>
<msg timestamp="20220831 16:19:26.131" level="INFO">${data} = {'produtos': [{'idProduto': 'BeeJh5lz3k6kSIzA', 'quantidade': 1}, {'idProduto': 'K6leHdftCeOJj8BJ', 'quantidade': 1}]}</msg>
<status status="PASS" starttime="20220831 16:19:26.131" endtime="20220831 16:19:26.131"/>
</kw>
<msg timestamp="20220831 16:19:26.131" level="INFO">${json} = {'produtos': [{'idProduto': 'BeeJh5lz3k6kSIzA', 'quantidade': 1}, {'idProduto': 'K6leHdftCeOJj8BJ', 'quantidade': 1}]}</msg>
<status status="PASS" starttime="20220831 16:19:26.129" endtime="20220831 16:19:26.131"/>
</kw>
<kw name="Set Variable" library="BuiltIn">
<var>${payload}</var>
<arg>${json}</arg>
<doc>Returns the given values which can then be assigned to a variables.</doc>
<msg timestamp="20220831 16:19:26.132" level="INFO">${payload} = {'produtos': [{'idProduto': 'BeeJh5lz3k6kSIzA', 'quantidade': 1}, {'idProduto': 'K6leHdftCeOJj8BJ', 'quantidade': 1}]}</msg>
<status status="PASS" starttime="20220831 16:19:26.132" endtime="20220831 16:19:26.132"/>
</kw>
<kw name="Set Global Variable" library="BuiltIn">
<arg>${payload}</arg>
<doc>Makes a variable available globally in all tests and suites.</doc>
<msg timestamp="20220831 16:19:26.133" level="INFO">${payload} = {'produtos': [{'idProduto': 'BeeJh5lz3k6kSIzA', 'quantidade': 1}, {'idProduto': 'K6leHdftCeOJj8BJ', 'quantidade': 1}]}</msg>
<status status="PASS" starttime="20220831 16:19:26.132" endtime="20220831 16:19:26.133"/>
</kw>
<status status="PASS" starttime="20220831 16:19:26.129" endtime="20220831 16:19:26.133"/>
</kw>
<kw name="POST Endpoint /carrinhos" library="carrinhos_kw">
<kw name="Create Dictionary" library="BuiltIn">
<var>&amp;{header}</var>
<arg>Authorization=${token}</arg>
<doc>Creates and returns a dictionary based on the given ``items``.</doc>
<msg timestamp="20220831 16:19:26.134" level="INFO">&amp;{header} = { Authorization=Bearer eyJhbGciOiJIUzI1NiIsInR5cCI6IkpXVCJ9.eyJlbWFpbCI6ImZ1bGFub0BxYS5jb20iLCJwYXNzd29yZCI6InRlc3RlIiwiaWF0IjoxNjYxOTczNTY2LCJleHAiOjE2NjE5NzQxNjZ9.z3iEHY2QfqS0PfYytfxIN4_3LtoYPMU1CCi...</msg>
<status status="PASS" starttime="20220831 16:19:26.134" endtime="20220831 16:19:26.134"/>
</kw>
<kw name="POST On Session" library="RequestsLibrary">
<var>${response}</var>
<arg>serverest</arg>
<arg>/carrinhos</arg>
<arg>json=&amp;{payload}</arg>
<arg>expected_status=any</arg>
<arg>headers=&amp;{header}</arg>
<doc>Sends a POST request on a previously created HTTP Session.</doc>
<msg timestamp="20220831 16:19:26.149" level="INFO">POST Request : url=http://localhost:3000/carrinhos 
 path_url=/carrinhos 
 headers={'User-Agent': 'python-requests/2.28.1', 'Accept-Encoding': 'gzip, deflate', 'Accept': '*/*', 'Connection': 'keep-alive', 'Authorization': 'Bearer eyJhbGciOiJIUzI1NiIsInR5cCI6IkpXVCJ9.eyJlbWFpbCI6ImZ1bGFub0BxYS5jb20iLCJwYXNzd29yZCI6InRlc3RlIiwiaWF0IjoxNjYxOTczNTY2LCJleHAiOjE2NjE5NzQxNjZ9.z3iEHY2QfqS0PfYytfxIN4_3LtoYPMU1CCibqWVT-ic', 'Content-Length': '118', 'Content-Type': 'application/json'} 
 body=b'{"produtos": [{"idProduto": "BeeJh5lz3k6kSIzA", "quantidade": 1}, {"idProduto": "K6leHdftCeOJj8BJ", "quantidade": 1}]}' 
 </msg>
<msg timestamp="20220831 16:19:26.149" level="INFO">POST Response : url=http://localhost:3000/carrinhos 
 status=201, reason=Created 
 headers={'Access-Control-Allow-Origin': '*', 'x-dns-prefetch-control': 'off', 'x-frame-options': 'SAMEORIGIN', 'strict-transport-security': 'max-age=15552000; includeSubDomains', 'x-download-options': 'noopen', 'x-content-type-options': 'nosniff', 'x-xss-protection': '1; mode=block', 'x-moesif-transaction-id': '0d89cd41-38eb-42f3-a17b-8f84accc7571', 'Content-Type': 'application/json; charset=utf-8', 'Content-Length': '82', 'Date': 'Wed, 31 Aug 2022 19:19:26 GMT', 'Connection': 'keep-alive', 'Keep-Alive': 'timeout=5'} 
 body={
    "message": "Cadastro realizado com sucesso",
    "_id": "IKPV06QckpCD6IIf"
} 
 </msg>
<msg timestamp="20220831 16:19:26.149" level="INFO">${response} = &lt;Response [201]&gt;</msg>
<status status="PASS" starttime="20220831 16:19:26.134" endtime="20220831 16:19:26.149"/>
</kw>
<kw name="Log To Console" library="BuiltIn">
<arg>Resposta: ${response.content}</arg>
<doc>Logs the given message to the console.</doc>
<status status="PASS" starttime="20220831 16:19:26.150" endtime="20220831 16:19:26.151"/>
</kw>
<kw name="Set Global Variable" library="BuiltIn">
<arg>${response}</arg>
<doc>Makes a variable available globally in all tests and suites.</doc>
<msg timestamp="20220831 16:19:26.152" level="INFO">${response} = &lt;Response [201]&gt;</msg>
<status status="PASS" starttime="20220831 16:19:26.151" endtime="20220831 16:19:26.152"/>
</kw>
<status status="PASS" starttime="20220831 16:19:26.133" endtime="20220831 16:19:26.153"/>
</kw>
<kw name="DELETE Endpoint /carrinhos/concluir-compra" library="carrinhos_kw">
<kw name="Create Dictionary" library="BuiltIn">
<var>&amp;{header}</var>
<arg>Authorization=${token}</arg>
<doc>Creates and returns a dictionary based on the given ``items``.</doc>
<msg timestamp="20220831 16:19:26.156" level="INFO">&amp;{header} = { Authorization=Bearer eyJhbGciOiJIUzI1NiIsInR5cCI6IkpXVCJ9.eyJlbWFpbCI6ImZ1bGFub0BxYS5jb20iLCJwYXNzd29yZCI6InRlc3RlIiwiaWF0IjoxNjYxOTczNTY2LCJleHAiOjE2NjE5NzQxNjZ9.z3iEHY2QfqS0PfYytfxIN4_3LtoYPMU1CCi...</msg>
<status status="PASS" starttime="20220831 16:19:26.155" endtime="20220831 16:19:26.156"/>
</kw>
<kw name="DELETE On Session" library="RequestsLibrary">
<var>${response}</var>
<arg>serverest</arg>
<arg>/carrinhos/concluir-compra/</arg>
<arg>expected_status=any</arg>
<arg>headers=&amp;{header}</arg>
<doc>Sends a DELETE request on a previously created HTTP Session.</doc>
<msg timestamp="20220831 16:19:26.168" level="INFO">DELETE Request : url=http://localhost:3000/carrinhos/concluir-compra/ 
 path_url=/carrinhos/concluir-compra/ 
 headers={'User-Agent': 'python-requests/2.28.1', 'Accept-Encoding': 'gzip, deflate', 'Accept': '*/*', 'Connection': 'keep-alive', 'Authorization': 'Bearer eyJhbGciOiJIUzI1NiIsInR5cCI6IkpXVCJ9.eyJlbWFpbCI6ImZ1bGFub0BxYS5jb20iLCJwYXNzd29yZCI6InRlc3RlIiwiaWF0IjoxNjYxOTczNTY2LCJleHAiOjE2NjE5NzQxNjZ9.z3iEHY2QfqS0PfYytfxIN4_3LtoYPMU1CCibqWVT-ic', 'Content-Length': '0'} 
 body=None 
 </msg>
<msg timestamp="20220831 16:19:26.168" level="INFO">DELETE Response : url=http://localhost:3000/carrinhos/concluir-compra/ 
 status=200, reason=OK 
 headers={'Access-Control-Allow-Origin': '*', 'x-dns-prefetch-control': 'off', 'x-frame-options': 'SAMEORIGIN', 'strict-transport-security': 'max-age=15552000; includeSubDomains', 'x-download-options': 'noopen', 'x-content-type-options': 'nosniff', 'x-xss-protection': '1; mode=block', 'x-moesif-transaction-id': '89e7b0d2-4cdb-4391-82bd-ce2678c2ea57', 'Content-Type': 'application/json; charset=utf-8', 'Content-Length': '51', 'Date': 'Wed, 31 Aug 2022 19:19:26 GMT', 'Connection': 'keep-alive', 'Keep-Alive': 'timeout=5'} 
 body={
    "message": "Registro excluído com sucesso"
} 
 </msg>
<msg timestamp="20220831 16:19:26.168" level="INFO">${response} = &lt;Response [200]&gt;</msg>
<status status="PASS" starttime="20220831 16:19:26.156" endtime="20220831 16:19:26.168"/>
</kw>
<kw name="Log To Console" library="BuiltIn">
<arg>Response:${response.content}</arg>
<doc>Logs the given message to the console.</doc>
<status status="PASS" starttime="20220831 16:19:26.169" endtime="20220831 16:19:26.170"/>
</kw>
<kw name="Set Global Variable" library="BuiltIn">
<arg>${response}</arg>
<doc>Makes a variable available globally in all tests and suites.</doc>
<msg timestamp="20220831 16:19:26.171" level="INFO">${response} = &lt;Response [200]&gt;</msg>
<status status="PASS" starttime="20220831 16:19:26.171" endtime="20220831 16:19:26.171"/>
</kw>
<status status="PASS" starttime="20220831 16:19:26.155" endtime="20220831 16:19:26.171"/>
</kw>
<kw name="Validar Status Code &quot;200&quot;" library="commons" sourcename="Validar Status Code &quot;${status_code}&quot;">
<kw name="Should Be True" library="BuiltIn">
<arg>${response.status_code} == ${status_code}</arg>
<doc>Fails if the given condition is not true.</doc>
<status status="PASS" starttime="20220831 16:19:26.172" endtime="20220831 16:19:26.174"/>
</kw>
<status status="PASS" starttime="20220831 16:19:26.172" endtime="20220831 16:19:26.174"/>
</kw>
<kw name="Validar Mensagem Contém &quot;sucesso&quot;" library="commons" sourcename="Validar Mensagem Contém &quot;${palavra}&quot;">
<kw name="Should Contain" library="BuiltIn">
<arg>${response.json()["message"]}</arg>
<arg>${palavra}</arg>
<doc>Fails if ``container`` does not contain ``item`` one or more times.</doc>
<status status="PASS" starttime="20220831 16:19:26.175" endtime="20220831 16:19:26.176"/>
</kw>
<status status="PASS" starttime="20220831 16:19:26.174" endtime="20220831 16:19:26.178"/>
</kw>
<tag>tc37</tag>
<status status="PASS" starttime="20220831 16:19:26.103" endtime="20220831 16:19:26.179"/>
</test>
<test id="s1-s1-t8" name="TC 38: Excluir carrinho com token expirado 401" line="69">
<kw name="Definir Token Expirado" library="commons">
<kw name="Set Variable" library="BuiltIn">
<var>${token}</var>
<arg>"Bearer eyJhbGciOiJIUzI1NiIsInR5cCI6IkpXVCJ9.eyJlbWFpbCI6ImZ1bGFub0BxYS5jb20iLCJwYXNzd29yZCI6InRlc3RlIiwiaWF0IjoxNTg5NzU4NzQ2LCJleHAiOjE1ODk3Njg3NDZ9.B6TASHV8k9xBerz4NSeFBlAZGSDhZlqESt767M0567I"</arg>
<doc>Returns the given values which can then be assigned to a variables.</doc>
<msg timestamp="20220831 16:19:26.182" level="INFO">${token} = "Bearer eyJhbGciOiJIUzI1NiIsInR5cCI6IkpXVCJ9.eyJlbWFpbCI6ImZ1bGFub0BxYS5jb20iLCJwYXNzd29yZCI6InRlc3RlIiwiaWF0IjoxNTg5NzU4NzQ2LCJleHAiOjE1ODk3Njg3NDZ9.B6TASHV8k9xBerz4NSeFBlAZGSDhZlqESt767M0567I"</msg>
<status status="PASS" starttime="20220831 16:19:26.182" endtime="20220831 16:19:26.182"/>
</kw>
<kw name="Set Global Variable" library="BuiltIn">
<arg>${token}</arg>
<doc>Makes a variable available globally in all tests and suites.</doc>
<msg timestamp="20220831 16:19:26.183" level="INFO">${token} = "Bearer eyJhbGciOiJIUzI1NiIsInR5cCI6IkpXVCJ9.eyJlbWFpbCI6ImZ1bGFub0BxYS5jb20iLCJwYXNzd29yZCI6InRlc3RlIiwiaWF0IjoxNTg5NzU4NzQ2LCJleHAiOjE1ODk3Njg3NDZ9.B6TASHV8k9xBerz4NSeFBlAZGSDhZlqESt767M0567I"</msg>
<status status="PASS" starttime="20220831 16:19:26.182" endtime="20220831 16:19:26.183"/>
</kw>
<status status="PASS" starttime="20220831 16:19:26.182" endtime="20220831 16:19:26.183"/>
</kw>
<kw name="DELETE Endpoint /carrinhos/concluir-compra" library="carrinhos_kw">
<kw name="Create Dictionary" library="BuiltIn">
<var>&amp;{header}</var>
<arg>Authorization=${token}</arg>
<doc>Creates and returns a dictionary based on the given ``items``.</doc>
<msg timestamp="20220831 16:19:26.184" level="INFO">&amp;{header} = { Authorization="Bearer eyJhbGciOiJIUzI1NiIsInR5cCI6IkpXVCJ9.eyJlbWFpbCI6ImZ1bGFub0BxYS5jb20iLCJwYXNzd29yZCI6InRlc3RlIiwiaWF0IjoxNTg5NzU4NzQ2LCJleHAiOjE1ODk3Njg3NDZ9.B6TASHV8k9xBerz4NSeFBlAZGSDhZlqESt...</msg>
<status status="PASS" starttime="20220831 16:19:26.184" endtime="20220831 16:19:26.184"/>
</kw>
<kw name="DELETE On Session" library="RequestsLibrary">
<var>${response}</var>
<arg>serverest</arg>
<arg>/carrinhos/concluir-compra/</arg>
<arg>expected_status=any</arg>
<arg>headers=&amp;{header}</arg>
<doc>Sends a DELETE request on a previously created HTTP Session.</doc>
<msg timestamp="20220831 16:19:26.190" level="INFO">DELETE Request : url=http://localhost:3000/carrinhos/concluir-compra/ 
 path_url=/carrinhos/concluir-compra/ 
 headers={'User-Agent': 'python-requests/2.28.1', 'Accept-Encoding': 'gzip, deflate', 'Accept': '*/*', 'Connection': 'keep-alive', 'Authorization': '"Bearer eyJhbGciOiJIUzI1NiIsInR5cCI6IkpXVCJ9.eyJlbWFpbCI6ImZ1bGFub0BxYS5jb20iLCJwYXNzd29yZCI6InRlc3RlIiwiaWF0IjoxNTg5NzU4NzQ2LCJleHAiOjE1ODk3Njg3NDZ9.B6TASHV8k9xBerz4NSeFBlAZGSDhZlqESt767M0567I"', 'Content-Length': '0'} 
 body=None 
 </msg>
<msg timestamp="20220831 16:19:26.190" level="INFO">DELETE Response : url=http://localhost:3000/carrinhos/concluir-compra/ 
 status=401, reason=Unauthorized 
 headers={'Access-Control-Allow-Origin': '*', 'x-dns-prefetch-control': 'off', 'x-frame-options': 'SAMEORIGIN', 'strict-transport-security': 'max-age=15552000; includeSubDomains', 'x-download-options': 'noopen', 'x-content-type-options': 'nosniff', 'x-xss-protection': '1; mode=block', 'x-moesif-transaction-id': '03388999-f0af-44c1-98a7-5d319283ed58', 'Content-Type': 'application/json; charset=utf-8', 'Content-Length': '103', 'Date': 'Wed, 31 Aug 2022 19:19:26 GMT', 'Connection': 'keep-alive', 'Keep-Alive': 'timeout=5'} 
 body={
    "message": "Token de acesso ausente, inválido, expirado ou usuário do token não existe mais"
} 
 </msg>
<msg timestamp="20220831 16:19:26.191" level="INFO">${response} = &lt;Response [401]&gt;</msg>
<status status="PASS" starttime="20220831 16:19:26.184" endtime="20220831 16:19:26.191"/>
</kw>
<kw name="Log To Console" library="BuiltIn">
<arg>Response:${response.content}</arg>
<doc>Logs the given message to the console.</doc>
<status status="PASS" starttime="20220831 16:19:26.191" endtime="20220831 16:19:26.194"/>
</kw>
<kw name="Set Global Variable" library="BuiltIn">
<arg>${response}</arg>
<doc>Makes a variable available globally in all tests and suites.</doc>
<msg timestamp="20220831 16:19:26.196" level="INFO">${response} = &lt;Response [401]&gt;</msg>
<status status="PASS" starttime="20220831 16:19:26.195" endtime="20220831 16:19:26.196"/>
</kw>
<status status="PASS" starttime="20220831 16:19:26.183" endtime="20220831 16:19:26.197"/>
</kw>
<kw name="Validar Status Code &quot;401&quot;" library="commons" sourcename="Validar Status Code &quot;${status_code}&quot;">
<kw name="Should Be True" library="BuiltIn">
<arg>${response.status_code} == ${status_code}</arg>
<doc>Fails if the given condition is not true.</doc>
<status status="PASS" starttime="20220831 16:19:26.197" endtime="20220831 16:19:26.199"/>
</kw>
<status status="PASS" starttime="20220831 16:19:26.197" endtime="20220831 16:19:26.199"/>
</kw>
<kw name="Validar Mensagem Contém &quot;inválido&quot;" library="commons" sourcename="Validar Mensagem Contém &quot;${palavra}&quot;">
<kw name="Should Contain" library="BuiltIn">
<arg>${response.json()["message"]}</arg>
<arg>${palavra}</arg>
<doc>Fails if ``container`` does not contain ``item`` one or more times.</doc>
<status status="PASS" starttime="20220831 16:19:26.200" endtime="20220831 16:19:26.201"/>
</kw>
<status status="PASS" starttime="20220831 16:19:26.200" endtime="20220831 16:19:26.201"/>
</kw>
<tag>tc38</tag>
<status status="PASS" starttime="20220831 16:19:26.181" endtime="20220831 16:19:26.203"/>
</test>
<test id="s1-s1-t9" name="TC 39: Excluir carrinho e retornar produtos para estoque - cancelar compra 200" line="76">
<kw name="Selecionar Login &quot;user_valido&quot;" library="login_kw" sourcename="Selecionar Login &quot;${val}&quot;">
<kw name="Importar JSON Estático" library="commons">
<var>${json}</var>
<arg>json_login.json</arg>
<kw name="Get File" library="OperatingSystem">
<var>${arquivo}</var>
<arg>${EXECDIR}/support/fixture/${nome_arquivo}</arg>
<doc>Returns the contents of a specified file.</doc>
<msg timestamp="20220831 16:19:26.208" level="INFO" html="true">Getting file '&lt;a href="file://C:\Users\Laura\Documents\Programa de Bolsas Compass.UOL\RoboTron_LauraGehrke_DesafioFinal\support\fixture\json_login.json"&gt;C:\Users\Laura\Documents\Programa de Bolsas Compass.UOL\RoboTron_LauraGehrke_DesafioFinal\support\fixture\json_login.json&lt;/a&gt;'.</msg>
<msg timestamp="20220831 16:19:26.208" level="INFO">${arquivo} = {
    "user_valido": {
        "email": "fulano@qa.com",
        "password": "teste"
    },
    "user_invalido": {
        "email": "email@inexistente.com",
        "password": "teste321"
    },
    "...</msg>
<status status="PASS" starttime="20220831 16:19:26.207" endtime="20220831 16:19:26.208"/>
</kw>
<kw name="Evaluate" library="BuiltIn">
<var>${data}</var>
<arg>json.loads('''${arquivo}''')</arg>
<arg>json</arg>
<doc>Evaluates the given expression in Python and returns the result.</doc>
<msg timestamp="20220831 16:19:26.211" level="INFO">${data} = {'user_valido': {'email': 'fulano@qa.com', 'password': 'teste'}, 'user_invalido': {'email': 'email@inexistente.com', 'password': 'teste321'}, 'user_senha_errada': {'email': 'fulano@qa.com', 'password'...</msg>
<status status="PASS" starttime="20220831 16:19:26.209" endtime="20220831 16:19:26.211"/>
</kw>
<msg timestamp="20220831 16:19:26.212" level="INFO">${json} = {'user_valido': {'email': 'fulano@qa.com', 'password': 'teste'}, 'user_invalido': {'email': 'email@inexistente.com', 'password': 'teste321'}, 'user_senha_errada': {'email': 'fulano@qa.com', 'password'...</msg>
<status status="PASS" starttime="20220831 16:19:26.207" endtime="20220831 16:19:26.212"/>
</kw>
<kw name="Set Variable" library="BuiltIn">
<var>${payload}</var>
<arg>${json["${val}"]}</arg>
<doc>Returns the given values which can then be assigned to a variables.</doc>
<msg timestamp="20220831 16:19:26.213" level="INFO">${payload} = {'email': 'fulano@qa.com', 'password': 'teste'}</msg>
<status status="PASS" starttime="20220831 16:19:26.212" endtime="20220831 16:19:26.213"/>
</kw>
<kw name="Set Global Variable" library="BuiltIn">
<arg>${payload}</arg>
<doc>Makes a variable available globally in all tests and suites.</doc>
<msg timestamp="20220831 16:19:26.214" level="INFO">${payload} = {'email': 'fulano@qa.com', 'password': 'teste'}</msg>
<status status="PASS" starttime="20220831 16:19:26.213" endtime="20220831 16:19:26.214"/>
</kw>
<status status="PASS" starttime="20220831 16:19:26.206" endtime="20220831 16:19:26.214"/>
</kw>
<kw name="POST Endpoint /login" library="login_kw">
<kw name="POST On Session" library="RequestsLibrary">
<var>${response}</var>
<arg>serverest</arg>
<arg>/login</arg>
<arg>json=&amp;{payload}</arg>
<arg>expected_status=any</arg>
<doc>Sends a POST request on a previously created HTTP Session.</doc>
<msg timestamp="20220831 16:19:26.221" level="INFO">POST Request : url=http://localhost:3000/login 
 path_url=/login 
 headers={'User-Agent': 'python-requests/2.28.1', 'Accept-Encoding': 'gzip, deflate', 'Accept': '*/*', 'Connection': 'keep-alive', 'Content-Length': '47', 'Content-Type': 'application/json'} 
 body=b'{"email": "fulano@qa.com", "password": "teste"}' 
 </msg>
<msg timestamp="20220831 16:19:26.221" level="INFO">POST Response : url=http://localhost:3000/login 
 status=200, reason=OK 
[...]
</kw>
<status status="PASS" starttime="20220831 16:19:27.623" endtime="20220831 16:19:27.635"/>
</kw>
<tag>tc12</tag>
<status status="PASS" starttime="20220831 16:19:27.570" endtime="20220831 16:19:27.635"/>
</test>
<test id="s1-s4-t10" name="TC 13: PUT - Editar usuário inexistente 201" line="79">
<kw name="Criar Dados Usuário Válido" library="dynamics">
<kw name="Name" library="FakerLibrary">
<var>${nome}</var>
<doc>:example 'John Doe'</doc>
<msg timestamp="20220831 16:19:27.641" level="INFO">${nome} = Eric Miller</msg>
<status status="PASS" starttime="20220831 16:19:27.640" endtime="20220831 16:19:27.641"/>
</kw>
<kw name="Email" library="FakerLibrary">
<var>${email}</var>
<msg timestamp="20220831 16:19:27.642" level="INFO">${email} = cheyenne43@example.net</msg>
<status status="PASS" starttime="20220831 16:19:27.641" endtime="20220831 16:19:27.642"/>
</kw>
<kw name="Create Dictionary" library="BuiltIn">
<var>${payload}</var>
<arg>nome=${nome}</arg>
<arg>email=${email}</arg>
<arg>password=senha123</arg>
<arg>administrador=true</arg>
<doc>Creates and returns a dictionary based on the given ``items``.</doc>
<msg timestamp="20220831 16:19:27.643" level="INFO">${payload} = {'nome': 'Eric Miller', 'email': 'cheyenne43@example.net', 'password': 'senha123', 'administrador': 'true'}</msg>
<status status="PASS" starttime="20220831 16:19:27.642" endtime="20220831 16:19:27.643"/>
</kw>
<kw name="Log To Console" library="BuiltIn">
<arg>${payload}</arg>
<doc>Logs the given message to the console.</doc>
<status status="PASS" starttime="20220831 16:19:27.643" endtime="20220831 16:19:27.643"/>
</kw>
<kw name="Set Global Variable" library="BuiltIn">
<arg>${payload}</arg>
<doc>Makes a variable available globally in all tests and suites.</doc>
<msg timestamp="20220831 16:19:27.644" level="INFO">${payload} = {'nome': 'Eric Miller', 'email': 'cheyenne43@example.net', 'password': 'senha123', 'administrador': 'true'}</msg>
<status status="PASS" starttime="20220831 16:19:27.644" endtime="20220831 16:19:27.645"/>
</kw>
<status status="PASS" starttime="20220831 16:19:27.639" endtime="20220831 16:19:27.645"/>
</kw>
<kw name="Seleciona ID &quot;000000000000&quot;" library="commons" sourcename="Seleciona ID &quot;${id}&quot;">
<kw name="Set Variable" library="BuiltIn">
<var>${id_guardado}</var>
<arg>${id}</arg>
<doc>Returns the given values which can then be assigned to a variables.</doc>
<msg timestamp="20220831 16:19:27.647" level="INFO">${id_guardado} = 000000000000</msg>
<status status="PASS" starttime="20220831 16:19:27.646" endtime="20220831 16:19:27.647"/>
</kw>
<kw name="Set Global Variable" library="BuiltIn">
<arg>${id_guardado}</arg>
<doc>Makes a variable available globally in all tests and suites.</doc>
<msg timestamp="20220831 16:19:27.648" level="INFO">${id_guardado} = 000000000000</msg>
<status status="PASS" starttime="20220831 16:19:27.647" endtime="20220831 16:19:27.648"/>
</kw>
<status status="PASS" starttime="20220831 16:19:27.646" endtime="20220831 16:19:27.648"/>
</kw>
<kw name="PUT Endpoint /usuarios" library="usuarios_kw">
<kw name="PUT On Session" library="RequestsLibrary">
<var>${response}</var>
<arg>serverest</arg>
<arg>/usuarios/${id_guardado}</arg>
<arg>json=&amp;{payload}</arg>
<arg>expected_status=any</arg>
<doc>Sends a PUT request on a previously created HTTP Session.</doc>
<msg timestamp="20220831 16:19:27.656" level="INFO">PUT Request : url=http://localhost:3000/usuarios/000000000000 
 path_url=/usuarios/000000000000 
 headers={'User-Agent': 'python-requests/2.28.1', 'Accept-Encoding': 'gzip, deflate', 'Accept': '*/*', 'Connection': 'keep-alive', 'Content-Length': '107', 'Content-Type': 'application/json'} 
 body=b'{"nome": "Eric Miller", "email": "cheyenne43@example.net", "password": "senha123", "administrador": "true"}' 
 </msg>
<msg timestamp="20220831 16:19:27.656" level="INFO">PUT Response : url=http://localhost:3000/usuarios/000000000000 
 status=201, reason=Created 
 headers={'Access-Control-Allow-Origin': '*', 'x-dns-prefetch-control': 'off', 'x-frame-options': 'SAMEORIGIN', 'strict-transport-security': 'max-age=15552000; includeSubDomains', 'x-download-options': 'noopen', 'x-content-type-options': 'nosniff', 'x-xss-protection': '1; mode=block', 'x-moesif-transaction-id': '7a7b8622-d8a0-428b-9409-28757609948d', 'Content-Type': 'application/json; charset=utf-8', 'Content-Length': '82', 'Date': 'Wed, 31 Aug 2022 19:19:27 GMT', 'Connection': 'keep-alive', 'Keep-Alive': 'timeout=5'} 
 body={
    "message": "Cadastro realizado com sucesso",
    "_id": "8NCjXLLIqh8ZJtxW"
} 
 </msg>
<msg timestamp="20220831 16:19:27.657" level="INFO">${response} = &lt;Response [201]&gt;</msg>
<status status="PASS" starttime="20220831 16:19:27.649" endtime="20220831 16:19:27.657"/>
</kw>
<kw name="Log To Console" library="BuiltIn">
<arg>Resposta: ${response.content}</arg>
<doc>Logs the given message to the console.</doc>
<status status="PASS" starttime="20220831 16:19:27.657" endtime="20220831 16:19:27.659"/>
</kw>
<kw name="Set Global Variable" library="BuiltIn">
<arg>${response}</arg>
<doc>Makes a variable available globally in all tests and suites.</doc>
<msg timestamp="20220831 16:19:27.660" level="INFO">${response} = &lt;Response [201]&gt;</msg>
<status status="PASS" starttime="20220831 16:19:27.659" endtime="20220831 16:19:27.660"/>
</kw>
<status status="PASS" starttime="20220831 16:19:27.648" endtime="20220831 16:19:27.660"/>
</kw>
<kw name="Guardar ID" library="commons">
<kw name="Set Variable" library="BuiltIn">
<var>${id_guardado}</var>
<arg>${response.json()["_id"]}</arg>
<doc>Returns the given values which can then be assigned to a variables.</doc>
<msg timestamp="20220831 16:19:27.663" level="INFO">${id_guardado} = 8NCjXLLIqh8ZJtxW</msg>
<status status="PASS" starttime="20220831 16:19:27.662" endtime="20220831 16:19:27.663"/>
</kw>
<kw name="Log To Console" library="BuiltIn">
<arg>ID salvo: ${id_guardado}</arg>
<doc>Logs the given message to the console.</doc>
<status status="PASS" starttime="20220831 16:19:27.663" endtime="20220831 16:19:27.664"/>
</kw>
<kw name="Set Global Variable" library="BuiltIn">
<arg>${id_guardado}</arg>
<doc>Makes a variable available globally in all tests and suites.</doc>
<msg timestamp="20220831 16:19:27.664" level="INFO">${id_guardado} = 8NCjXLLIqh8ZJtxW</msg>
<status status="PASS" starttime="20220831 16:19:27.664" endtime="20220831 16:19:27.664"/>
</kw>
<status status="PASS" starttime="20220831 16:19:27.661" endtime="20220831 16:19:27.665"/>
</kw>
<kw name="Validar Status Code &quot;201&quot;" library="commons" sourcename="Validar Status Code &quot;${status_code}&quot;">
<kw name="Should Be True" library="BuiltIn">
<arg>${response.status_code} == ${status_code}</arg>
<doc>Fails if the given condition is not true.</doc>
<status status="PASS" starttime="20220831 16:19:27.665" endtime="20220831 16:19:27.667"/>
</kw>
<status status="PASS" starttime="20220831 16:19:27.665" endtime="20220831 16:19:27.667"/>
</kw>
<kw name="Validar Mensagem Contém &quot;Cadastro&quot;" library="commons" sourcename="Validar Mensagem Contém &quot;${palavra}&quot;">
<kw name="Should Contain" library="BuiltIn">
<arg>${response.json()["message"]}</arg>
<arg>${palavra}</arg>
<doc>Fails if ``container`` does not contain ``item`` one or more times.</doc>
<status status="PASS" starttime="20220831 16:19:27.668" endtime="20220831 16:19:27.669"/>
</kw>
<status status="PASS" starttime="20220831 16:19:27.668" endtime="20220831 16:19:27.669"/>
</kw>
<kw name="DELETE Endpoint /usuarios" library="usuarios_kw">
<kw name="DELETE On Session" library="RequestsLibrary">
<var>${response}</var>
<arg>serverest</arg>
<arg>/usuarios/${id_guardado}</arg>
<arg>expected_status=any</arg>
<doc>Sends a DELETE request on a previously created HTTP Session.</doc>
<msg timestamp="20220831 16:19:27.677" level="INFO">DELETE Request : url=http://localhost:3000/usuarios/8NCjXLLIqh8ZJtxW 
 path_url=/usuarios/8NCjXLLIqh8ZJtxW 
 headers={'User-Agent': 'python-requests/2.28.1', 'Accept-Encoding': 'gzip, deflate', 'Accept': '*/*', 'Connection': 'keep-alive', 'Content-Length': '0'} 
 body=None 
 </msg>
<msg timestamp="20220831 16:19:27.677" level="INFO">DELETE Response : url=http://localhost:3000/usuarios/8NCjXLLIqh8ZJtxW 
 status=200, reason=OK 
 headers={'Access-Control-Allow-Origin': '*', 'x-dns-prefetch-control': 'off', 'x-frame-options': 'SAMEORIGIN', 'strict-transport-security': 'max-age=15552000; includeSubDomains', 'x-download-options': 'noopen', 'x-content-type-options': 'nosniff', 'x-xss-protection': '1; mode=block', 'x-moesif-transaction-id': 'f5d63c4d-9cbc-49fd-9fb9-989b549b21c3', 'Content-Type': 'application/json; charset=utf-8', 'Content-Length': '51', 'Date': 'Wed, 31 Aug 2022 19:19:27 GMT', 'Connection': 'keep-alive', 'Keep-Alive': 'timeout=5'} 
 body={
    "message": "Registro excluído com sucesso"
} 
 </msg>
<msg timestamp="20220831 16:19:27.678" level="INFO">${response} = &lt;Response [200]&gt;</msg>
<status status="PASS" starttime="20220831 16:19:27.670" endtime="20220831 16:19:27.678"/>
</kw>
<kw name="Log To Console" library="BuiltIn">
<arg>Response:${response.content}</arg>
<doc>Logs the given message to the console.</doc>
<status status="PASS" starttime="20220831 16:19:27.678" endtime="20220831 16:19:27.679"/>
</kw>
<kw name="Set Global Variable" library="BuiltIn">
<arg>${response}</arg>
<doc>Makes a variable available globally in all tests and suites.</doc>
<msg timestamp="20220831 16:19:27.680" level="INFO">${response} = &lt;Response [200]&gt;</msg>
<status status="PASS" starttime="20220831 16:19:27.680" endtime="20220831 16:19:27.680"/>
</kw>
<status status="PASS" starttime="20220831 16:19:27.670" endtime="20220831 16:19:27.681"/>
</kw>
<tag>tc13</tag>
<status status="PASS" starttime="20220831 16:19:27.639" endtime="20220831 16:19:27.682"/>
</test>
<test id="s1-s4-t11" name="TC 14: PUT - Editar usuário usando email já cadastrado 400" line="89">
<kw name="Seleciona ID &quot;UES5DKNIxfWTo5rJ&quot;" library="commons" sourcename="Seleciona ID &quot;${id}&quot;">
<kw name="Set Variable" library="BuiltIn">
<var>${id_guardado}</var>
<arg>${id}</arg>
<doc>Returns the given values which can then be assigned to a variables.</doc>
<msg timestamp="20220831 16:19:27.686" level="INFO">${id_guardado} = UES5DKNIxfWTo5rJ</msg>
<status status="PASS" starttime="20220831 16:19:27.685" endtime="20220831 16:19:27.686"/>
</kw>
<kw name="Set Global Variable" library="BuiltIn">
<arg>${id_guardado}</arg>
<doc>Makes a variable available globally in all tests and suites.</doc>
<msg timestamp="20220831 16:19:27.687" level="INFO">${id_guardado} = UES5DKNIxfWTo5rJ</msg>
<status status="PASS" starttime="20220831 16:19:27.686" endtime="20220831 16:19:27.687"/>
</kw>
<status status="PASS" starttime="20220831 16:19:27.685" endtime="20220831 16:19:27.687"/>
</kw>
<kw name="Selecionar Usuário &quot;user_repetido&quot;" library="usuarios_kw" sourcename="Selecionar Usuário &quot;${val}&quot;">
<kw name="Importar JSON Estático" library="commons">
<var>${json}</var>
<arg>json_usuarios.json</arg>
<kw name="Get File" library="OperatingSystem">
<var>${arquivo}</var>
<arg>${EXECDIR}/support/fixture/${nome_arquivo}</arg>
<doc>Returns the contents of a specified file.</doc>
<msg timestamp="20220831 16:19:27.691" level="INFO" html="true">Getting file '&lt;a href="file://C:\Users\Laura\Documents\Programa de Bolsas Compass.UOL\RoboTron_LauraGehrke_DesafioFinal\support\fixture\json_usuarios.json"&gt;C:\Users\Laura\Documents\Programa de Bolsas Compass.UOL\RoboTron_LauraGehrke_DesafioFinal\support\fixture\json_usuarios.json&lt;/a&gt;'.</msg>
<msg timestamp="20220831 16:19:27.692" level="INFO">${arquivo} = {
    "user_modificar": {
        "nome": "Alan Turing",
        "email": "alanturing@gmail.com",
        "password": "senha123",
        "administrador": "true"
    },
    "user_repetido": {
        ...</msg>
<status status="PASS" starttime="20220831 16:19:27.691" endtime="20220831 16:19:27.692"/>
</kw>
<kw name="Evaluate" library="BuiltIn">
<var>${data}</var>
<arg>json.loads('''${arquivo}''')</arg>
<arg>json</arg>
<doc>Evaluates the given expression in Python and returns the result.</doc>
<msg timestamp="20220831 16:19:27.692" level="INFO">${data} = {'user_modificar': {'nome': 'Alan Turing', 'email': 'alanturing@gmail.com', 'password': 'senha123', 'administrador': 'true'}, 'user_repetido': {'nome': 'Fulano Repetido', 'email': 'fulano@qa.com', 'pa...</msg>
<status status="PASS" starttime="20220831 16:19:27.692" endtime="20220831 16:19:27.692"/>
</kw>
<msg timestamp="20220831 16:19:27.693" level="INFO">${json} = {'user_modificar': {'nome': 'Alan Turing', 'email': 'alanturing@gmail.com', 'password': 'senha123', 'administrador': 'true'}, 'user_repetido': {'nome': 'Fulano Repetido', 'email': 'fulano@qa.com', 'pa...</msg>
<status status="PASS" starttime="20220831 16:19:27.690" endtime="20220831 16:19:27.693"/>
</kw>
<kw name="Set Variable" library="BuiltIn">
<var>${payload}</var>
<arg>${json["${val}"]}</arg>
<doc>Returns the given values which can then be assigned to a variables.</doc>
<msg timestamp="20220831 16:19:27.694" level="INFO">${payload} = {'nome': 'Fulano Repetido', 'email': 'fulano@qa.com', 'password': 'teste', 'administrador': 'true'}</msg>
<status status="PASS" starttime="20220831 16:19:27.693" endtime="20220831 16:19:27.694"/>
</kw>
<kw name="Set Global Variable" library="BuiltIn">
<arg>${payload}</arg>
<doc>Makes a variable available globally in all tests and suites.</doc>
<msg timestamp="20220831 16:19:27.694" level="INFO">${payload} = {'nome': 'Fulano Repetido', 'email': 'fulano@qa.com', 'password': 'teste', 'administrador': 'true'}</msg>
<status status="PASS" starttime="20220831 16:19:27.694" endtime="20220831 16:19:27.694"/>
</kw>
<status status="PASS" starttime="20220831 16:19:27.690" endtime="20220831 16:19:27.695"/>
</kw>
<kw name="PUT Endpoint /usuarios" library="usuarios_kw">
<kw name="PUT On Session" library="RequestsLibrary">
<var>${response}</var>
<arg>serverest</arg>
<arg>/usuarios/${id_guardado}</arg>
<arg>json=&amp;{payload}</arg>
<arg>expected_status=any</arg>
<doc>Sends a PUT request on a previously created HTTP Session.</doc>
<msg timestamp="20220831 16:19:27.700" level="INFO">PUT Request : url=http://localhost:3000/usuarios/UES5DKNIxfWTo5rJ 
 path_url=/usuarios/UES5DKNIxfWTo5rJ 
 headers={'User-Agent': 'python-requests/2.28.1', 'Accept-Encoding': 'gzip, deflate', 'Accept': '*/*', 'Connection': 'keep-alive', 'Content-Length': '99', 'Content-Type': 'application/json'} 
 body=b'{"nome": "Fulano Repetido", "email": "fulano@qa.com", "password": "teste", "administrador": "true"}' 
 </msg>
<msg timestamp="20220831 16:19:27.701" level="INFO">PUT Response : url=http://localhost:3000/usuarios/UES5DKNIxfWTo5rJ 
 status=400, reason=Bad Request 
 headers={'Access-Control-Allow-Origin': '*', 'x-dns-prefetch-control': 'off', 'x-frame-options': 'SAMEORIGIN', 'strict-transport-security': 'max-age=15552000; includeSubDomains', 'x-download-options': 'noopen', 'x-content-type-options': 'nosniff', 'x-xss-protection': '1; mode=block', 'x-moesif-transaction-id': 'b477e3ce-61c3-4a60-b73a-81498afd475b', 'Content-Type': 'application/json; charset=utf-8', 'Content-Length': '53', 'Date': 'Wed, 31 Aug 2022 19:19:27 GMT', 'Connection': 'keep-alive', 'Keep-Alive': 'timeout=5'} 
 body={
    "message": "Este email já está sendo usado"
} 
 </msg>
<msg timestamp="20220831 16:19:27.701" level="INFO">${response} = &lt;Response [400]&gt;</msg>
<status status="PASS" starttime="20220831 16:19:27.695" endtime="20220831 16:19:27.701"/>
</kw>
<kw name="Log To Console" library="BuiltIn">
<arg>Resposta: ${response.content}</arg>
<doc>Logs the given message to the console.</doc>
<status status="PASS" starttime="20220831 16:19:27.701" endtime="20220831 16:19:27.702"/>
</kw>
<kw name="Set Global Variable" library="BuiltIn">
<arg>${response}</arg>
<doc>Makes a variable available globally in all tests and suites.</doc>
<msg timestamp="20220831 16:19:27.703" level="INFO">${response} = &lt;Response [400]&gt;</msg>
<status status="PASS" starttime="20220831 16:19:27.703" endtime="20220831 16:19:27.704"/>
</kw>
<status status="PASS" starttime="20220831 16:19:27.695" endtime="20220831 16:19:27.705"/>
</kw>
<kw name="Validar Status Code &quot;400&quot;" library="commons" sourcename="Validar Status Code &quot;${status_code}&quot;">
<kw name="Should Be True" library="BuiltIn">
<arg>${response.status_code} == ${status_code}</arg>
<doc>Fails if the given condition is not true.</doc>
<status status="PASS" starttime="20220831 16:19:27.708" endtime="20220831 16:19:27.709"/>
</kw>
<status status="PASS" starttime="20220831 16:19:27.707" endtime="20220831 16:19:27.709"/>
</kw>
<kw name="Validar Mensagem Contém &quot;usado&quot;" library="commons" sourcename="Validar Mensagem Contém &quot;${palavra}&quot;">
<kw name="Should Contain" library="BuiltIn">
<arg>${response.json()["message"]}</arg>
<arg>${palavra}</arg>
<doc>Fails if ``container`` does not contain ``item`` one or more times.</doc>
<status status="PASS" starttime="20220831 16:19:27.710" endtime="20220831 16:19:27.711"/>
</kw>
<status status="PASS" starttime="20220831 16:19:27.710" endtime="20220831 16:19:27.711"/>
</kw>
<tag>tc14</tag>
<status status="PASS" starttime="20220831 16:19:27.684" endtime="20220831 16:19:27.712"/>
</test>
<doc>Testes para o endpoint /usuarios</doc>
<status status="PASS" starttime="20220831 16:19:27.297" endtime="20220831 16:19:27.714"/>
</suite>
<status status="FAIL" starttime="20220831 16:19:24.764" endtime="20220831 16:19:27.719"/>
</suite>
<statistics>
<total>
<stat pass="38" fail="2" skip="0">All Tests</stat>
</total>
<tag>
<stat pass="1" fail="0" skip="0">tc01</stat>
<stat pass="0" fail="1" skip="0">tc02</stat>
<stat pass="0" fail="1" skip="0">tc03</stat>
<stat pass="1" fail="0" skip="0">tc04</stat>
<stat pass="1" fail="0" skip="0">tc05</stat>
<stat pass="1" fail="0" skip="0">tc06</stat>
<stat pass="1" fail="0" skip="0">tc07</stat>
<stat pass="1" fail="0" skip="0">tc08</stat>
<stat pass="1" fail="0" skip="0">tc09</stat>
<stat pass="1" fail="0" skip="0">tc10</stat>
<stat pass="1" fail="0" skip="0">tc11</stat>
<stat pass="1" fail="0" skip="0">tc12</stat>
<stat pass="1" fail="0" skip="0">tc13</stat>
<stat pass="1" fail="0" skip="0">tc14</stat>
<stat pass="1" fail="0" skip="0">tc15</stat>
<stat pass="1" fail="0" skip="0">tc16</stat>
<stat pass="1" fail="0" skip="0">tc17</stat>
<stat pass="1" fail="0" skip="0">tc18</stat>
<stat pass="1" fail="0" skip="0">tc19</stat>
<stat pass="1" fail="0" skip="0">tc20</stat>
<stat pass="1" fail="0" skip="0">tc21</stat>
<stat pass="1" fail="0" skip="0">tc22</stat>
<stat pass="1" fail="0" skip="0">tc23</stat>
<stat pass="1" fail="0" skip="0">tc24</stat>
<stat pass="1" fail="0" skip="0">tc25</stat>
<stat pass="1" fail="0" skip="0">tc26</stat>
<stat pass="1" fail="0" skip="0">tc27</stat>
<stat pass="1" fail="0" skip="0">tc28</stat>
<stat pass="1" fail="0" skip="0">tc29</stat>
<stat pass="1" fail="0" skip="0">tc30</stat>
<stat pass="1" fail="0" skip="0">tc31</stat>
<stat pass="1" fail="0" skip="0">tc32</stat>
<stat pass="1" fail="0" skip="0">tc33</stat>
<stat pass="1" fail="0" skip="0">tc34</stat>
<stat pass="1" fail="0" skip="0">tc35</stat>
<stat pass="1" fail="0" skip="0">tc36</stat>
<stat pass="1" fail="0" skip="0">tc37</stat>
<stat pass="1" fail="0" skip="0">tc38</stat>
<stat pass="1" fail="0" skip="0">tc39</stat>
<stat pass="1" fail="0" skip="0">tc40</stat>
</tag>
<suite>
<stat pass="38" fail="2" skip="0" id="s1" name="Tests">Tests</stat>
<stat pass="10" fail="0" skip="0" id="s1-s1" name="Carrinhos Tests">Tests.Carrinhos Tests</stat>
<stat pass="1" fail="2" skip="0" id="s1-s2" name="Login Tests">Tests.Login Tests</stat>
<stat pass="16" fail="0" skip="0" id="s1-s3" name="Produtos Tests">Tests.Produtos Tests</stat>
<stat pass="11" fail="0" skip="0" id="s1-s4" name="Usuarios Tests">Tests.Usuarios Tests</stat>
</suite>
</statistics>
<errors>
</errors>
</robot>
