<?xml version="1.0" encoding="UTF-8"?>
<robot generator="Robot 5.0.1 (Python 3.8.2 on win32)" generated="20220829 15:12:27.055" rpa="false" schemaversion="3">
<suite id="s1" name="RoboTron LauraGehrke DesafioFinal" source="C:\Users\Laura\Documents\Programa de Bolsas Compass.UOL\RoboTron_LauraGehrke_DesafioFinal">
<suite id="s1-s1" name="Tests" source="C:\Users\Laura\Documents\Programa de Bolsas Compass.UOL\RoboTron_LauraGehrke_DesafioFinal\tests">
<suite id="s1-s1-s1" name="Produtos Tests" source="C:\Users\Laura\Documents\Programa de Bolsas Compass.UOL\RoboTron_LauraGehrke_DesafioFinal\tests\produtos_tests.robot">
<kw name="Criar Sessão" library="commons" type="SETUP">
<kw name="Create Session" library="RequestsLibrary">
<arg>serverest</arg>
<arg>${base_uri}</arg>
<doc>Create Session: create a HTTP session to a server</doc>
<msg timestamp="20220829 15:12:28.187" level="INFO">Creating Session using : alias=serverest, url=http://localhost:3000/, headers={},                     cookies={}, auth=None, timeout=None, proxies=None, verify=False,                     debug=0 </msg>
<status status="PASS" starttime="20220829 15:12:28.185" endtime="20220829 15:12:28.191"/>
</kw>
<status status="PASS" starttime="20220829 15:12:28.184" endtime="20220829 15:12:28.193"/>
</kw>
<test id="s1-s1-s1-t1" name="TC 15: GET - Listar produtos 200" line="9">
<kw name="GET Endpoint /produtos" library="produtos_kw">
<kw name="GET On Session" library="RequestsLibrary">
<var>${response}</var>
<arg>serverest</arg>
<arg>/produtos</arg>
<doc>Sends a GET request on a previously created HTTP Session.</doc>
<msg timestamp="20220829 15:12:28.225" level="INFO">GET Request : url=http://localhost:3000/produtos 
 path_url=/produtos 
 headers={'User-Agent': 'python-requests/2.28.1', 'Accept-Encoding': 'gzip, deflate', 'Accept': '*/*', 'Connection': 'keep-alive'} 
 body=None 
 </msg>
<msg timestamp="20220829 15:12:28.230" level="INFO">GET Response : url=http://localhost:3000/produtos 
 status=200, reason=OK 
 headers={'Access-Control-Allow-Origin': '*', 'x-dns-prefetch-control': 'off', 'x-frame-options': 'SAMEORIGIN', 'strict-transport-security': 'max-age=15552000; includeSubDomains', 'x-download-options': 'noopen', 'x-content-type-options': 'nosniff', 'x-xss-protection': '1; mode=block', 'x-moesif-transaction-id': 'f816b98c-381a-4bec-9ea6-50ce79248a51', 'Content-Type': 'application/json; charset=utf-8', 'Content-Length': '640', 'Date': 'Mon, 29 Aug 2022 18:12:28 GMT', 'Connection': 'keep-alive', 'Keep-Alive': 'timeout=5'} 
 body={
    "quantidade": 3,
    "produtos": [
        {
            "nome": "Logitech MX Vertical",
            "preco": 470,
            "descricao": "Mouse",
            "quantidade": 380,
            "_id": "BeeJh5lz3k6kSIzA"
        },
        {
            "nome": "Samsung 60 polegadas",
            "preco": 5040,
            "descricao": "TV samsung",
            "quantidade": 126,
            "_id": "K6leHdftCeOJj8BJ"
        },
        {
            "nome": "Smartphone",
            "preco": 3687,
            "descricao": "Painting stuff hit.",
            "quantidade": 100,
            "_id": "lQCzikDhnEwXs9mj"
        }
    ]
} 
 </msg>
<msg timestamp="20220829 15:12:28.234" level="INFO">${response} = &lt;Response [200]&gt;</msg>
<status status="PASS" starttime="20220829 15:12:28.199" endtime="20220829 15:12:28.237"/>
</kw>
<kw name="Set Global Variable" library="BuiltIn">
<arg>${response}</arg>
<doc>Makes a variable available globally in all tests and suites.</doc>
<msg timestamp="20220829 15:12:28.239" level="INFO">${response} = &lt;Response [200]&gt;</msg>
<status status="PASS" starttime="20220829 15:12:28.238" endtime="20220829 15:12:28.245"/>
</kw>
<status status="PASS" starttime="20220829 15:12:28.198" endtime="20220829 15:12:28.247"/>
</kw>
<kw name="Validar Status Code &quot;200&quot;" library="commons" sourcename="Validar Status Code &quot;${status_code}&quot;">
<kw name="Should Be True" library="BuiltIn">
<arg>${response.status_code} == ${status_code}</arg>
<doc>Fails if the given condition is not true.</doc>
<status status="PASS" starttime="20220829 15:12:28.251" endtime="20220829 15:12:28.255"/>
</kw>
<status status="PASS" starttime="20220829 15:12:28.249" endtime="20220829 15:12:28.256"/>
</kw>
<kw name="Mostrar Conteúdo da Resposta" library="commons">
<kw name="Log To Console" library="BuiltIn">
<arg>Resposta: ${response.content}</arg>
<doc>Logs the given message to the console.</doc>
<status status="PASS" starttime="20220829 15:12:28.259" endtime="20220829 15:12:28.267"/>
</kw>
<status status="PASS" starttime="20220829 15:12:28.257" endtime="20220829 15:12:28.268"/>
</kw>
<tag>tc15</tag>
<status status="PASS" starttime="20220829 15:12:28.194" endtime="20220829 15:12:28.282"/>
</test>
<test id="s1-s1-s1-t2" name="TC 16: POST - Cadastrar produto 201" line="15">
<kw name="Selecionar Login &quot;user_valido&quot;" library="login_kw" sourcename="Selecionar Login &quot;${val}&quot;">
<kw name="Importar JSON Estático" library="commons">
<var>${json}</var>
<arg>json_login.json</arg>
<kw name="Get File" library="OperatingSystem">
<var>${arquivo}</var>
<arg>${EXECDIR}/support/fixture/${nome_arquivo}</arg>
<doc>Returns the contents of a specified file.</doc>
<msg timestamp="20220829 15:12:28.326" level="INFO" html="true">Getting file '&lt;a href="file://C:\Users\Laura\Documents\Programa de Bolsas Compass.UOL\RoboTron_LauraGehrke_DesafioFinal\support\fixture\json_login.json"&gt;C:\Users\Laura\Documents\Programa de Bolsas Compass.UOL\RoboTron_LauraGehrke_DesafioFinal\support\fixture\json_login.json&lt;/a&gt;'.</msg>
<msg timestamp="20220829 15:12:28.334" level="INFO">${arquivo} = {
    "user_valido": {
        "email": "fulano@qa.com",
        "password": "teste"
    },
    "user_invalido": {
        "email": "email@inexistente.com",
        "password": "teste321"
    },
    "...</msg>
<status status="PASS" starttime="20220829 15:12:28.324" endtime="20220829 15:12:28.337"/>
</kw>
<kw name="Evaluate" library="BuiltIn">
<var>${data}</var>
<arg>json.loads('''${arquivo}''')</arg>
<arg>json</arg>
<doc>Evaluates the given expression in Python and returns the result.</doc>
<msg timestamp="20220829 15:12:28.340" level="INFO">${data} = {'user_valido': {'email': 'fulano@qa.com', 'password': 'teste'}, 'user_invalido': {'email': 'email@inexistente.com', 'password': 'teste321'}, 'user_senha_errada': {'email': 'fulano@qa.com', 'password'...</msg>
<status status="PASS" starttime="20220829 15:12:28.338" endtime="20220829 15:12:28.343"/>
</kw>
<msg timestamp="20220829 15:12:28.345" level="INFO">${json} = {'user_valido': {'email': 'fulano@qa.com', 'password': 'teste'}, 'user_invalido': {'email': 'email@inexistente.com', 'password': 'teste321'}, 'user_senha_errada': {'email': 'fulano@qa.com', 'password'...</msg>
<status status="PASS" starttime="20220829 15:12:28.320" endtime="20220829 15:12:28.347"/>
</kw>
<kw name="Set Variable" library="BuiltIn">
<var>${payload}</var>
<arg>${json["${val}"]}</arg>
<doc>Returns the given values which can then be assigned to a variables.</doc>
<msg timestamp="20220829 15:12:28.354" level="INFO">${payload} = {'email': 'fulano@qa.com', 'password': 'teste'}</msg>
<status status="PASS" starttime="20220829 15:12:28.348" endtime="20220829 15:12:28.357"/>
</kw>
<kw name="Set Global Variable" library="BuiltIn">
<arg>${payload}</arg>
<doc>Makes a variable available globally in all tests and suites.</doc>
<msg timestamp="20220829 15:12:28.361" level="INFO">${payload} = {'email': 'fulano@qa.com', 'password': 'teste'}</msg>
<status status="PASS" starttime="20220829 15:12:28.359" endtime="20220829 15:12:28.364"/>
</kw>
<status status="PASS" starttime="20220829 15:12:28.318" endtime="20220829 15:12:28.366"/>
</kw>
<kw name="POST Endpoint /login" library="login_kw">
<kw name="POST On Session" library="RequestsLibrary">
<var>${response}</var>
<arg>serverest</arg>
<arg>/login</arg>
<arg>json=&amp;{payload}</arg>
<arg>expected_status=any</arg>
<doc>Sends a POST request on a previously created HTTP Session.</doc>
<msg timestamp="20220829 15:12:28.387" level="INFO">POST Request : url=http://localhost:3000/login 
 path_url=/login 
 headers={'User-Agent': 'python-requests/2.28.1', 'Accept-Encoding': 'gzip, deflate', 'Accept': '*/*', 'Connection': 'keep-alive', 'Content-Length': '47', 'Content-Type': 'application/json'} 
 body=b'{"email": "fulano@qa.com", "password": "teste"}' 
 </msg>
<msg timestamp="20220829 15:12:28.390" level="INFO">POST Response : url=http://localhost:3000/login 
 status=200, reason=OK 
 headers={'Access-Control-Allow-Origin': '*', 'x-dns-prefetch-control': 'off', 'x-frame-options': 'SAMEORIGIN', 'strict-transport-security': 'max-age=15552000; includeSubDomains', 'x-download-options': 'noopen', 'x-content-type-options': 'nosniff', 'x-xss-protection': '1; mode=block', 'x-moesif-transaction-id': 'd295a2dd-966f-45b1-90be-7d6d333d6e86', 'Content-Type': 'application/json; charset=utf-8', 'Content-Length': '265', 'Date': 'Mon, 29 Aug 2022 18:12:28 GMT', 'Connection': 'keep-alive', 'Keep-Alive': 'timeout=5'} 
 body={
    "message": "Login realizado com sucesso",
    "authorization": "Bearer eyJhbGciOiJIUzI1NiIsInR5cCI6IkpXVCJ9.eyJlbWFpbCI6ImZ1bGFub0BxYS5jb20iLCJwYXNzd29yZCI6InRlc3RlIiwiaWF0IjoxNjYxNzk2NzQ4LCJleHAiOjE2NjE3OTczNDh9.pIaJg9BM5oWAJSZVkl6eizSNbDxv82rcRg8UyiOHreA"
} 
 </msg>
<msg timestamp="20220829 15:12:28.395" level="INFO">${response} = &lt;Response [200]&gt;</msg>
<status status="PASS" starttime="20220829 15:12:28.373" endtime="20220829 15:12:28.398"/>
</kw>
<kw name="Log To Console" library="BuiltIn">
<arg>Response: ${response.content}</arg>
<doc>Logs the given message to the console.</doc>
<status status="PASS" starttime="20220829 15:12:28.399" endtime="20220829 15:12:28.412"/>
</kw>
<kw name="Set Global Variable" library="BuiltIn">
<arg>${response}</arg>
<doc>Makes a variable available globally in all tests and suites.</doc>
<msg timestamp="20220829 15:12:28.415" level="INFO">${response} = &lt;Response [200]&gt;</msg>
<status status="PASS" starttime="20220829 15:12:28.413" endtime="20220829 15:12:28.420"/>
</kw>
<status status="PASS" starttime="20220829 15:12:28.370" endtime="20220829 15:12:28.421"/>
</kw>
<kw name="Guardar Token" library="login_kw">
<kw name="Set Variable" library="BuiltIn">
<var>${token}</var>
<arg>${response.json()["authorization"]}</arg>
<doc>Returns the given values which can then be assigned to a variables.</doc>
<msg timestamp="20220829 15:12:28.428" level="INFO">${token} = Bearer eyJhbGciOiJIUzI1NiIsInR5cCI6IkpXVCJ9.eyJlbWFpbCI6ImZ1bGFub0BxYS5jb20iLCJwYXNzd29yZCI6InRlc3RlIiwiaWF0IjoxNjYxNzk2NzQ4LCJleHAiOjE2NjE3OTczNDh9.pIaJg9BM5oWAJSZVkl6eizSNbDxv82rcRg8UyiOHreA</msg>
<status status="PASS" starttime="20220829 15:12:28.424" endtime="20220829 15:12:28.431"/>
</kw>
<kw name="Set Global Variable" library="BuiltIn">
<arg>${token}</arg>
<doc>Makes a variable available globally in all tests and suites.</doc>
<msg timestamp="20220829 15:12:28.433" level="INFO">${token} = Bearer eyJhbGciOiJIUzI1NiIsInR5cCI6IkpXVCJ9.eyJlbWFpbCI6ImZ1bGFub0BxYS5jb20iLCJwYXNzd29yZCI6InRlc3RlIiwiaWF0IjoxNjYxNzk2NzQ4LCJleHAiOjE2NjE3OTczNDh9.pIaJg9BM5oWAJSZVkl6eizSNbDxv82rcRg8UyiOHreA</msg>
<status status="PASS" starttime="20220829 15:12:28.431" endtime="20220829 15:12:28.436"/>
</kw>
<status status="PASS" starttime="20220829 15:12:28.422" endtime="20220829 15:12:28.437"/>
</kw>
<kw name="Criar Dados Produto" library="dynamics">
<kw name="Word" library="FakerLibrary">
<var>${nome}</var>
<arg>ext_word_list=['Mouse', 'Teclado', 'Monitor', 'TV', 'Celular', 'Fone de ouvido', 'Carregador', 'Smartwatch']</arg>
<doc>Generate a word.</doc>
<msg timestamp="20220829 15:12:28.443" level="INFO">${nome} = Monitor</msg>
<status status="PASS" starttime="20220829 15:12:28.440" endtime="20220829 15:12:28.446"/>
</kw>
<kw name="Random Int" library="FakerLibrary">
<var>${preco}</var>
<arg>min=30</arg>
<doc>Generate a random integer between two integers ``min`` and ``max`` inclusive
while observing the provided ``step`` value.</doc>
<msg timestamp="20220829 15:12:28.448" level="INFO">${preco} = 6339</msg>
<status status="PASS" starttime="20220829 15:12:28.446" endtime="20220829 15:12:28.451"/>
</kw>
<kw name="Sentence" library="FakerLibrary">
<var>${descricao}</var>
<arg>nb_words=4</arg>
<doc>Generate a sentence.</doc>
<msg timestamp="20220829 15:12:28.454" level="INFO">${descricao} = Eye technology wish.</msg>
<status status="PASS" starttime="20220829 15:12:28.452" endtime="20220829 15:12:28.456"/>
</kw>
<kw name="Random Int" library="FakerLibrary">
<var>${quantidade}</var>
<arg>min=1</arg>
<arg>max=200</arg>
<doc>Generate a random integer between two integers ``min`` and ``max`` inclusive
while observing the provided ``step`` value.</doc>
<msg timestamp="20220829 15:12:28.464" level="INFO">${quantidade} = 146</msg>
<status status="PASS" starttime="20220829 15:12:28.458" endtime="20220829 15:12:28.467"/>
</kw>
<kw name="Create Dictionary" library="BuiltIn">
<var>${payload}</var>
<arg>nome=${nome}</arg>
<arg>preco=${preco}</arg>
<arg>descricao=${descricao}</arg>
<arg>quantidade=${quantidade}</arg>
<doc>Creates and returns a dictionary based on the given ``items``.</doc>
<msg timestamp="20220829 15:12:28.470" level="INFO">${payload} = {'nome': 'Monitor', 'preco': 6339, 'descricao': 'Eye technology wish.', 'quantidade': 146}</msg>
<status status="PASS" starttime="20220829 15:12:28.468" endtime="20220829 15:12:28.473"/>
</kw>
<kw name="Log To Console" library="BuiltIn">
<arg>${payload}</arg>
<doc>Logs the given message to the console.</doc>
<status status="PASS" starttime="20220829 15:12:28.477" endtime="20220829 15:12:28.480"/>
</kw>
<kw name="Set Global Variable" library="BuiltIn">
<arg>${payload}</arg>
<doc>Makes a variable available globally in all tests and suites.</doc>
<msg timestamp="20220829 15:12:28.483" level="INFO">${payload} = {'nome': 'Monitor', 'preco': 6339, 'descricao': 'Eye technology wish.', 'quantidade': 146}</msg>
<status status="PASS" starttime="20220829 15:12:28.481" endtime="20220829 15:12:28.486"/>
</kw>
<status status="PASS" starttime="20220829 15:12:28.439" endtime="20220829 15:12:28.487"/>
</kw>
<kw name="POST Endpoint /produtos" library="produtos_kw">
<kw name="Create Dictionary" library="BuiltIn">
<var>&amp;{header}</var>
<arg>Authorization=${token}</arg>
<doc>Creates and returns a dictionary based on the given ``items``.</doc>
<msg timestamp="20220829 15:12:28.492" level="INFO">&amp;{header} = { Authorization=Bearer eyJhbGciOiJIUzI1NiIsInR5cCI6IkpXVCJ9.eyJlbWFpbCI6ImZ1bGFub0BxYS5jb20iLCJwYXNzd29yZCI6InRlc3RlIiwiaWF0IjoxNjYxNzk2NzQ4LCJleHAiOjE2NjE3OTczNDh9.pIaJg9BM5oWAJSZVkl6eizSNbDxv82rcRg8...</msg>
<status status="PASS" starttime="20220829 15:12:28.489" endtime="20220829 15:12:28.496"/>
</kw>
<kw name="POST On Session" library="RequestsLibrary">
<var>${response}</var>
<arg>serverest</arg>
<arg>/produtos</arg>
<arg>data=&amp;{payload}</arg>
<arg>expected_status=any</arg>
<arg>headers=&amp;{header}</arg>
<doc>Sends a POST request on a previously created HTTP Session.</doc>
<msg timestamp="20220829 15:12:28.511" level="INFO">POST Request : url=http://localhost:3000/produtos 
 path_url=/produtos 
 headers={'User-Agent': 'python-requests/2.28.1', 'Accept-Encoding': 'gzip, deflate', 'Accept': '*/*', 'Connection': 'keep-alive', 'Authorization': 'Bearer eyJhbGciOiJIUzI1NiIsInR5cCI6IkpXVCJ9.eyJlbWFpbCI6ImZ1bGFub0BxYS5jb20iLCJwYXNzd29yZCI6InRlc3RlIiwiaWF0IjoxNjYxNzk2NzQ4LCJleHAiOjE2NjE3OTczNDh9.pIaJg9BM5oWAJSZVkl6eizSNbDxv82rcRg8UyiOHreA', 'Content-Length': '69', 'Content-Type': 'application/x-www-form-urlencoded'} 
 body=nome=Monitor&amp;preco=6339&amp;descricao=Eye+technology+wish.&amp;quantidade=146 
 </msg>
<msg timestamp="20220829 15:12:28.514" level="INFO">POST Response : url=http://localhost:3000/produtos 
 status=201, reason=Created 
 headers={'Access-Control-Allow-Origin': '*', 'x-dns-prefetch-control': 'off', 'x-frame-options': 'SAMEORIGIN', 'strict-transport-security': 'max-age=15552000; includeSubDomains', 'x-download-options': 'noopen', 'x-content-type-options': 'nosniff', 'x-xss-protection': '1; mode=block', 'x-moesif-transaction-id': 'ef37cc2d-0050-4d35-b418-0714dfa9e09d', 'Content-Type': 'application/json; charset=utf-8', 'Content-Length': '82', 'Date': 'Mon, 29 Aug 2022 18:12:28 GMT', 'Connection': 'keep-alive', 'Keep-Alive': 'timeout=5'} 
 body={
    "message": "Cadastro realizado com sucesso",
    "_id": "RojBXpakFGZliQWD"
} 
 </msg>
<msg timestamp="20220829 15:12:28.517" level="INFO">${response} = &lt;Response [201]&gt;</msg>
<status status="PASS" starttime="20220829 15:12:28.496" endtime="20220829 15:12:28.519"/>
</kw>
<kw name="Log To Console" library="BuiltIn">
<arg>Resposta: ${response.content}</arg>
<doc>Logs the given message to the console.</doc>
<status status="PASS" starttime="20220829 15:12:28.520" endtime="20220829 15:12:28.525"/>
</kw>
<kw name="Set Global Variable" library="BuiltIn">
<arg>${response}</arg>
<doc>Makes a variable available globally in all tests and suites.</doc>
<msg timestamp="20220829 15:12:28.528" level="INFO">${response} = &lt;Response [201]&gt;</msg>
<status status="PASS" starttime="20220829 15:12:28.527" endtime="20220829 15:12:28.531"/>
</kw>
<status status="PASS" starttime="20220829 15:12:28.488" endtime="20220829 15:12:28.532"/>
</kw>
<kw name="Guardar ID" library="commons">
<kw name="Set Variable" library="BuiltIn">
<var>${id_guardado}</var>
<arg>${response.json()["_id"]}</arg>
<doc>Returns the given values which can then be assigned to a variables.</doc>
<msg timestamp="20220829 15:12:28.537" level="INFO">${id_guardado} = RojBXpakFGZliQWD</msg>
<status status="PASS" starttime="20220829 15:12:28.534" endtime="20220829 15:12:28.540"/>
</kw>
<kw name="Log To Console" library="BuiltIn">
<arg>ID salvo: ${id_guardado}</arg>
<doc>Logs the given message to the console.</doc>
<status status="PASS" starttime="20220829 15:12:28.541" endtime="20220829 15:12:28.543"/>
</kw>
<kw name="Set Global Variable" library="BuiltIn">
<arg>${id_guardado}</arg>
<doc>Makes a variable available globally in all tests and suites.</doc>
<msg timestamp="20220829 15:12:28.546" level="INFO">${id_guardado} = RojBXpakFGZliQWD</msg>
<status status="PASS" starttime="20220829 15:12:28.544" endtime="20220829 15:12:28.549"/>
</kw>
<status status="PASS" starttime="20220829 15:12:28.533" endtime="20220829 15:12:28.550"/>
</kw>
<kw name="Validar Status Code &quot;201&quot;" library="commons" sourcename="Validar Status Code &quot;${status_code}&quot;">
<kw name="Should Be True" library="BuiltIn">
<arg>${response.status_code} == ${status_code}</arg>
<doc>Fails if the given condition is not true.</doc>
<status status="PASS" starttime="20220829 15:12:28.552" endtime="20220829 15:12:28.556"/>
</kw>
<status status="PASS" starttime="20220829 15:12:28.551" endtime="20220829 15:12:28.557"/>
</kw>
<kw name="Validar Mensagem Contém &quot;sucesso&quot;" library="commons" sourcename="Validar Mensagem Contém &quot;${palavra}&quot;">
<kw name="Should Contain" library="BuiltIn">
<arg>${response.json()["message"]}</arg>
<arg>${palavra}</arg>
<doc>Fails if ``container`` does not contain ``item`` one or more times.</doc>
<status status="PASS" starttime="20220829 15:12:28.562" endtime="20220829 15:12:28.564"/>
</kw>
<status status="PASS" starttime="20220829 15:12:28.559" endtime="20220829 15:12:28.573"/>
</kw>
<kw name="DELETE Endpoint /produtos" library="produtos_kw">
<kw name="Create Dictionary" library="BuiltIn">
<var>&amp;{header}</var>
<arg>Authorization=${token}</arg>
<doc>Creates and returns a dictionary based on the given ``items``.</doc>
<msg timestamp="20220829 15:12:28.581" level="INFO">&amp;{header} = { Authorization=Bearer eyJhbGciOiJIUzI1NiIsInR5cCI6IkpXVCJ9.eyJlbWFpbCI6ImZ1bGFub0BxYS5jb20iLCJwYXNzd29yZCI6InRlc3RlIiwiaWF0IjoxNjYxNzk2NzQ4LCJleHAiOjE2NjE3OTczNDh9.pIaJg9BM5oWAJSZVkl6eizSNbDxv82rcRg8...</msg>
<status status="PASS" starttime="20220829 15:12:28.579" endtime="20220829 15:12:28.584"/>
</kw>
<kw name="DELETE On Session" library="RequestsLibrary">
<var>${response}</var>
<arg>serverest</arg>
<arg>/produtos/${id_guardado}</arg>
<arg>expected_status=any</arg>
<arg>headers=&amp;{header}</arg>
<doc>Sends a DELETE request on a previously created HTTP Session.</doc>
<msg timestamp="20220829 15:12:28.598" level="INFO">DELETE Request : url=http://localhost:3000/produtos/RojBXpakFGZliQWD 
 path_url=/produtos/RojBXpakFGZliQWD 
 headers={'User-Agent': 'python-requests/2.28.1', 'Accept-Encoding': 'gzip, deflate', 'Accept': '*/*', 'Connection': 'keep-alive', 'Authorization': 'Bearer eyJhbGciOiJIUzI1NiIsInR5cCI6IkpXVCJ9.eyJlbWFpbCI6ImZ1bGFub0BxYS5jb20iLCJwYXNzd29yZCI6InRlc3RlIiwiaWF0IjoxNjYxNzk2NzQ4LCJleHAiOjE2NjE3OTczNDh9.pIaJg9BM5oWAJSZVkl6eizSNbDxv82rcRg8UyiOHreA', 'Content-Length': '0'} 
 body=None 
 </msg>
<msg timestamp="20220829 15:12:28.601" level="INFO">DELETE Response : url=http://localhost:3000/produtos/RojBXpakFGZliQWD 
 status=200, reason=OK 
 headers={'Access-Control-Allow-Origin': '*', 'x-dns-prefetch-control': 'off', 'x-frame-options': 'SAMEORIGIN', 'strict-transport-security': 'max-age=15552000; includeSubDomains', 'x-download-options': 'noopen', 'x-content-type-options': 'nosniff', 'x-xss-protection': '1; mode=block', 'x-moesif-transaction-id': '4d756fcb-ba02-48c7-ba35-631809bff7e1', 'Content-Type': 'application/json; charset=utf-8', 'Content-Length': '51', 'Date': 'Mon, 29 Aug 2022 18:12:28 GMT', 'Connection': 'keep-alive', 'Keep-Alive': 'timeout=5'} 
 body={
    "message": "Registro excluído com sucesso"
} 
 </msg>
<msg timestamp="20220829 15:12:28.604" level="INFO">${response} = &lt;Response [200]&gt;</msg>
<status status="PASS" starttime="20220829 15:12:28.585" endtime="20220829 15:12:28.606"/>
</kw>
<kw name="Log To Console" library="BuiltIn">
<arg>Response:${response.content}</arg>
<doc>Logs the given message to the console.</doc>
<status status="PASS" starttime="20220829 15:12:28.607" endtime="20220829 15:12:28.611"/>
</kw>
<kw name="Set Global Variable" library="BuiltIn">
<arg>${response}</arg>
<doc>Makes a variable available globally in all tests and suites.</doc>
<msg timestamp="20220829 15:12:28.614" level="INFO">${response} = &lt;Response [200]&gt;</msg>
<status status="PASS" starttime="20220829 15:12:28.612" endtime="20220829 15:12:28.616"/>
</kw>
<status status="PASS" starttime="20220829 15:12:28.578" endtime="20220829 15:12:28.617"/>
</kw>
<tag>tc16</tag>
<status status="PASS" starttime="20220829 15:12:28.310" endtime="20220829 15:12:28.619"/>
</test>
<test id="s1-s1-s1-t3" name="TC 17: POST - Cadastrar produto com nome já cadastrado 400" line="27">
<kw name="Selecionar Login &quot;user_valido&quot;" library="login_kw" sourcename="Selecionar Login &quot;${val}&quot;">
<kw name="Importar JSON Estático" library="commons">
<var>${json}</var>
<arg>json_login.json</arg>
<kw name="Get File" library="OperatingSystem">
<var>${arquivo}</var>
<arg>${EXECDIR}/support/fixture/${nome_arquivo}</arg>
<doc>Returns the contents of a specified file.</doc>
<msg timestamp="20220829 15:12:28.632" level="INFO" html="true">Getting file '&lt;a href="file://C:\Users\Laura\Documents\Programa de Bolsas Compass.UOL\RoboTron_LauraGehrke_DesafioFinal\support\fixture\json_login.json"&gt;C:\Users\Laura\Documents\Programa de Bolsas Compass.UOL\RoboTron_LauraGehrke_DesafioFinal\support\fixture\json_login.json&lt;/a&gt;'.</msg>
<msg timestamp="20220829 15:12:28.635" level="INFO">${arquivo} = {
    "user_valido": {
        "email": "fulano@qa.com",
        "password": "teste"
    },
    "user_invalido": {
        "email": "email@inexistente.com",
        "password": "teste321"
    },
    "...</msg>
<status status="PASS" starttime="20220829 15:12:28.630" endtime="20220829 15:12:28.637"/>
</kw>
<kw name="Evaluate" library="BuiltIn">
<var>${data}</var>
<arg>json.loads('''${arquivo}''')</arg>
<arg>json</arg>
<doc>Evaluates the given expression in Python and returns the result.</doc>
<msg timestamp="20220829 15:12:28.639" level="INFO">${data} = {'user_valido': {'email': 'fulano@qa.com', 'password': 'teste'}, 'user_invalido': {'email': 'email@inexistente.com', 'password': 'teste321'}, 'user_senha_errada': {'email': 'fulano@qa.com', 'password'...</msg>
<status status="PASS" starttime="20220829 15:12:28.638" endtime="20220829 15:12:28.642"/>
</kw>
<msg timestamp="20220829 15:12:28.643" level="INFO">${json} = {'user_valido': {'email': 'fulano@qa.com', 'password': 'teste'}, 'user_invalido': {'email': 'email@inexistente.com', 'password': 'teste321'}, 'user_senha_errada': {'email': 'fulano@qa.com', 'password'...</msg>
<status status="PASS" starttime="20220829 15:12:28.628" endtime="20220829 15:12:28.645"/>
</kw>
<kw name="Set Variable" library="BuiltIn">
<var>${payload}</var>
<arg>${json["${val}"]}</arg>
<doc>Returns the given values which can then be assigned to a variables.</doc>
<msg timestamp="20220829 15:12:28.649" level="INFO">${payload} = {'email': 'fulano@qa.com', 'password': 'teste'}</msg>
<status status="PASS" starttime="20220829 15:12:28.646" endtime="20220829 15:12:28.652"/>
</kw>
<kw name="Set Global Variable" library="BuiltIn">
<arg>${payload}</arg>
<doc>Makes a variable available globally in all tests and suites.</doc>
<msg timestamp="20220829 15:12:28.654" level="INFO">${payload} = {'email': 'fulano@qa.com', 'password': 'teste'}</msg>
<status status="PASS" starttime="20220829 15:12:28.652" endtime="20220829 15:12:28.657"/>
</kw>
<status status="PASS" starttime="20220829 15:12:28.625" endtime="20220829 15:12:28.658"/>
</kw>
<kw name="POST Endpoint /login" library="login_kw">
<kw name="POST On Session" library="RequestsLibrary">
<var>${response}</var>
<arg>serverest</arg>
<arg>/login</arg>
<arg>json=&amp;{payload}</arg>
<arg>expected_status=any</arg>
<doc>Sends a POST request on a previously created HTTP Session.</doc>
<msg timestamp="20220829 15:12:28.675" level="INFO">POST Request : url=http://localhost:3000/login 
 path_url=/login 
 headers={'User-Agent': 'python-requests/2.28.1', 'Accept-Encoding': 'gzip, deflate', 'Accept': '*/*', 'Connection': 'keep-alive', 'Content-Length': '47', 'Content-Type': 'application/json'} 
 body=b'{"email": "fulano@qa.com", "password": "teste"}' 
 </msg>
<msg timestamp="20220829 15:12:28.678" level="INFO">POST Response : url=http://localhost:3000/login 
 status=200, reason=OK 
 headers={'Access-Control-Allow-Origin': '*', 'x-dns-prefetch-control': 'off', 'x-frame-options': 'SAMEORIGIN', 'strict-transport-security': 'max-age=15552000; includeSubDomains', 'x-download-options': 'noopen', 'x-content-type-options': 'nosniff', 'x-xss-protection': '1; mode=block', 'x-moesif-transaction-id': '13617da2-e99a-421c-925c-8c6ab914f408', 'Content-Type': 'application/json; charset=utf-8', 'Content-Length': '265', 'Date': 'Mon, 29 Aug 2022 18:12:28 GMT', 'Connection': 'keep-alive', 'Keep-Alive': 'timeout=5'} 
 body={
    "message": "Login realizado com sucesso",
    "authorization": "Bearer eyJhbGciOiJIUzI1NiIsInR5cCI6IkpXVCJ9.eyJlbWFpbCI6ImZ1bGFub0BxYS5jb20iLCJwYXNzd29yZCI6InRlc3RlIiwiaWF0IjoxNjYxNzk2NzQ4LCJleHAiOjE2NjE3OTczNDh9.pIaJg9BM5oWAJSZVkl6eizSNbDxv82rcRg8UyiOHreA"
} 
 </msg>
<msg timestamp="20220829 15:12:28.680" level="INFO">${response} = &lt;Response [200]&gt;</msg>
<status status="PASS" starttime="20220829 15:12:28.664" endtime="20220829 15:12:28.683"/>
</kw>
<kw name="Log To Console" library="BuiltIn">
<arg>Response: ${response.content}</arg>
<doc>Logs the given message to the console.</doc>
<status status="PASS" starttime="20220829 15:12:28.684" endtime="20220829 15:12:28.697"/>
</kw>
<kw name="Set Global Variable" library="BuiltIn">
<arg>${response}</arg>
<doc>Makes a variable available globally in all tests and suites.</doc>
<msg timestamp="20220829 15:12:28.701" level="INFO">${response} = &lt;Response [200]&gt;</msg>
<status status="PASS" starttime="20220829 15:12:28.698" endtime="20220829 15:12:28.703"/>
</kw>
<status status="PASS" starttime="20220829 15:12:28.661" endtime="20220829 15:12:28.704"/>
</kw>
<kw name="Guardar Token" library="login_kw">
<kw name="Set Variable" library="BuiltIn">
<var>${token}</var>
<arg>${response.json()["authorization"]}</arg>
<doc>Returns the given values which can then be assigned to a variables.</doc>
<msg timestamp="20220829 15:12:28.717" level="INFO">${token} = Bearer eyJhbGciOiJIUzI1NiIsInR5cCI6IkpXVCJ9.eyJlbWFpbCI6ImZ1bGFub0BxYS5jb20iLCJwYXNzd29yZCI6InRlc3RlIiwiaWF0IjoxNjYxNzk2NzQ4LCJleHAiOjE2NjE3OTczNDh9.pIaJg9BM5oWAJSZVkl6eizSNbDxv82rcRg8UyiOHreA</msg>
<status status="PASS" starttime="20220829 15:12:28.715" endtime="20220829 15:12:28.725"/>
</kw>
<kw name="Set Global Variable" library="BuiltIn">
<arg>${token}</arg>
<doc>Makes a variable available globally in all tests and suites.</doc>
<msg timestamp="20220829 15:12:28.735" level="INFO">${token} = Bearer eyJhbGciOiJIUzI1NiIsInR5cCI6IkpXVCJ9.eyJlbWFpbCI6ImZ1bGFub0BxYS5jb20iLCJwYXNzd29yZCI6InRlc3RlIiwiaWF0IjoxNjYxNzk2NzQ4LCJleHAiOjE2NjE3OTczNDh9.pIaJg9BM5oWAJSZVkl6eizSNbDxv82rcRg8UyiOHreA</msg>
<status status="PASS" starttime="20220829 15:12:28.730" endtime="20220829 15:12:28.739"/>
</kw>
<status status="PASS" starttime="20220829 15:12:28.713" endtime="20220829 15:12:28.741"/>
</kw>
<kw name="Selecionar Produto Repetido" library="produtos_kw">
<kw name="Create Dictionary" library="BuiltIn">
<var>${payload}</var>
<arg>nome=Samsung 60 polegadas</arg>
<arg>preco=5000</arg>
<arg>descricao=TV samsung</arg>
<arg>quantidade=127</arg>
<doc>Creates and returns a dictionary based on the given ``items``.</doc>
<msg timestamp="20220829 15:12:28.749" level="INFO">${payload} = {'nome': 'Samsung 60 polegadas', 'preco': '5000', 'descricao': 'TV samsung', 'quantidade': '127'}</msg>
<status status="PASS" starttime="20220829 15:12:28.747" endtime="20220829 15:12:28.752"/>
</kw>
<kw name="Set Global Variable" library="BuiltIn">
<arg>${payload}</arg>
<doc>Makes a variable available globally in all tests and suites.</doc>
<msg timestamp="20220829 15:12:28.762" level="INFO">${payload} = {'nome': 'Samsung 60 polegadas', 'preco': '5000', 'descricao': 'TV samsung', 'quantidade': '127'}</msg>
<status status="PASS" starttime="20220829 15:12:28.753" endtime="20220829 15:12:28.766"/>
</kw>
<status status="PASS" starttime="20220829 15:12:28.745" endtime="20220829 15:12:28.766"/>
</kw>
<kw name="POST Endpoint /produtos" library="produtos_kw">
<kw name="Create Dictionary" library="BuiltIn">
<var>&amp;{header}</var>
<arg>Authorization=${token}</arg>
<doc>Creates and returns a dictionary based on the given ``items``.</doc>
<msg timestamp="20220829 15:12:28.784" level="INFO">&amp;{header} = { Authorization=Bearer eyJhbGciOiJIUzI1NiIsInR5cCI6IkpXVCJ9.eyJlbWFpbCI6ImZ1bGFub0BxYS5jb20iLCJwYXNzd29yZCI6InRlc3RlIiwiaWF0IjoxNjYxNzk2NzQ4LCJleHAiOjE2NjE3OTczNDh9.pIaJg9BM5oWAJSZVkl6eizSNbDxv82rcRg8...</msg>
<status status="PASS" starttime="20220829 15:12:28.781" endtime="20220829 15:12:28.787"/>
</kw>
<kw name="POST On Session" library="RequestsLibrary">
<var>${response}</var>
<arg>serverest</arg>
<arg>/produtos</arg>
<arg>data=&amp;{payload}</arg>
<arg>expected_status=any</arg>
<arg>headers=&amp;{header}</arg>
<doc>Sends a POST request on a previously created HTTP Session.</doc>
<msg timestamp="20220829 15:12:28.805" level="INFO">POST Request : url=http://localhost:3000/produtos 
 path_url=/produtos 
 headers={'User-Agent': 'python-requests/2.28.1', 'Accept-Encoding': 'gzip, deflate', 'Accept': '*/*', 'Connection': 'keep-alive', 'Authorization': 'Bearer eyJhbGciOiJIUzI1NiIsInR5cCI6IkpXVCJ9.eyJlbWFpbCI6ImZ1bGFub0BxYS5jb20iLCJwYXNzd29yZCI6InRlc3RlIiwiaWF0IjoxNjYxNzk2NzQ4LCJleHAiOjE2NjE3OTczNDh9.pIaJg9BM5oWAJSZVkl6eizSNbDxv82rcRg8UyiOHreA', 'Content-Length': '72', 'Content-Type': 'application/x-www-form-urlencoded'} 
 body=nome=Samsung+60+polegadas&amp;preco=5000&amp;descricao=TV+samsung&amp;quantidade=127 
 </msg>
<msg timestamp="20220829 15:12:28.812" level="INFO">POST Response : url=http://localhost:3000/produtos 
 status=400, reason=Bad Request 
 headers={'Access-Control-Allow-Origin': '*', 'x-dns-prefetch-control': 'off', 'x-frame-options': 'SAMEORIGIN', 'strict-transport-security': 'max-age=15552000; includeSubDomains', 'x-download-options': 'noopen', 'x-content-type-options': 'nosniff', 'x-xss-protection': '1; mode=block', 'x-moesif-transaction-id': 'f16370f7-4dfc-44a0-918c-32ba576c1e4b', 'Content-Type': 'application/json; charset=utf-8', 'Content-Length': '53', 'Date': 'Mon, 29 Aug 2022 18:12:28 GMT', 'Connection': 'keep-alive', 'Keep-Alive': 'timeout=5'} 
 body={
    "message": "Já existe produto com esse nome"
} 
 </msg>
<msg timestamp="20220829 15:12:28.815" level="INFO">${response} = &lt;Response [400]&gt;</msg>
<status status="PASS" starttime="20220829 15:12:28.791" endtime="20220829 15:12:28.817"/>
</kw>
<kw name="Log To Console" library="BuiltIn">
<arg>Resposta: ${response.content}</arg>
<doc>Logs the given message to the console.</doc>
<status status="PASS" starttime="20220829 15:12:28.818" endtime="20220829 15:12:28.837"/>
</kw>
<kw name="Set Global Variable" library="BuiltIn">
<arg>${response}</arg>
<doc>Makes a variable available globally in all tests and suites.</doc>
<msg timestamp="20220829 15:12:28.839" level="INFO">${response} = &lt;Response [400]&gt;</msg>
<status status="PASS" starttime="20220829 15:12:28.837" endtime="20220829 15:12:28.849"/>
</kw>
<status status="PASS" starttime="20220829 15:12:28.779" endtime="20220829 15:12:28.850"/>
</kw>
<kw name="Validar Status Code &quot;400&quot;" library="commons" sourcename="Validar Status Code &quot;${status_code}&quot;">
<kw name="Should Be True" library="BuiltIn">
<arg>${response.status_code} == ${status_code}</arg>
<doc>Fails if the given condition is not true.</doc>
<status status="PASS" starttime="20220829 15:12:28.855" endtime="20220829 15:12:28.861"/>
</kw>
<status status="PASS" starttime="20220829 15:12:28.853" endtime="20220829 15:12:28.862"/>
</kw>
<kw name="Validar Mensagem Contém &quot;Já existe&quot;" library="commons" sourcename="Validar Mensagem Contém &quot;${palavra}&quot;">
<kw name="Should Contain" library="BuiltIn">
<arg>${response.json()["message"]}</arg>
<arg>${palavra}</arg>
<doc>Fails if ``container`` does not contain ``item`` one or more times.</doc>
<status status="PASS" starttime="20220829 15:12:28.865" endtime="20220829 15:12:28.868"/>
</kw>
<status status="PASS" starttime="20220829 15:12:28.863" endtime="20220829 15:12:28.868"/>
</kw>
<tag>tc17</tag>
<status status="PASS" starttime="20220829 15:12:28.622" endtime="20220829 15:12:28.870"/>
</test>
<test id="s1-s1-s1-t4" name="TC 18: POST - Cadastrar produto sem login 401" line="37">
<kw name="Criar Dados Produto" library="dynamics">
<kw name="Word" library="FakerLibrary">
<var>${nome}</var>
<arg>ext_word_list=['Mouse', 'Teclado', 'Monitor', 'TV', 'Celular', 'Fone de ouvido', 'Carregador', 'Smartwatch']</arg>
<doc>Generate a word.</doc>
<msg timestamp="20220829 15:12:28.889" level="INFO">${nome} = TV</msg>
<status status="PASS" starttime="20220829 15:12:28.887" endtime="20220829 15:12:28.896"/>
</kw>
<kw name="Random Int" library="FakerLibrary">
<var>${preco}</var>
<arg>min=30</arg>
<doc>Generate a random integer between two integers ``min`` and ``max`` inclusive
while observing the provided ``step`` value.</doc>
<msg timestamp="20220829 15:12:28.899" level="INFO">${preco} = 8724</msg>
<status status="PASS" starttime="20220829 15:12:28.897" endtime="20220829 15:12:28.901"/>
</kw>
<kw name="Sentence" library="FakerLibrary">
<var>${descricao}</var>
<arg>nb_words=4</arg>
<doc>Generate a sentence.</doc>
<msg timestamp="20220829 15:12:28.910" level="INFO">${descricao} = Some carry up project.</msg>
<status status="PASS" starttime="20220829 15:12:28.902" endtime="20220829 15:12:28.913"/>
</kw>
<kw name="Random Int" library="FakerLibrary">
<var>${quantidade}</var>
<arg>min=1</arg>
<arg>max=200</arg>
<doc>Generate a random integer between two integers ``min`` and ``max`` inclusive
while observing the provided ``step`` value.</doc>
<msg timestamp="20220829 15:12:28.916" level="INFO">${quantidade} = 167</msg>
<status status="PASS" starttime="20220829 15:12:28.913" endtime="20220829 15:12:28.918"/>
</kw>
<kw name="Create Dictionary" library="BuiltIn">
<var>${payload}</var>
<arg>nome=${nome}</arg>
<arg>preco=${preco}</arg>
<arg>descricao=${descricao}</arg>
<arg>quantidade=${quantidade}</arg>
<doc>Creates and returns a dictionary based on the given ``items``.</doc>
<msg timestamp="20220829 15:12:28.922" level="INFO">${payload} = {'nome': 'TV', 'preco': 8724, 'descricao': 'Some carry up project.', 'quantidade': 167}</msg>
<status status="PASS" starttime="20220829 15:12:28.919" endtime="20220829 15:12:28.929"/>
</kw>
<kw name="Log To Console" library="BuiltIn">
<arg>${payload}</arg>
<doc>Logs the given message to the console.</doc>
<status status="PASS" starttime="20220829 15:12:28.930" endtime="20220829 15:12:28.932"/>
</kw>
<kw name="Set Global Variable" library="BuiltIn">
<arg>${payload}</arg>
<doc>Makes a variable available globally in all tests and suites.</doc>
<msg timestamp="20220829 15:12:28.935" level="INFO">${payload} = {'nome': 'TV', 'preco': 8724, 'descricao': 'Some carry up project.', 'quantidade': 167}</msg>
<status status="PASS" starttime="20220829 15:12:28.933" endtime="20220829 15:12:28.938"/>
</kw>
<status status="PASS" starttime="20220829 15:12:28.885" endtime="20220829 15:12:28.939"/>
</kw>
<kw name="POST Endpoint /produtos" library="produtos_kw">
<kw name="Create Dictionary" library="BuiltIn">
<var>&amp;{header}</var>
<arg>Authorization=${token}</arg>
<doc>Creates and returns a dictionary based on the given ``items``.</doc>
<msg timestamp="20220829 15:12:28.985" level="INFO">&amp;{header} = { Authorization=Bearer eyJhbGciOiJIUzI1NiIsInR5cCI6IkpXVCJ9.eyJlbWFpbCI6ImZ1bGFub0BxYS5jb20iLCJwYXNzd29yZCI6InRlc3RlIiwiaWF0IjoxNjYxNzk2NzQ4LCJleHAiOjE2NjE3OTczNDh9.pIaJg9BM5oWAJSZVkl6eizSNbDxv82rcRg8...</msg>
<status status="PASS" starttime="20220829 15:12:28.982" endtime="20220829 15:12:28.988"/>
</kw>
<kw name="POST On Session" library="RequestsLibrary">
<var>${response}</var>
<arg>serverest</arg>
<arg>/produtos</arg>
<arg>data=&amp;{payload}</arg>
<arg>expected_status=any</arg>
<arg>headers=&amp;{header}</arg>
<doc>Sends a POST request on a previously created HTTP Session.</doc>
<msg timestamp="20220829 15:12:29.021" level="INFO">POST Request : url=http://localhost:3000/produtos 
 path_url=/produtos 
 headers={'User-Agent': 'python-requests/2.28.1', 'Accept-Encoding': 'gzip, deflate', 'Accept': '*/*', 'Connection': 'keep-alive', 'Authorization': 'Bearer eyJhbGciOiJIUzI1NiIsInR5cCI6IkpXVCJ9.eyJlbWFpbCI6ImZ1bGFub0BxYS5jb20iLCJwYXNzd29yZCI6InRlc3RlIiwiaWF0IjoxNjYxNzk2NzQ4LCJleHAiOjE2NjE3OTczNDh9.pIaJg9BM5oWAJSZVkl6eizSNbDxv82rcRg8UyiOHreA', 'Content-Length': '66', 'Content-Type': 'application/x-www-form-urlencoded'} 
 body=nome=TV&amp;preco=8724&amp;descricao=Some+carry+up+project.&amp;quantidade=167 
 </msg>
<msg timestamp="20220829 15:12:29.030" level="INFO">POST Response : url=http://localhost:3000/produtos 
 status=201, reason=Created 
 headers={'Access-Control-Allow-Origin': '*', 'x-dns-prefetch-control': 'off', 'x-frame-options': 'SAMEORIGIN', 'strict-transport-security': 'max-age=15552000; includeSubDomains', 'x-download-options': 'noopen', 'x-content-type-options': 'nosniff', 'x-xss-protection': '1; mode=block', 'x-moesif-transaction-id': '68ae1c6b-8c5d-4d4d-96ca-97c7f816bcde', 'Content-Type': 'application/json; charset=utf-8', 'Content-Length': '82', 'Date': 'Mon, 29 Aug 2022 18:12:29 GMT', 'Connection': 'keep-alive', 'Keep-Alive': 'timeout=5'} 
 body={
    "message": "Cadastro realizado com sucesso",
    "_id": "YIXLe5fhIOO9sjkx"
} 
 </msg>
<msg timestamp="20220829 15:12:29.034" level="INFO">${response} = &lt;Response [201]&gt;</msg>
<status status="PASS" starttime="20220829 15:12:28.989" endtime="20220829 15:12:29.038"/>
</kw>
<kw name="Log To Console" library="BuiltIn">
<arg>Resposta: ${response.content}</arg>
<doc>Logs the given message to the console.</doc>
<status status="PASS" starttime="20220829 15:12:29.039" endtime="20220829 15:12:29.046"/>
</kw>
<kw name="Set Global Variable" library="BuiltIn">
<arg>${response}</arg>
<doc>Makes a variable available globally in all tests and suites.</doc>
<msg timestamp="20220829 15:12:29.049" level="INFO">${response} = &lt;Response [201]&gt;</msg>
<status status="PASS" starttime="20220829 15:12:29.047" endtime="20220829 15:12:29.051"/>
</kw>
<status status="PASS" starttime="20220829 15:12:28.981" endtime="20220829 15:12:29.052"/>
</kw>
<kw name="Validar Status Code &quot;401&quot;" library="commons" sourcename="Validar Status Code &quot;${status_code}&quot;">
<kw name="Should Be True" library="BuiltIn">
<arg>${response.status_code} == ${status_code}</arg>
<doc>Fails if the given condition is not true.</doc>
<msg timestamp="20220829 15:12:29.083" level="FAIL">'201 == 401' should be true.</msg>
<status status="FAIL" starttime="20220829 15:12:29.076" endtime="20220829 15:12:29.087"/>
</kw>
<status status="FAIL" starttime="20220829 15:12:29.070" endtime="20220829 15:12:29.092"/>
</kw>
<kw name="Validar Mensagem Contém &quot;ausente&quot;" library="commons" sourcename="Validar Mensagem Contém &quot;${palavra}&quot;">
<status status="NOT RUN" starttime="20220829 15:12:29.094" endtime="20220829 15:12:29.094"/>
</kw>
<tag>tc18</tag>
<status status="FAIL" starttime="20220829 15:12:28.880" endtime="20220829 15:12:29.102">'201 == 401' should be true.</status>
</test>
<test id="s1-s1-s1-t5" name="TC 19: POST - Cadastrar produto sem ser administrador 403" line="44">
<kw name="Selecionar Login &quot;user_nao_adm&quot;" library="login_kw" sourcename="Selecionar Login &quot;${val}&quot;">
<kw name="Importar JSON Estático" library="commons">
<var>${json}</var>
<arg>json_login.json</arg>
<kw name="Get File" library="OperatingSystem">
<var>${arquivo}</var>
<arg>${EXECDIR}/support/fixture/${nome_arquivo}</arg>
<doc>Returns the contents of a specified file.</doc>
<msg timestamp="20220829 15:12:29.182" level="INFO" html="true">Getting file '&lt;a href="file://C:\Users\Laura\Documents\Programa de Bolsas Compass.UOL\RoboTron_LauraGehrke_DesafioFinal\support\fixture\json_login.json"&gt;C:\Users\Laura\Documents\Programa de Bolsas Compass.UOL\RoboTron_LauraGehrke_DesafioFinal\support\fixture\json_login.json&lt;/a&gt;'.</msg>
<msg timestamp="20220829 15:12:29.186" level="INFO">${arquivo} = {
    "user_valido": {
        "email": "fulano@qa.com",
        "password": "teste"
    },
    "user_invalido": {
        "email": "email@inexistente.com",
        "password": "teste321"
    },
    "...</msg>
<status status="PASS" starttime="20220829 15:12:29.180" endtime="20220829 15:12:29.188"/>
</kw>
<kw name="Evaluate" library="BuiltIn">
<var>${data}</var>
<arg>json.loads('''${arquivo}''')</arg>
<arg>json</arg>
<doc>Evaluates the given expression in Python and returns the result.</doc>
<msg timestamp="20220829 15:12:29.194" level="INFO">${data} = {'user_valido': {'email': 'fulano@qa.com', 'password': 'teste'}, 'user_invalido': {'email': 'email@inexistente.com', 'password': 'teste321'}, 'user_senha_errada': {'email': 'fulano@qa.com', 'password'...</msg>
<status status="PASS" starttime="20220829 15:12:29.191" endtime="20220829 15:12:29.197"/>
</kw>
<msg timestamp="20220829 15:12:29.198" level="INFO">${json} = {'user_valido': {'email': 'fulano@qa.com', 'password': 'teste'}, 'user_invalido': {'email': 'email@inexistente.com', 'password': 'teste321'}, 'user_senha_errada': {'email': 'fulano@qa.com', 'password'...</msg>
<status status="PASS" starttime="20220829 15:12:29.178" endtime="20220829 15:12:29.201"/>
</kw>
<kw name="Set Variable" library="BuiltIn">
<var>${payload}</var>
<arg>${json["${val}"]}</arg>
<doc>Returns the given values which can then be assigned to a variables.</doc>
<msg timestamp="20220829 15:12:29.205" level="INFO">${payload} = {'email': 'rossg@gmail.com', 'password': 'senha11'}</msg>
<status status="PASS" starttime="20220829 15:12:29.202" endtime="20220829 15:12:29.214"/>
</kw>
<kw name="Set Global Variable" library="BuiltIn">
<arg>${payload}</arg>
<doc>Makes a variable available globally in all tests and suites.</doc>
<msg timestamp="20220829 15:12:29.217" level="INFO">${payload} = {'email': 'rossg@gmail.com', 'password': 'senha11'}</msg>
<status status="PASS" starttime="20220829 15:12:29.215" endtime="20220829 15:12:29.231"/>
</kw>
<status status="PASS" starttime="20220829 15:12:29.175" endtime="20220829 15:12:29.232"/>
</kw>
<kw name="POST Endpoint /login" library="login_kw">
<kw name="POST On Session" library="RequestsLibrary">
<var>${response}</var>
<arg>serverest</arg>
<arg>/login</arg>
<arg>json=&amp;{payload}</arg>
<arg>expected_status=any</arg>
<doc>Sends a POST request on a previously created HTTP Session.</doc>
<msg timestamp="20220829 15:12:29.251" level="INFO">POST Request : url=http://localhost:3000/login 
 path_url=/login 
 headers={'User-Agent': 'python-requests/2.28.1', 'Accept-Encoding': 'gzip, deflate', 'Accept': '*/*', 'Connection': 'keep-alive', 'Content-Length': '51', 'Content-Type': 'application/json'} 
 body=b'{"email": "rossg@gmail.com", "password": "senha11"}' 
 </msg>
<msg timestamp="20220829 15:12:29.254" level="INFO">POST Response : url=http://localhost:3000/login 
 status=200, reason=OK 
 headers={'Access-Control-Allow-Origin': '*', 'x-dns-prefetch-control': 'off', 'x-frame-options': 'SAMEORIGIN', 'strict-transport-security': 'max-age=15552000; includeSubDomains', 'x-download-options': 'noopen', 'x-content-type-options': 'nosniff', 'x-xss-protection': '1; mode=block', 'x-moesif-transaction-id': 'de51cd11-cff3-44ae-8dd8-c0c3a4d8e667', 'Content-Type': 'application/json; charset=utf-8', 'Content-Length': '271', 'Date': 'Mon, 29 Aug 2022 18:12:29 GMT', 'Connection': 'keep-alive', 'Keep-Alive': 'timeout=5'} 
 body={
    "message": "Login realizado com sucesso",
    "authorization": "Bearer eyJhbGciOiJIUzI1NiIsInR5cCI6IkpXVCJ9.eyJlbWFpbCI6InJvc3NnQGdtYWlsLmNvbSIsInBhc3N3b3JkIjoic2VuaGExMSIsImlhdCI6MTY2MTc5Njc0OSwiZXhwIjoxNjYxNzk3MzQ5fQ.XyiIemHW8ppnbqxgh33LjYQGIhDV58Pye_vnktYieCo"
} 
 </msg>
<msg timestamp="20220829 15:12:29.261" level="INFO">${response} = &lt;Response [200]&gt;</msg>
<status status="PASS" starttime="20220829 15:12:29.235" endtime="20220829 15:12:29.264"/>
</kw>
<kw name="Log To Console" library="BuiltIn">
<arg>Response: ${response.content}</arg>
<doc>Logs the given message to the console.</doc>
<status status="PASS" starttime="20220829 15:12:29.264" endtime="20220829 15:12:29.284"/>
</kw>
<kw name="Set Global Variable" library="BuiltIn">
<arg>${response}</arg>
<doc>Makes a variable available globally in all tests and suites.</doc>
<msg timestamp="20220829 15:12:29.287" level="INFO">${response} = &lt;Response [200]&gt;</msg>
<status status="PASS" starttime="20220829 15:12:29.285" endtime="20220829 15:12:29.294"/>
</kw>
<status status="PASS" starttime="20220829 15:12:29.233" endtime="20220829 15:12:29.295"/>
</kw>
<kw name="Guardar Token" library="login_kw">
<kw name="Set Variable" library="BuiltIn">
<var>${token}</var>
<arg>${response.json()["authorization"]}</arg>
<doc>Returns the given values which can then be assigned to a variables.</doc>
<msg timestamp="20220829 15:12:29.300" level="INFO">${token} = Bearer eyJhbGciOiJIUzI1NiIsInR5cCI6IkpXVCJ9.eyJlbWFpbCI6InJvc3NnQGdtYWlsLmNvbSIsInBhc3N3b3JkIjoic2VuaGExMSIsImlhdCI6MTY2MTc5Njc0OSwiZXhwIjoxNjYxNzk3MzQ5fQ.XyiIemHW8ppnbqxgh33LjYQGIhDV58Pye_vnktYieCo</msg>
<status status="PASS" starttime="20220829 15:12:29.298" endtime="20220829 15:12:29.303"/>
</kw>
<kw name="Set Global Variable" library="BuiltIn">
<arg>${token}</arg>
<doc>Makes a variable available globally in all tests and suites.</doc>
<msg timestamp="20220829 15:12:29.310" level="INFO">${token} = Bearer eyJhbGciOiJIUzI1NiIsInR5cCI6IkpXVCJ9.eyJlbWFpbCI6InJvc3NnQGdtYWlsLmNvbSIsInBhc3N3b3JkIjoic2VuaGExMSIsImlhdCI6MTY2MTc5Njc0OSwiZXhwIjoxNjYxNzk3MzQ5fQ.XyiIemHW8ppnbqxgh33LjYQGIhDV58Pye_vnktYieCo</msg>
<status status="PASS" starttime="20220829 15:12:29.304" endtime="20220829 15:12:29.313"/>
</kw>
<status status="PASS" starttime="20220829 15:12:29.296" endtime="20220829 15:12:29.314"/>
</kw>
<kw name="Criar Dados Produto" library="dynamics">
<kw name="Word" library="FakerLibrary">
<var>${nome}</var>
<arg>ext_word_list=['Mouse', 'Teclado', 'Monitor', 'TV', 'Celular', 'Fone de ouvido', 'Carregador', 'Smartwatch']</arg>
<doc>Generate a word.</doc>
<msg timestamp="20220829 15:12:29.344" level="INFO">${nome} = Smartwatch</msg>
<status status="PASS" starttime="20220829 15:12:29.342" endtime="20220829 15:12:29.347"/>
</kw>
<kw name="Random Int" library="FakerLibrary">
<var>${preco}</var>
<arg>min=30</arg>
<doc>Generate a random integer between two integers ``min`` and ``max`` inclusive
while observing the provided ``step`` value.</doc>
<msg timestamp="20220829 15:12:29.349" level="INFO">${preco} = 1943</msg>
<status status="PASS" starttime="20220829 15:12:29.348" endtime="20220829 15:12:29.353"/>
</kw>
<kw name="Sentence" library="FakerLibrary">
<var>${descricao}</var>
<arg>nb_words=4</arg>
<doc>Generate a sentence.</doc>
<msg timestamp="20220829 15:12:29.360" level="INFO">${descricao} = Night matter rule chair information.</msg>
<status status="PASS" starttime="20220829 15:12:29.358" endtime="20220829 15:12:29.363"/>
</kw>
<kw name="Random Int" library="FakerLibrary">
<var>${quantidade}</var>
<arg>min=1</arg>
<arg>max=200</arg>
<doc>Generate a random integer between two integers ``min`` and ``max`` inclusive
while observing the provided ``step`` value.</doc>
<msg timestamp="20220829 15:12:29.366" level="INFO">${quantidade} = 175</msg>
<status status="PASS" starttime="20220829 15:12:29.364" endtime="20220829 15:12:29.368"/>
</kw>
<kw name="Create Dictionary" library="BuiltIn">
<var>${payload}</var>
<arg>nome=${nome}</arg>
<arg>preco=${preco}</arg>
<arg>descricao=${descricao}</arg>
<arg>quantidade=${quantidade}</arg>
<doc>Creates and returns a dictionary based on the given ``items``.</doc>
<msg timestamp="20220829 15:12:29.371" level="INFO">${payload} = {'nome': 'Smartwatch', 'preco': 1943, 'descricao': 'Night matter rule chair information.', 'quantidade': 175}</msg>
<status status="PASS" starttime="20220829 15:12:29.369" endtime="20220829 15:12:29.376"/>
</kw>
<kw name="Log To Console" library="BuiltIn">
<arg>${payload}</arg>
<doc>Logs the given message to the console.</doc>
<status status="PASS" starttime="20220829 15:12:29.377" endtime="20220829 15:12:29.380"/>
</kw>
<kw name="Set Global Variable" library="BuiltIn">
<arg>${payload}</arg>
<doc>Makes a variable available globally in all tests and suites.</doc>
<msg timestamp="20220829 15:12:29.386" level="INFO">${payload} = {'nome': 'Smartwatch', 'preco': 1943, 'descricao': 'Night matter rule chair information.', 'quantidade': 175}</msg>
<status status="PASS" starttime="20220829 15:12:29.381" endtime="20220829 15:12:29.391"/>
</kw>
<status status="PASS" starttime="20220829 15:12:29.337" endtime="20220829 15:12:29.392"/>
</kw>
<kw name="POST Endpoint /produtos" library="produtos_kw">
<kw name="Create Dictionary" library="BuiltIn">
<var>&amp;{header}</var>
<arg>Authorization=${token}</arg>
<doc>Creates and returns a dictionary based on the given ``items``.</doc>
<msg timestamp="20220829 15:12:29.397" level="INFO">&amp;{header} = { Authorization=Bearer eyJhbGciOiJIUzI1NiIsInR5cCI6IkpXVCJ9.eyJlbWFpbCI6InJvc3NnQGdtYWlsLmNvbSIsInBhc3N3b3JkIjoic2VuaGExMSIsImlhdCI6MTY2MTc5Njc0OSwiZXhwIjoxNjYxNzk3MzQ5fQ.XyiIemHW8ppnbqxgh33LjYQGIhDV5...</msg>
<status status="PASS" starttime="20220829 15:12:29.395" endtime="20220829 15:12:29.401"/>
</kw>
<kw name="POST On Session" library="RequestsLibrary">
<var>${response}</var>
<arg>serverest</arg>
<arg>/produtos</arg>
<arg>data=&amp;{payload}</arg>
<arg>expected_status=any</arg>
<arg>headers=&amp;{header}</arg>
<doc>Sends a POST request on a previously created HTTP Session.</doc>
<msg timestamp="20220829 15:12:29.416" level="INFO">POST Request : url=http://localhost:3000/produtos 
 path_url=/produtos 
 headers={'User-Agent': 'python-requests/2.28.1', 'Accept-Encoding': 'gzip, deflate', 'Accept': '*/*', 'Connection': 'keep-alive', 'Authorization': 'Bearer eyJhbGciOiJIUzI1NiIsInR5cCI6IkpXVCJ9.eyJlbWFpbCI6InJvc3NnQGdtYWlsLmNvbSIsInBhc3N3b3JkIjoic2VuaGExMSIsImlhdCI6MTY2MTc5Njc0OSwiZXhwIjoxNjYxNzk3MzQ5fQ.XyiIemHW8ppnbqxgh33LjYQGIhDV58Pye_vnktYieCo', 'Content-Length': '88', 'Content-Type': 'application/x-www-form-urlencoded'} 
 body=nome=Smartwatch&amp;preco=1943&amp;descricao=Night+matter+rule+chair+information.&amp;quantidade=175 
 </msg>
<msg timestamp="20220829 15:12:29.420" level="INFO">POST Response : url=http://localhost:3000/produtos 
 status=403, reason=Forbidden 
 headers={'Access-Control-Allow-Origin': '*', 'x-dns-prefetch-control': 'off', 'x-frame-options': 'SAMEORIGIN', 'strict-transport-security': 'max-age=15552000; includeSubDomains', 'x-download-options': 'noopen', 'x-content-type-options': 'nosniff', 'x-xss-protection': '1; mode=block', 'x-moesif-transaction-id': 'cd52019f-ddf8-4924-931b-6ebd1f21f63b', 'Content-Type': 'application/json; charset=utf-8', 'Content-Length': '56', 'Date': 'Mon, 29 Aug 2022 18:12:29 GMT', 'Connection': 'keep-alive', 'Keep-Alive': 'timeout=5'} 
 body={
    "message": "Rota exclusiva para administradores"
} 
 </msg>
<msg timestamp="20220829 15:12:29.430" level="INFO">${response} = &lt;Response [403]&gt;</msg>
<status status="PASS" starttime="20220829 15:12:29.402" endtime="20220829 15:12:29.432"/>
</kw>
<kw name="Log To Console" library="BuiltIn">
<arg>Resposta: ${response.content}</arg>
<doc>Logs the given message to the console.</doc>
<status status="PASS" starttime="20220829 15:12:29.433" endtime="20220829 15:12:29.436"/>
</kw>
<kw name="Set Global Variable" library="BuiltIn">
<arg>${response}</arg>
<doc>Makes a variable available globally in all tests and suites.</doc>
<msg timestamp="20220829 15:12:29.439" level="INFO">${response} = &lt;Response [403]&gt;</msg>
<status status="PASS" starttime="20220829 15:12:29.437" endtime="20220829 15:12:29.444"/>
</kw>
<status status="PASS" starttime="20220829 15:12:29.393" endtime="20220829 15:12:29.445"/>
</kw>
<kw name="Validar Status Code &quot;403&quot;" library="commons" sourcename="Validar Status Code &quot;${status_code}&quot;">
<kw name="Should Be True" library="BuiltIn">
<arg>${response.status_code} == ${status_code}</arg>
<doc>Fails if the given condition is not true.</doc>
<status status="PASS" starttime="20220829 15:12:29.447" endtime="20220829 15:12:29.451"/>
</kw>
<status status="PASS" starttime="20220829 15:12:29.446" endtime="20220829 15:12:29.452"/>
</kw>
<kw name="Validar Mensagem Contém &quot;exclusiva&quot;" library="commons" sourcename="Validar Mensagem Contém &quot;${palavra}&quot;">
<kw name="Should Contain" library="BuiltIn">
<arg>${response.json()["message"]}</arg>
<arg>${palavra}</arg>
<doc>Fails if ``container`` does not contain ``item`` one or more times.</doc>
<status status="PASS" starttime="20220829 15:12:29.455" endtime="20220829 15:12:29.459"/>
</kw>
<status status="PASS" starttime="20220829 15:12:29.453" endtime="20220829 15:12:29.460"/>
</kw>
<tag>tc19</tag>
<status status="PASS" starttime="20220829 15:12:29.165" endtime="20220829 15:12:29.461"/>
</test>
<test id="s1-s1-s1-t6" name="TC 20: Buscar produto por ID válido 200" line="54">
<kw name="Seleciona ID &quot;BeeJh5lz3k6kSIzA&quot;" library="commons" sourcename="Seleciona ID &quot;${id}&quot;">
<kw name="Set Variable" library="BuiltIn">
<var>${id_guardado}</var>
<arg>${id}</arg>
<doc>Returns the given values which can then be assigned to a variables.</doc>
<msg timestamp="20220829 15:12:29.601" level="INFO">${id_guardado} = BeeJh5lz3k6kSIzA</msg>
<status status="PASS" starttime="20220829 15:12:29.599" endtime="20220829 15:12:29.604"/>
</kw>
<kw name="Set Global Variable" library="BuiltIn">
<arg>${id_guardado}</arg>
<doc>Makes a variable available globally in all tests and suites.</doc>
<msg timestamp="20220829 15:12:29.611" level="INFO">${id_guardado} = BeeJh5lz3k6kSIzA</msg>
<status status="PASS" starttime="20220829 15:12:29.609" endtime="20220829 15:12:29.614"/>
</kw>
<status status="PASS" starttime="20220829 15:12:29.597" endtime="20220829 15:12:29.615"/>
</kw>
<kw name="GET Endpoint /produtos/" library="produtos_kw">
<kw name="GET On Session" library="RequestsLibrary">
<var>${response}</var>
<arg>serverest</arg>
<arg>/produtos/${id_guardado}</arg>
<arg>expected_status=any</arg>
<doc>Sends a GET request on a previously created HTTP Session.</doc>
<msg timestamp="20220829 15:12:29.641" level="INFO">GET Request : url=http://localhost:3000/produtos/BeeJh5lz3k6kSIzA 
 path_url=/produtos/BeeJh5lz3k6kSIzA 
 headers={'User-Agent': 'python-requests/2.28.1', 'Accept-Encoding': 'gzip, deflate', 'Accept': '*/*', 'Connection': 'keep-alive'} 
 body=None 
 </msg>
<msg timestamp="20220829 15:12:29.644" level="INFO">GET Response : url=http://localhost:3000/produtos/BeeJh5lz3k6kSIzA 
 status=200, reason=OK 
 headers={'Access-Control-Allow-Origin': '*', 'x-dns-prefetch-control': 'off', 'x-frame-options': 'SAMEORIGIN', 'strict-transport-security': 'max-age=15552000; includeSubDomains', 'x-download-options': 'noopen', 'x-content-type-options': 'nosniff', 'x-xss-protection': '1; mode=block', 'x-moesif-transaction-id': '8ca9360e-805a-4956-9f91-1197799e465c', 'Content-Type': 'application/json; charset=utf-8', 'Content-Length': '136', 'Date': 'Mon, 29 Aug 2022 18:12:29 GMT', 'Connection': 'keep-alive', 'Keep-Alive': 'timeout=5'} 
 body={
    "nome": "Logitech MX Vertical",
    "preco": 470,
    "descricao": "Mouse",
    "quantidade": 380,
    "_id": "BeeJh5lz3k6kSIzA"
} 
 </msg>
<msg timestamp="20220829 15:12:29.647" level="INFO">${response} = &lt;Response [200]&gt;</msg>
<status status="PASS" starttime="20220829 15:12:29.625" endtime="20220829 15:12:29.649"/>
</kw>
<kw name="Log To Console" library="BuiltIn">
<arg>Resposta: ${response.content}</arg>
<doc>Logs the given message to the console.</doc>
<status status="PASS" starttime="20220829 15:12:29.650" endtime="20220829 15:12:29.667"/>
</kw>
<kw name="Set Global Variable" library="BuiltIn">
<arg>${response}</arg>
<doc>Makes a variable available globally in all tests and suites.</doc>
<msg timestamp="20220829 15:12:29.670" level="INFO">${response} = &lt;Response [200]&gt;</msg>
<status status="PASS" starttime="20220829 15:12:29.667" endtime="20220829 15:12:29.677"/>
</kw>
<status status="PASS" starttime="20220829 15:12:29.622" endtime="20220829 15:12:29.678"/>
</kw>
<kw name="Validar Status Code &quot;200&quot;" library="commons" sourcename="Validar Status Code &quot;${status_code}&quot;">
<kw name="Should Be True" library="BuiltIn">
<arg>${response.status_code} == ${status_code}</arg>
<doc>Fails if the given condition is not true.</doc>
<status status="PASS" starttime="20220829 15:12:29.684" endtime="20220829 15:12:29.694"/>
</kw>
<status status="PASS" starttime="20220829 15:12:29.682" endtime="20220829 15:12:29.695"/>
</kw>
<tag>tc20</tag>
<status status="PASS" starttime="20220829 15:12:29.586" endtime="20220829 15:12:29.701"/>
</test>
<test id="s1-s1-s1-t7" name="TC 21: Buscar produto inexistente 400" line="60">
<kw name="Seleciona ID &quot;0000000000000000&quot;" library="commons" sourcename="Seleciona ID &quot;${id}&quot;">
<kw name="Set Variable" library="BuiltIn">
<var>${id_guardado}</var>
<arg>${id}</arg>
<doc>Returns the given values which can then be assigned to a variables.</doc>
<msg timestamp="20220829 15:12:29.742" level="INFO">${id_guardado} = 0000000000000000</msg>
<status status="PASS" starttime="20220829 15:12:29.736" endtime="20220829 15:12:29.745"/>
</kw>
<kw name="Set Global Variable" library="BuiltIn">
<arg>${id_guardado}</arg>
<doc>Makes a variable available globally in all tests and suites.</doc>
<msg timestamp="20220829 15:12:29.748" level="INFO">${id_guardado} = 0000000000000000</msg>
<status status="PASS" starttime="20220829 15:12:29.746" endtime="20220829 15:12:29.751"/>
</kw>
<status status="PASS" starttime="20220829 15:12:29.734" endtime="20220829 15:12:29.752"/>
</kw>
<kw name="GET Endpoint /produtos/" library="produtos_kw">
<kw name="GET On Session" library="RequestsLibrary">
<var>${response}</var>
<arg>serverest</arg>
<arg>/produtos/${id_guardado}</arg>
<arg>expected_status=any</arg>
<doc>Sends a GET request on a previously created HTTP Session.</doc>
<msg timestamp="20220829 15:12:29.782" level="INFO">GET Request : url=http://localhost:3000/produtos/0000000000000000 
 path_url=/produtos/0000000000000000 
 headers={'User-Agent': 'python-requests/2.28.1', 'Accept-Encoding': 'gzip, deflate', 'Accept': '*/*', 'Connection': 'keep-alive'} 
 body=None 
 </msg>
<msg timestamp="20220829 15:12:29.787" level="INFO">GET Response : url=http://localhost:3000/produtos/0000000000000000 
 status=400, reason=Bad Request 
 headers={'Access-Control-Allow-Origin': '*', 'x-dns-prefetch-control': 'off', 'x-frame-options': 'SAMEORIGIN', 'strict-transport-security': 'max-age=15552000; includeSubDomains', 'x-download-options': 'noopen', 'x-content-type-options': 'nosniff', 'x-xss-protection': '1; mode=block', 'x-moesif-transaction-id': '61318bf9-a739-4789-9d40-f07ec2b9b440', 'Content-Type': 'application/json; charset=utf-8', 'Content-Length': '44', 'Date': 'Mon, 29 Aug 2022 18:12:29 GMT', 'Connection': 'keep-alive', 'Keep-Alive': 'timeout=5'} 
 body={
    "message": "Produto não encontrado"
} 
 </msg>
<msg timestamp="20220829 15:12:29.794" level="INFO">${response} = &lt;Response [400]&gt;</msg>
<status status="PASS" starttime="20220829 15:12:29.766" endtime="20220829 15:12:29.797"/>
</kw>
<kw name="Log To Console" library="BuiltIn">
<arg>Resposta: ${response.content}</arg>
<doc>Logs the given message to the console.</doc>
<status status="PASS" starttime="20220829 15:12:29.798" endtime="20220829 15:12:29.814"/>
</kw>
<kw name="Set Global Variable" library="BuiltIn">
<arg>${response}</arg>
<doc>Makes a variable available globally in all tests and suites.</doc>
<msg timestamp="20220829 15:12:29.817" level="INFO">${response} = &lt;Response [400]&gt;</msg>
<status status="PASS" starttime="20220829 15:12:29.815" endtime="20220829 15:12:29.822"/>
</kw>
<status status="PASS" starttime="20220829 15:12:29.765" endtime="20220829 15:12:29.823"/>
</kw>
<kw name="Validar Status Code &quot;400&quot;" library="commons" sourcename="Validar Status Code &quot;${status_code}&quot;">
<kw name="Should Be True" library="BuiltIn">
<arg>${response.status_code} == ${status_code}</arg>
<doc>Fails if the given condition is not true.</doc>
<status status="PASS" starttime="20220829 15:12:29.832" endtime="20220829 15:12:29.840"/>
</kw>
<status status="PASS" starttime="20220829 15:12:29.830" endtime="20220829 15:12:29.841"/>
</kw>
<kw name="Validar Mensagem Contém &quot;não encontrado&quot;" library="commons" sourcename="Validar Mensagem Contém &quot;${palavra}&quot;">
<kw name="Should Contain" library="BuiltIn">
<arg>${response.json()["message"]}</arg>
<arg>${palavra}</arg>
<doc>Fails if ``container`` does not contain ``item`` one or more times.</doc>
<status status="PASS" starttime="20220829 15:12:29.845" endtime="20220829 15:12:29.847"/>
</kw>
<status status="PASS" starttime="20220829 15:12:29.843" endtime="20220829 15:12:29.848"/>
</kw>
<tag>tc21</tag>
<status status="PASS" starttime="20220829 15:12:29.728" endtime="20220829 15:12:29.851"/>
</test>
<test id="s1-s1-s1-t8" name="TC 22: Excluir Produto 200" line="67">
<kw name="Selecionar Login &quot;user_valido&quot;" library="login_kw" sourcename="Selecionar Login &quot;${val}&quot;">
<kw name="Importar JSON Estático" library="commons">
<var>${json}</var>
<arg>json_login.json</arg>
<kw name="Get File" library="OperatingSystem">
<var>${arquivo}</var>
<arg>${EXECDIR}/support/fixture/${nome_arquivo}</arg>
<doc>Returns the contents of a specified file.</doc>
<msg timestamp="20220829 15:12:29.887" level="INFO" html="true">Getting file '&lt;a href="file://C:\Users\Laura\Documents\Programa de Bolsas Compass.UOL\RoboTron_LauraGehrke_DesafioFinal\support\fixture\json_login.json"&gt;C:\Users\Laura\Documents\Programa de Bolsas Compass.UOL\RoboTron_LauraGehrke_DesafioFinal\support\fixture\json_login.json&lt;/a&gt;'.</msg>
<msg timestamp="20220829 15:12:29.894" level="INFO">${arquivo} = {
    "user_valido": {
        "email": "fulano@qa.com",
        "password": "teste"
    },
    "user_invalido": {
        "email": "email@inexistente.com",
        "password": "teste321"
    },
    "...</msg>
<status status="PASS" starttime="20220829 15:12:29.884" endtime="20220829 15:12:29.897"/>
</kw>
<kw name="Evaluate" library="BuiltIn">
<var>${data}</var>
<arg>json.loads('''${arquivo}''')</arg>
<arg>json</arg>
<doc>Evaluates the given expression in Python and returns the result.</doc>
<msg timestamp="20220829 15:12:29.899" level="INFO">${data} = {'user_valido': {'email': 'fulano@qa.com', 'password': 'teste'}, 'user_invalido': {'email': 'email@inexistente.com', 'password': 'teste321'}, 'user_senha_errada': {'email': 'fulano@qa.com', 'password'...</msg>
<status status="PASS" starttime="20220829 15:12:29.898" endtime="20220829 15:12:29.907"/>
</kw>
<msg timestamp="20220829 15:12:29.908" level="INFO">${json} = {'user_valido': {'email': 'fulano@qa.com', 'password': 'teste'}, 'user_invalido': {'email': 'email@inexistente.com', 'password': 'teste321'}, 'user_senha_errada': {'email': 'fulano@qa.com', 'password'...</msg>
<status status="PASS" starttime="20220829 15:12:29.882" endtime="20220829 15:12:29.913"/>
</kw>
<kw name="Set Variable" library="BuiltIn">
<var>${payload}</var>
<arg>${json["${val}"]}</arg>
<doc>Returns the given values which can then be assigned to a variables.</doc>
<msg timestamp="20220829 15:12:29.917" level="INFO">${payload} = {'email': 'fulano@qa.com', 'password': 'teste'}</msg>
<status status="PASS" starttime="20220829 15:12:29.914" endtime="20220829 15:12:29.922"/>
</kw>
<kw name="Set Global Variable" library="BuiltIn">
<arg>${payload}</arg>
<doc>Makes a variable available globally in all tests and suites.</doc>
<msg timestamp="20220829 15:12:29.925" level="INFO">${payload} = {'email': 'fulano@qa.com', 'password': 'teste'}</msg>
<status status="PASS" starttime="20220829 15:12:29.923" endtime="20220829 15:12:29.928"/>
</kw>
<status status="PASS" starttime="20220829 15:12:29.879" endtime="20220829 15:12:29.929"/>
</kw>
<kw name="POST Endpoint /login" library="login_kw">
<kw name="POST On Session" library="RequestsLibrary">
<var>${response}</var>
<arg>serverest</arg>
<arg>/login</arg>
<arg>json=&amp;{payload}</arg>
<arg>expected_status=any</arg>
<doc>Sends a POST request on a previously created HTTP Session.</doc>
<msg timestamp="20220829 15:12:29.959" level="INFO">POST Request : url=http://localhost:3000/login 
 path_url=/login 
 headers={'User-Agent': 'python-requests/2.28.1', 'Accept-Encoding': 'gzip, deflate', 'Accept': '*/*', 'Connection': 'keep-alive', 'Content-Length': '47', 'Content-Type': 'application/json'} 
 body=b'{"email": "fulano@qa.com", "password": "teste"}' 
 </msg>
<msg timestamp="20220829 15:12:29.962" level="INFO">POST Response : url=http://localhost:3000/login 
 status=200, reason=OK 
 headers={'Access-Control-Allow-Origin': '*', 'x-dns-prefetch-control': 'off', 'x-frame-options': 'SAMEORIGIN', 'strict-transport-security': 'max-age=15552000; includeSubDomains', 'x-download-options': 'noopen', 'x-content-type-options': 'nosniff', 'x-xss-protection': '1; mode=block', 'x-moesif-transaction-id': '3db906f6-10e4-41d8-977c-f82df61a057c', 'Content-Type': 'application/json; charset=utf-8', 'Content-Length': '265', 'Date': 'Mon, 29 Aug 2022 18:12:29 GMT', 'Connection': 'keep-alive', 'Keep-Alive': 'timeout=5'} 
 body={
    "message": "Login realizado com sucesso",
    "authorization": "Bearer eyJhbGciOiJIUzI1NiIsInR5cCI6IkpXVCJ9.eyJlbWFpbCI6ImZ1bGFub0BxYS5jb20iLCJwYXNzd29yZCI6InRlc3RlIiwiaWF0IjoxNjYxNzk2NzQ5LCJleHAiOjE2NjE3OTczNDl9.5sO9liK7xXZIjRidrjFqz3pyhi_ZOnmrKcZrmhgO5t4"
} 
 </msg>
<msg timestamp="20220829 15:12:29.965" level="INFO">${response} = &lt;Response [200]&gt;</msg>
<status status="PASS" starttime="20220829 15:12:29.943" endtime="20220829 15:12:29.968"/>
</kw>
<kw name="Log To Console" library="BuiltIn">
<arg>Response: ${response.content}</arg>
<doc>Logs the given message to the console.</doc>
<status status="PASS" starttime="20220829 15:12:29.968" endtime="20220829 15:12:29.982"/>
</kw>
<kw name="Set Global Variable" library="BuiltIn">
<arg>${response}</arg>
<doc>Makes a variable available globally in all tests and suites.</doc>
<msg timestamp="20220829 15:12:29.985" level="INFO">${response} = &lt;Response [200]&gt;</msg>
<status status="PASS" starttime="20220829 15:12:29.983" endtime="20220829 15:12:29.990"/>
</kw>
<status status="PASS" starttime="20220829 15:12:29.941" endtime="20220829 15:12:29.991"/>
</kw>
<kw name="Guardar Token" library="login_kw">
<kw name="Set Variable" library="BuiltIn">
<var>${token}</var>
<arg>${response.json()["authorization"]}</arg>
<doc>Returns the given values which can then be assigned to a variables.</doc>
<msg timestamp="20220829 15:12:29.998" level="INFO">${token} = Bearer eyJhbGciOiJIUzI1NiIsInR5cCI6IkpXVCJ9.eyJlbWFpbCI6ImZ1bGFub0BxYS5jb20iLCJwYXNzd29yZCI6InRlc3RlIiwiaWF0IjoxNjYxNzk2NzQ5LCJleHAiOjE2NjE3OTczNDl9.5sO9liK7xXZIjRidrjFqz3pyhi_ZOnmrKcZrmhgO5t4</msg>
<status status="PASS" starttime="20220829 15:12:29.995" endtime="20220829 15:12:30.001"/>
</kw>
<kw name="Set Global Variable" library="BuiltIn">
<arg>${token}</arg>
<doc>Makes a variable available globally in all tests and suites.</doc>
<msg timestamp="20220829 15:12:30.006" level="INFO">${token} = Bearer eyJhbGciOiJIUzI1NiIsInR5cCI6IkpXVCJ9.eyJlbWFpbCI6ImZ1bGFub0BxYS5jb20iLCJwYXNzd29yZCI6InRlc3RlIiwiaWF0IjoxNjYxNzk2NzQ5LCJleHAiOjE2NjE3OTczNDl9.5sO9liK7xXZIjRidrjFqz3pyhi_ZOnmrKcZrmhgO5t4</msg>
<status status="PASS" starttime="20220829 15:12:30.003" endtime="20220829 15:12:30.009"/>
</kw>
<status status="PASS" starttime="20220829 15:12:29.993" endtime="20220829 15:12:30.010"/>
</kw>
<kw name="Criar Dados Produto" library="dynamics">
<kw name="Word" library="FakerLibrary">
<var>${nome}</var>
<arg>ext_word_list=['Mouse', 'Teclado', 'Monitor', 'TV', 'Celular', 'Fone de ouvido', 'Carregador', 'Smartwatch']</arg>
<doc>Generate a word.</doc>
<msg timestamp="20220829 15:12:30.019" level="INFO">${nome} = Teclado</msg>
<status status="PASS" starttime="20220829 15:12:30.017" endtime="20220829 15:12:30.024"/>
</kw>
<kw name="Random Int" library="FakerLibrary">
<var>${preco}</var>
<arg>min=30</arg>
<doc>Generate a random integer between two integers ``min`` and ``max`` inclusive
while observing the provided ``step`` value.</doc>
<msg timestamp="20220829 15:12:30.027" level="INFO">${preco} = 9524</msg>
<status status="PASS" starttime="20220829 15:12:30.025" endtime="20220829 15:12:30.030"/>
</kw>
<kw name="Sentence" library="FakerLibrary">
<var>${descricao}</var>
<arg>nb_words=4</arg>
<doc>Generate a sentence.</doc>
<msg timestamp="20220829 15:12:30.032" level="INFO">${descricao} = Pm month.</msg>
<status status="PASS" starttime="20220829 15:12:30.030" endtime="20220829 15:12:30.040"/>
</kw>
<kw name="Random Int" library="FakerLibrary">
<var>${quantidade}</var>
<arg>min=1</arg>
<arg>max=200</arg>
<doc>Generate a random integer between two integers ``min`` and ``max`` inclusive
while observing the provided ``step`` value.</doc>
<msg timestamp="20220829 15:12:30.042" level="INFO">${quantidade} = 110</msg>
<status status="PASS" starttime="20220829 15:12:30.041" endtime="20220829 15:12:30.045"/>
</kw>
<kw name="Create Dictionary" library="BuiltIn">
<var>${payload}</var>
<arg>nome=${nome}</arg>
<arg>preco=${preco}</arg>
<arg>descricao=${descricao}</arg>
<arg>quantidade=${quantidade}</arg>
<doc>Creates and returns a dictionary based on the given ``items``.</doc>
<msg timestamp="20220829 15:12:30.049" level="INFO">${payload} = {'nome': 'Teclado', 'preco': 9524, 'descricao': 'Pm month.', 'quantidade': 110}</msg>
<status status="PASS" starttime="20220829 15:12:30.046" endtime="20220829 15:12:30.056"/>
</kw>
<kw name="Log To Console" library="BuiltIn">
<arg>${payload}</arg>
<doc>Logs the given message to the console.</doc>
<status status="PASS" starttime="20220829 15:12:30.056" endtime="20220829 15:12:30.063"/>
</kw>
<kw name="Set Global Variable" library="BuiltIn">
<arg>${payload}</arg>
<doc>Makes a variable available globally in all tests and suites.</doc>
<msg timestamp="20220829 15:12:30.066" level="INFO">${payload} = {'nome': 'Teclado', 'preco': 9524, 'descricao': 'Pm month.', 'quantidade': 110}</msg>
<status status="PASS" starttime="20220829 15:12:30.064" endtime="20220829 15:12:30.072"/>
</kw>
<status status="PASS" starttime="20220829 15:12:30.015" endtime="20220829 15:12:30.073"/>
</kw>
<kw name="POST Endpoint /produtos" library="produtos_kw">
<kw name="Create Dictionary" library="BuiltIn">
<var>&amp;{header}</var>
<arg>Authorization=${token}</arg>
<doc>Creates and returns a dictionary based on the given ``items``.</doc>
<msg timestamp="20220829 15:12:30.078" level="INFO">&amp;{header} = { Authorization=Bearer eyJhbGciOiJIUzI1NiIsInR5cCI6IkpXVCJ9.eyJlbWFpbCI6ImZ1bGFub0BxYS5jb20iLCJwYXNzd29yZCI6InRlc3RlIiwiaWF0IjoxNjYxNzk2NzQ5LCJleHAiOjE2NjE3OTczNDl9.5sO9liK7xXZIjRidrjFqz3pyhi_ZOnmrKcZ...</msg>
<status status="PASS" starttime="20220829 15:12:30.076" endtime="20220829 15:12:30.081"/>
</kw>
<kw name="POST On Session" library="RequestsLibrary">
<var>${response}</var>
<arg>serverest</arg>
<arg>/produtos</arg>
<arg>data=&amp;{payload}</arg>
<arg>expected_status=any</arg>
<arg>headers=&amp;{header}</arg>
<doc>Sends a POST request on a previously created HTTP Session.</doc>
<msg timestamp="20220829 15:12:30.109" level="INFO">POST Request : url=http://localhost:3000/produtos 
 path_url=/produtos 
 headers={'User-Agent': 'python-requests/2.28.1', 'Accept-Encoding': 'gzip, deflate', 'Accept': '*/*', 'Connection': 'keep-alive', 'Authorization': 'Bearer eyJhbGciOiJIUzI1NiIsInR5cCI6IkpXVCJ9.eyJlbWFpbCI6ImZ1bGFub0BxYS5jb20iLCJwYXNzd29yZCI6InRlc3RlIiwiaWF0IjoxNjYxNzk2NzQ5LCJleHAiOjE2NjE3OTczNDl9.5sO9liK7xXZIjRidrjFqz3pyhi_ZOnmrKcZrmhgO5t4', 'Content-Length': '58', 'Content-Type': 'application/x-www-form-urlencoded'} 
 body=nome=Teclado&amp;preco=9524&amp;descricao=Pm+month.&amp;quantidade=110 
 </msg>
<msg timestamp="20220829 15:12:30.113" level="INFO">POST Response : url=http://localhost:3000/produtos 
 status=201, reason=Created 
 headers={'Access-Control-Allow-Origin': '*', 'x-dns-prefetch-control': 'off', 'x-frame-options': 'SAMEORIGIN', 'strict-transport-security': 'max-age=15552000; includeSubDomains', 'x-download-options': 'noopen', 'x-content-type-options': 'nosniff', 'x-xss-protection': '1; mode=block', 'x-moesif-transaction-id': '3b5720b4-db24-4649-ae7b-b4f6eb76f8dd', 'Content-Type': 'application/json; charset=utf-8', 'Content-Length': '82', 'Date': 'Mon, 29 Aug 2022 18:12:30 GMT', 'Connection': 'keep-alive', 'Keep-Alive': 'timeout=5'} 
 body={
    "message": "Cadastro realizado com sucesso",
    "_id": "hOrPuDUSZor3Tp2W"
} 
 </msg>
<msg timestamp="20220829 15:12:30.118" level="INFO">${response} = &lt;Response [201]&gt;</msg>
<status status="PASS" starttime="20220829 15:12:30.082" endtime="20220829 15:12:30.123"/>
</kw>
<kw name="Log To Console" library="BuiltIn">
<arg>Resposta: ${response.content}</arg>
<doc>Logs the given message to the console.</doc>
<status status="PASS" starttime="20220829 15:12:30.124" endtime="20220829 15:12:30.131"/>
</kw>
<kw name="Set Global Variable" library="BuiltIn">
<arg>${response}</arg>
<doc>Makes a variable available globally in all tests and suites.</doc>
<msg timestamp="20220829 15:12:30.134" level="INFO">${response} = &lt;Response [201]&gt;</msg>
<status status="PASS" starttime="20220829 15:12:30.132" endtime="20220829 15:12:30.140"/>
</kw>
<status status="PASS" starttime="20220829 15:12:30.074" endtime="20220829 15:12:30.141"/>
</kw>
<kw name="Guardar ID" library="commons">
<kw name="Set Variable" library="BuiltIn">
<var>${id_guardado}</var>
<arg>${response.json()["_id"]}</arg>
<doc>Returns the given values which can then be assigned to a variables.</doc>
<msg timestamp="20220829 15:12:30.146" level="INFO">${id_guardado} = hOrPuDUSZor3Tp2W</msg>
<status status="PASS" starttime="20220829 15:12:30.143" endtime="20220829 15:12:30.149"/>
</kw>
<kw name="Log To Console" library="BuiltIn">
<arg>ID salvo: ${id_guardado}</arg>
<doc>Logs the given message to the console.</doc>
<status status="PASS" starttime="20220829 15:12:30.150" endtime="20220829 15:12:30.155"/>
</kw>
<kw name="Set Global Variable" library="BuiltIn">
<arg>${id_guardado}</arg>
<doc>Makes a variable available globally in all tests and suites.</doc>
<msg timestamp="20220829 15:12:30.159" level="INFO">${id_guardado} = hOrPuDUSZor3Tp2W</msg>
<status status="PASS" starttime="20220829 15:12:30.157" endtime="20220829 15:12:30.163"/>
</kw>
<status status="PASS" starttime="20220829 15:12:30.142" endtime="20220829 15:12:30.164"/>
</kw>
<kw name="DELETE Endpoint /produtos" library="produtos_kw">
<kw name="Create Dictionary" library="BuiltIn">
<var>&amp;{header}</var>
<arg>Authorization=${token}</arg>
<doc>Creates and returns a dictionary based on the given ``items``.</doc>
<msg timestamp="20220829 15:12:30.170" level="INFO">&amp;{header} = { Authorization=Bearer eyJhbGciOiJIUzI1NiIsInR5cCI6IkpXVCJ9.eyJlbWFpbCI6ImZ1bGFub0BxYS5jb20iLCJwYXNzd29yZCI6InRlc3RlIiwiaWF0IjoxNjYxNzk2NzQ5LCJleHAiOjE2NjE3OTczNDl9.5sO9liK7xXZIjRidrjFqz3pyhi_ZOnmrKcZ...</msg>
<status status="PASS" starttime="20220829 15:12:30.167" endtime="20220829 15:12:30.175"/>
</kw>
<kw name="DELETE On Session" library="RequestsLibrary">
<var>${response}</var>
<arg>serverest</arg>
<arg>/produtos/${id_guardado}</arg>
<arg>expected_status=any</arg>
<arg>headers=&amp;{header}</arg>
<doc>Sends a DELETE request on a previously created HTTP Session.</doc>
<msg timestamp="20220829 15:12:30.214" level="INFO">DELETE Request : url=http://localhost:3000/produtos/hOrPuDUSZor3Tp2W 
 path_url=/produtos/hOrPuDUSZor3Tp2W 
 headers={'User-Agent': 'python-requests/2.28.1', 'Accept-Encoding': 'gzip, deflate', 'Accept': '*/*', 'Connection': 'keep-alive', 'Authorization': 'Bearer eyJhbGciOiJIUzI1NiIsInR5cCI6IkpXVCJ9.eyJlbWFpbCI6ImZ1bGFub0BxYS5jb20iLCJwYXNzd29yZCI6InRlc3RlIiwiaWF0IjoxNjYxNzk2NzQ5LCJleHAiOjE2NjE3OTczNDl9.5sO9liK7xXZIjRidrjFqz3pyhi_ZOnmrKcZrmhgO5t4', 'Content-Length': '0'} 
 body=None 
 </msg>
<msg timestamp="20220829 15:12:30.224" level="INFO">DELETE Response : url=http://localhost:3000/produtos/hOrPuDUSZor3Tp2W 
 status=200, reason=OK 
 headers={'Access-Control-Allow-Origin': '*', 'x-dns-prefetch-control': 'off', 'x-frame-options': 'SAMEORIGIN', 'strict-transport-security': 'max-age=15552000; includeSubDomains', 'x-download-options': 'noopen', 'x-content-type-options': 'nosniff', 'x-xss-protection': '1; mode=block', 'x-moesif-transaction-id': 'c8f36f55-f26d-44d9-9f13-af906e98fc36', 'Content-Type': 'application/json; charset=utf-8', 'Content-Length': '51', 'Date': 'Mon, 29 Aug 2022 18:12:30 GMT', 'Connection': 'keep-alive', 'Keep-Alive': 'timeout=5'} 
 body={
    "message": "Registro excluído com sucesso"
} 
 </msg>
<msg timestamp="20220829 15:12:30.228" level="INFO">${response} = &lt;Response [200]&gt;</msg>
<status status="PASS" starttime="20220829 15:12:30.175" endtime="20220829 15:12:30.230"/>
</kw>
<kw name="Log To Console" library="BuiltIn">
<arg>Response:${response.content}</arg>
<doc>Logs the given message to the console.</doc>
<status status="PASS" starttime="20220829 15:12:30.231" endtime="20220829 15:12:30.241"/>
</kw>
<kw name="Set Global Variable" library="BuiltIn">
<arg>${response}</arg>
<doc>Makes a variable available globally in all tests and suites.</doc>
<msg timestamp="20220829 15:12:30.243" level="INFO">${response} = &lt;Response [200]&gt;</msg>
<status status="PASS" starttime="20220829 15:12:30.242" endtime="20220829 15:12:30.247"/>
</kw>
<status status="PASS" starttime="20220829 15:12:30.165" endtime="20220829 15:12:30.247"/>
</kw>
[...]
<status status="PASS" starttime="20220829 15:12:32.035" endtime="20220829 15:12:32.039"/>
</kw>
<kw name="PUT On Session" library="RequestsLibrary">
<var>${response}</var>
<arg>serverest</arg>
<arg>/produtos/${id_guardado}</arg>
<arg>data=&amp;{payload}</arg>
<arg>expected_status=any</arg>
<arg>headers=${header}</arg>
<doc>Sends a PUT request on a previously created HTTP Session.</doc>
<msg timestamp="20220829 15:12:32.058" level="INFO">PUT Request : url=http://localhost:3000/produtos/K6leHdftCeOJj8BJ 
 path_url=/produtos/K6leHdftCeOJj8BJ 
 headers={'User-Agent': 'python-requests/2.28.1', 'Accept-Encoding': 'gzip, deflate', 'Accept': '*/*', 'Connection': 'keep-alive', 'Authorization': 'Bearer eyJhbGciOiJIUzI1NiIsInR5cCI6IkpXVCJ9.eyJlbWFpbCI6ImZ1bGFub0BxYS5jb20iLCJwYXNzd29yZCI6InRlc3RlIiwiaWF0IjoxNjYxNzk2NzUxLCJleHAiOjE2NjE3OTczNTF9.1Ax0OJXbGeUc0qygh48NWg0QNqBQDh_0Yh-3BpaTnvE', 'Content-Length': '73', 'Content-Type': 'application/x-www-form-urlencoded'} 
 body=nome=Monitor&amp;preco=6968&amp;descricao=Window+choose+relate+its.&amp;quantidade=15 
 </msg>
<msg timestamp="20220829 15:12:32.061" level="INFO">PUT Response : url=http://localhost:3000/produtos/K6leHdftCeOJj8BJ 
 status=200, reason=OK 
 headers={'Access-Control-Allow-Origin': '*', 'x-dns-prefetch-control': 'off', 'x-frame-options': 'SAMEORIGIN', 'strict-transport-security': 'max-age=15552000; includeSubDomains', 'x-download-options': 'noopen', 'x-content-type-options': 'nosniff', 'x-xss-protection': '1; mode=block', 'x-moesif-transaction-id': '64eeaf9d-a091-40c6-b32b-d29da01aba7b', 'Content-Type': 'application/json; charset=utf-8', 'Content-Length': '50', 'Date': 'Mon, 29 Aug 2022 18:12:32 GMT', 'Connection': 'keep-alive', 'Keep-Alive': 'timeout=5'} 
 body={
    "message": "Registro alterado com sucesso"
} 
 </msg>
<msg timestamp="20220829 15:12:32.069" level="INFO">${response} = &lt;Response [200]&gt;</msg>
<status status="PASS" starttime="20220829 15:12:32.040" endtime="20220829 15:12:32.071"/>
</kw>
<kw name="Log To Console" library="BuiltIn">
<arg>Resposta: ${response.content}</arg>
<doc>Logs the given message to the console.</doc>
<status status="PASS" starttime="20220829 15:12:32.072" endtime="20220829 15:12:32.074"/>
</kw>
<kw name="Set Global Variable" library="BuiltIn">
<arg>${response}</arg>
<doc>Makes a variable available globally in all tests and suites.</doc>
<msg timestamp="20220829 15:12:32.076" level="INFO">${response} = &lt;Response [200]&gt;</msg>
<status status="PASS" starttime="20220829 15:12:32.075" endtime="20220829 15:12:32.082"/>
</kw>
<status status="PASS" starttime="20220829 15:12:32.027" endtime="20220829 15:12:32.084"/>
</kw>
<kw name="Validar Status Code &quot;401&quot;" library="commons" sourcename="Validar Status Code &quot;${status_code}&quot;">
<kw name="Should Be True" library="BuiltIn">
<arg>${response.status_code} == ${status_code}</arg>
<doc>Fails if the given condition is not true.</doc>
<msg timestamp="20220829 15:12:32.090" level="FAIL">'200 == 401' should be true.</msg>
<status status="FAIL" starttime="20220829 15:12:32.086" endtime="20220829 15:12:32.092"/>
</kw>
<status status="FAIL" starttime="20220829 15:12:32.085" endtime="20220829 15:12:32.094"/>
</kw>
<kw name="Validar Mensagem Contém &quot;inválido&quot;" library="commons" sourcename="Validar Mensagem Contém &quot;${palavra}&quot;">
<status status="NOT RUN" starttime="20220829 15:12:32.099" endtime="20220829 15:12:32.100"/>
</kw>
<tag>tc29</tag>
<status status="FAIL" starttime="20220829 15:12:31.953" endtime="20220829 15:12:32.101">'200 == 401' should be true.</status>
</test>
<test id="s1-s1-s1-t16" name="TC 30: Editar produto sem ser administrador 403" line="152">
<kw name="Selecionar Login &quot;user_nao_adm&quot;" library="login_kw" sourcename="Selecionar Login &quot;${val}&quot;">
<kw name="Importar JSON Estático" library="commons">
<var>${json}</var>
<arg>json_login.json</arg>
<kw name="Get File" library="OperatingSystem">
<var>${arquivo}</var>
<arg>${EXECDIR}/support/fixture/${nome_arquivo}</arg>
<doc>Returns the contents of a specified file.</doc>
<msg timestamp="20220829 15:12:32.116" level="INFO" html="true">Getting file '&lt;a href="file://C:\Users\Laura\Documents\Programa de Bolsas Compass.UOL\RoboTron_LauraGehrke_DesafioFinal\support\fixture\json_login.json"&gt;C:\Users\Laura\Documents\Programa de Bolsas Compass.UOL\RoboTron_LauraGehrke_DesafioFinal\support\fixture\json_login.json&lt;/a&gt;'.</msg>
<msg timestamp="20220829 15:12:32.121" level="INFO">${arquivo} = {
    "user_valido": {
        "email": "fulano@qa.com",
        "password": "teste"
    },
    "user_invalido": {
        "email": "email@inexistente.com",
        "password": "teste321"
    },
    "...</msg>
<status status="PASS" starttime="20220829 15:12:32.115" endtime="20220829 15:12:32.124"/>
</kw>
<kw name="Evaluate" library="BuiltIn">
<var>${data}</var>
<arg>json.loads('''${arquivo}''')</arg>
<arg>json</arg>
<doc>Evaluates the given expression in Python and returns the result.</doc>
<msg timestamp="20220829 15:12:32.126" level="INFO">${data} = {'user_valido': {'email': 'fulano@qa.com', 'password': 'teste'}, 'user_invalido': {'email': 'email@inexistente.com', 'password': 'teste321'}, 'user_senha_errada': {'email': 'fulano@qa.com', 'password'...</msg>
<status status="PASS" starttime="20220829 15:12:32.124" endtime="20220829 15:12:32.128"/>
</kw>
<msg timestamp="20220829 15:12:32.132" level="INFO">${json} = {'user_valido': {'email': 'fulano@qa.com', 'password': 'teste'}, 'user_invalido': {'email': 'email@inexistente.com', 'password': 'teste321'}, 'user_senha_errada': {'email': 'fulano@qa.com', 'password'...</msg>
<status status="PASS" starttime="20220829 15:12:32.110" endtime="20220829 15:12:32.134"/>
</kw>
<kw name="Set Variable" library="BuiltIn">
<var>${payload}</var>
<arg>${json["${val}"]}</arg>
<doc>Returns the given values which can then be assigned to a variables.</doc>
<msg timestamp="20220829 15:12:32.138" level="INFO">${payload} = {'email': 'rossg@gmail.com', 'password': 'senha11'}</msg>
<status status="PASS" starttime="20220829 15:12:32.135" endtime="20220829 15:12:32.140"/>
</kw>
<kw name="Set Global Variable" library="BuiltIn">
<arg>${payload}</arg>
<doc>Makes a variable available globally in all tests and suites.</doc>
<msg timestamp="20220829 15:12:32.142" level="INFO">${payload} = {'email': 'rossg@gmail.com', 'password': 'senha11'}</msg>
<status status="PASS" starttime="20220829 15:12:32.140" endtime="20220829 15:12:32.150"/>
</kw>
<status status="PASS" starttime="20220829 15:12:32.108" endtime="20220829 15:12:32.150"/>
</kw>
<kw name="POST Endpoint /login" library="login_kw">
<kw name="POST On Session" library="RequestsLibrary">
<var>${response}</var>
<arg>serverest</arg>
<arg>/login</arg>
<arg>json=&amp;{payload}</arg>
<arg>expected_status=any</arg>
<doc>Sends a POST request on a previously created HTTP Session.</doc>
<msg timestamp="20220829 15:12:32.161" level="INFO">POST Request : url=http://localhost:3000/login 
 path_url=/login 
 headers={'User-Agent': 'python-requests/2.28.1', 'Accept-Encoding': 'gzip, deflate', 'Accept': '*/*', 'Connection': 'keep-alive', 'Content-Length': '51', 'Content-Type': 'application/json'} 
 body=b'{"email": "rossg@gmail.com", "password": "senha11"}' 
 </msg>
<msg timestamp="20220829 15:12:32.170" level="INFO">POST Response : url=http://localhost:3000/login 
 status=200, reason=OK 
 headers={'Access-Control-Allow-Origin': '*', 'x-dns-prefetch-control': 'off', 'x-frame-options': 'SAMEORIGIN', 'strict-transport-security': 'max-age=15552000; includeSubDomains', 'x-download-options': 'noopen', 'x-content-type-options': 'nosniff', 'x-xss-protection': '1; mode=block', 'x-moesif-transaction-id': 'deeafa16-6dfe-41aa-b977-6cd0d4b20e39', 'Content-Type': 'application/json; charset=utf-8', 'Content-Length': '271', 'Date': 'Mon, 29 Aug 2022 18:12:32 GMT', 'Connection': 'keep-alive', 'Keep-Alive': 'timeout=5'} 
 body={
    "message": "Login realizado com sucesso",
    "authorization": "Bearer eyJhbGciOiJIUzI1NiIsInR5cCI6IkpXVCJ9.eyJlbWFpbCI6InJvc3NnQGdtYWlsLmNvbSIsInBhc3N3b3JkIjoic2VuaGExMSIsImlhdCI6MTY2MTc5Njc1MiwiZXhwIjoxNjYxNzk3MzUyfQ.vUp5eRxBarspWocir4cmXcmAPvSXqYWjk2WaJVRurwo"
} 
 </msg>
<msg timestamp="20220829 15:12:32.174" level="INFO">${response} = &lt;Response [200]&gt;</msg>
<status status="PASS" starttime="20220829 15:12:32.153" endtime="20220829 15:12:32.176"/>
</kw>
<kw name="Log To Console" library="BuiltIn">
<arg>Response: ${response.content}</arg>
<doc>Logs the given message to the console.</doc>
<status status="PASS" starttime="20220829 15:12:32.177" endtime="20220829 15:12:32.184"/>
</kw>
<kw name="Set Global Variable" library="BuiltIn">
<arg>${response}</arg>
<doc>Makes a variable available globally in all tests and suites.</doc>
<msg timestamp="20220829 15:12:32.187" level="INFO">${response} = &lt;Response [200]&gt;</msg>
<status status="PASS" starttime="20220829 15:12:32.185" endtime="20220829 15:12:32.189"/>
</kw>
<status status="PASS" starttime="20220829 15:12:32.152" endtime="20220829 15:12:32.190"/>
</kw>
<kw name="Guardar Token" library="login_kw">
<kw name="Set Variable" library="BuiltIn">
<var>${token}</var>
<arg>${response.json()["authorization"]}</arg>
<doc>Returns the given values which can then be assigned to a variables.</doc>
<msg timestamp="20220829 15:12:32.196" level="INFO">${token} = Bearer eyJhbGciOiJIUzI1NiIsInR5cCI6IkpXVCJ9.eyJlbWFpbCI6InJvc3NnQGdtYWlsLmNvbSIsInBhc3N3b3JkIjoic2VuaGExMSIsImlhdCI6MTY2MTc5Njc1MiwiZXhwIjoxNjYxNzk3MzUyfQ.vUp5eRxBarspWocir4cmXcmAPvSXqYWjk2WaJVRurwo</msg>
<status status="PASS" starttime="20220829 15:12:32.192" endtime="20220829 15:12:32.201"/>
</kw>
<kw name="Set Global Variable" library="BuiltIn">
<arg>${token}</arg>
<doc>Makes a variable available globally in all tests and suites.</doc>
<msg timestamp="20220829 15:12:32.205" level="INFO">${token} = Bearer eyJhbGciOiJIUzI1NiIsInR5cCI6IkpXVCJ9.eyJlbWFpbCI6InJvc3NnQGdtYWlsLmNvbSIsInBhc3N3b3JkIjoic2VuaGExMSIsImlhdCI6MTY2MTc5Njc1MiwiZXhwIjoxNjYxNzk3MzUyfQ.vUp5eRxBarspWocir4cmXcmAPvSXqYWjk2WaJVRurwo</msg>
<status status="PASS" starttime="20220829 15:12:32.202" endtime="20220829 15:12:32.210"/>
</kw>
<status status="PASS" starttime="20220829 15:12:32.191" endtime="20220829 15:12:32.211"/>
</kw>
<kw name="Criar Dados Produto" library="dynamics">
<kw name="Word" library="FakerLibrary">
<var>${nome}</var>
<arg>ext_word_list=['Mouse', 'Teclado', 'Monitor', 'TV', 'Celular', 'Fone de ouvido', 'Carregador', 'Smartwatch']</arg>
<doc>Generate a word.</doc>
<msg timestamp="20220829 15:12:32.221" level="INFO">${nome} = Teclado</msg>
<status status="PASS" starttime="20220829 15:12:32.219" endtime="20220829 15:12:32.224"/>
</kw>
<kw name="Random Int" library="FakerLibrary">
<var>${preco}</var>
<arg>min=30</arg>
<doc>Generate a random integer between two integers ``min`` and ``max`` inclusive
while observing the provided ``step`` value.</doc>
<msg timestamp="20220829 15:12:32.226" level="INFO">${preco} = 1518</msg>
<status status="PASS" starttime="20220829 15:12:32.224" endtime="20220829 15:12:32.233"/>
</kw>
<kw name="Sentence" library="FakerLibrary">
<var>${descricao}</var>
<arg>nb_words=4</arg>
<doc>Generate a sentence.</doc>
<msg timestamp="20220829 15:12:32.235" level="INFO">${descricao} = Form week region it.</msg>
<status status="PASS" starttime="20220829 15:12:32.233" endtime="20220829 15:12:32.239"/>
</kw>
<kw name="Random Int" library="FakerLibrary">
<var>${quantidade}</var>
<arg>min=1</arg>
<arg>max=200</arg>
<doc>Generate a random integer between two integers ``min`` and ``max`` inclusive
while observing the provided ``step`` value.</doc>
<msg timestamp="20220829 15:12:32.242" level="INFO">${quantidade} = 155</msg>
<status status="PASS" starttime="20220829 15:12:32.240" endtime="20220829 15:12:32.244"/>
</kw>
<kw name="Create Dictionary" library="BuiltIn">
<var>${payload}</var>
<arg>nome=${nome}</arg>
<arg>preco=${preco}</arg>
<arg>descricao=${descricao}</arg>
<arg>quantidade=${quantidade}</arg>
<doc>Creates and returns a dictionary based on the given ``items``.</doc>
<msg timestamp="20220829 15:12:32.252" level="INFO">${payload} = {'nome': 'Teclado', 'preco': 1518, 'descricao': 'Form week region it.', 'quantidade': 155}</msg>
<status status="PASS" starttime="20220829 15:12:32.249" endtime="20220829 15:12:32.254"/>
</kw>
<kw name="Log To Console" library="BuiltIn">
<arg>${payload}</arg>
<doc>Logs the given message to the console.</doc>
<status status="PASS" starttime="20220829 15:12:32.254" endtime="20220829 15:12:32.257"/>
</kw>
<kw name="Set Global Variable" library="BuiltIn">
<arg>${payload}</arg>
<doc>Makes a variable available globally in all tests and suites.</doc>
<msg timestamp="20220829 15:12:32.260" level="INFO">${payload} = {'nome': 'Teclado', 'preco': 1518, 'descricao': 'Form week region it.', 'quantidade': 155}</msg>
<status status="PASS" starttime="20220829 15:12:32.258" endtime="20220829 15:12:32.268"/>
</kw>
<status status="PASS" starttime="20220829 15:12:32.217" endtime="20220829 15:12:32.269"/>
</kw>
<kw name="Seleciona ID &quot;K6leHdftCeOJj8BJ&quot;" library="commons" sourcename="Seleciona ID &quot;${id}&quot;">
<kw name="Set Variable" library="BuiltIn">
<var>${id_guardado}</var>
<arg>${id}</arg>
<doc>Returns the given values which can then be assigned to a variables.</doc>
<msg timestamp="20220829 15:12:32.275" level="INFO">${id_guardado} = K6leHdftCeOJj8BJ</msg>
<status status="PASS" starttime="20220829 15:12:32.274" endtime="20220829 15:12:32.285"/>
</kw>
<kw name="Set Global Variable" library="BuiltIn">
<arg>${id_guardado}</arg>
<doc>Makes a variable available globally in all tests and suites.</doc>
<msg timestamp="20220829 15:12:32.287" level="INFO">${id_guardado} = K6leHdftCeOJj8BJ</msg>
<status status="PASS" starttime="20220829 15:12:32.285" endtime="20220829 15:12:32.290"/>
</kw>
<status status="PASS" starttime="20220829 15:12:32.272" endtime="20220829 15:12:32.291"/>
</kw>
<kw name="PUT Endpoint /produtos" library="produtos_kw">
<kw name="Create Dictionary" library="BuiltIn">
<var>&amp;{header}</var>
<arg>Authorization=${token}</arg>
<doc>Creates and returns a dictionary based on the given ``items``.</doc>
<msg timestamp="20220829 15:12:32.298" level="INFO">&amp;{header} = { Authorization=Bearer eyJhbGciOiJIUzI1NiIsInR5cCI6IkpXVCJ9.eyJlbWFpbCI6InJvc3NnQGdtYWlsLmNvbSIsInBhc3N3b3JkIjoic2VuaGExMSIsImlhdCI6MTY2MTc5Njc1MiwiZXhwIjoxNjYxNzk3MzUyfQ.vUp5eRxBarspWocir4cmXcmAPvSXq...</msg>
<status status="PASS" starttime="20220829 15:12:32.293" endtime="20220829 15:12:32.303"/>
</kw>
<kw name="PUT On Session" library="RequestsLibrary">
<var>${response}</var>
<arg>serverest</arg>
<arg>/produtos/${id_guardado}</arg>
<arg>data=&amp;{payload}</arg>
<arg>expected_status=any</arg>
<arg>headers=${header}</arg>
<doc>Sends a PUT request on a previously created HTTP Session.</doc>
<msg timestamp="20220829 15:12:32.320" level="INFO">PUT Request : url=http://localhost:3000/produtos/K6leHdftCeOJj8BJ 
 path_url=/produtos/K6leHdftCeOJj8BJ 
 headers={'User-Agent': 'python-requests/2.28.1', 'Accept-Encoding': 'gzip, deflate', 'Accept': '*/*', 'Connection': 'keep-alive', 'Authorization': 'Bearer eyJhbGciOiJIUzI1NiIsInR5cCI6IkpXVCJ9.eyJlbWFpbCI6InJvc3NnQGdtYWlsLmNvbSIsInBhc3N3b3JkIjoic2VuaGExMSIsImlhdCI6MTY2MTc5Njc1MiwiZXhwIjoxNjYxNzk3MzUyfQ.vUp5eRxBarspWocir4cmXcmAPvSXqYWjk2WaJVRurwo', 'Content-Length': '69', 'Content-Type': 'application/x-www-form-urlencoded'} 
 body=nome=Teclado&amp;preco=1518&amp;descricao=Form+week+region+it.&amp;quantidade=155 
 </msg>
<msg timestamp="20220829 15:12:32.323" level="INFO">PUT Response : url=http://localhost:3000/produtos/K6leHdftCeOJj8BJ 
 status=403, reason=Forbidden 
 headers={'Access-Control-Allow-Origin': '*', 'x-dns-prefetch-control': 'off', 'x-frame-options': 'SAMEORIGIN', 'strict-transport-security': 'max-age=15552000; includeSubDomains', 'x-download-options': 'noopen', 'x-content-type-options': 'nosniff', 'x-xss-protection': '1; mode=block', 'x-moesif-transaction-id': '1f25a662-e4ea-4684-a240-649c268616ed', 'Content-Type': 'application/json; charset=utf-8', 'Content-Length': '56', 'Date': 'Mon, 29 Aug 2022 18:12:32 GMT', 'Connection': 'keep-alive', 'Keep-Alive': 'timeout=5'} 
 body={
    "message": "Rota exclusiva para administradores"
} 
 </msg>
<msg timestamp="20220829 15:12:32.327" level="INFO">${response} = &lt;Response [403]&gt;</msg>
<status status="PASS" starttime="20220829 15:12:32.303" endtime="20220829 15:12:32.334"/>
</kw>
<kw name="Log To Console" library="BuiltIn">
<arg>Resposta: ${response.content}</arg>
<doc>Logs the given message to the console.</doc>
<status status="PASS" starttime="20220829 15:12:32.335" endtime="20220829 15:12:32.343"/>
</kw>
<kw name="Set Global Variable" library="BuiltIn">
<arg>${response}</arg>
<doc>Makes a variable available globally in all tests and suites.</doc>
<msg timestamp="20220829 15:12:32.349" level="INFO">${response} = &lt;Response [403]&gt;</msg>
<status status="PASS" starttime="20220829 15:12:32.344" endtime="20220829 15:12:32.352"/>
</kw>
<status status="PASS" starttime="20220829 15:12:32.292" endtime="20220829 15:12:32.353"/>
</kw>
<kw name="Validar Status Code &quot;403&quot;" library="commons" sourcename="Validar Status Code &quot;${status_code}&quot;">
<kw name="Should Be True" library="BuiltIn">
<arg>${response.status_code} == ${status_code}</arg>
<doc>Fails if the given condition is not true.</doc>
<status status="PASS" starttime="20220829 15:12:32.355" endtime="20220829 15:12:32.359"/>
</kw>
<status status="PASS" starttime="20220829 15:12:32.354" endtime="20220829 15:12:32.360"/>
</kw>
<kw name="Validar Mensagem Contém &quot;exclusiva&quot;" library="commons" sourcename="Validar Mensagem Contém &quot;${palavra}&quot;">
<kw name="Should Contain" library="BuiltIn">
<arg>${response.json()["message"]}</arg>
<arg>${palavra}</arg>
<doc>Fails if ``container`` does not contain ``item`` one or more times.</doc>
<status status="PASS" starttime="20220829 15:12:32.366" endtime="20220829 15:12:32.368"/>
</kw>
<status status="PASS" starttime="20220829 15:12:32.363" endtime="20220829 15:12:32.369"/>
</kw>
<tag>tc30</tag>
<status status="PASS" starttime="20220829 15:12:32.105" endtime="20220829 15:12:32.370"/>
</test>
<doc>Testes para o endpoint /produtos</doc>
<status status="FAIL" starttime="20220829 15:12:27.127" endtime="20220829 15:12:32.377"/>
</suite>
<status status="FAIL" starttime="20220829 15:12:27.120" endtime="20220829 15:12:32.393"/>
</suite>
<status status="FAIL" starttime="20220829 15:12:27.069" endtime="20220829 15:12:32.406"/>
</suite>
<statistics>
<total>
<stat pass="13" fail="3" skip="0">All Tests</stat>
</total>
<tag>
<stat pass="1" fail="0" skip="0">tc15</stat>
<stat pass="1" fail="0" skip="0">tc16</stat>
<stat pass="1" fail="0" skip="0">tc17</stat>
<stat pass="0" fail="1" skip="0">tc18</stat>
<stat pass="1" fail="0" skip="0">tc19</stat>
<stat pass="1" fail="0" skip="0">tc20</stat>
<stat pass="1" fail="0" skip="0">tc21</stat>
<stat pass="1" fail="0" skip="0">tc22</stat>
<stat pass="1" fail="0" skip="0">tc23</stat>
<stat pass="0" fail="1" skip="0">tc24</stat>
<stat pass="1" fail="0" skip="0">tc25</stat>
<stat pass="1" fail="0" skip="0">tc26</stat>
<stat pass="1" fail="0" skip="0">tc27</stat>
<stat pass="1" fail="0" skip="0">tc28</stat>
<stat pass="0" fail="1" skip="0">tc29</stat>
<stat pass="1" fail="0" skip="0">tc30</stat>
</tag>
<suite>
<stat pass="13" fail="3" skip="0" id="s1" name="RoboTron LauraGehrke DesafioFinal">RoboTron LauraGehrke DesafioFinal</stat>
<stat pass="13" fail="3" skip="0" id="s1-s1" name="Tests">RoboTron LauraGehrke DesafioFinal.Tests</stat>
<stat pass="13" fail="3" skip="0" id="s1-s1-s1" name="Produtos Tests">RoboTron LauraGehrke DesafioFinal.Tests.Produtos Tests</stat>
</suite>
</statistics>
<errors>
</errors>
</robot>
